   1              		.syntax unified
   2              		.cpu cortex-m4
   3              		.eabi_attribute 27, 3
   4              		.fpu fpv4-sp-d16
   5              		.eabi_attribute 20, 1
   6              		.eabi_attribute 21, 1
   7              		.eabi_attribute 23, 3
   8              		.eabi_attribute 24, 1
   9              		.eabi_attribute 25, 1
  10              		.eabi_attribute 26, 1
  11              		.eabi_attribute 30, 4
  12              		.eabi_attribute 34, 1
  13              		.eabi_attribute 18, 4
  14              		.thumb
  15              		.file	"ADCGlob001_Conf.c"
  16              		.global	ADCGLOB001_Handle0
  17              		.global	ADCGLOB001_DynamicData0
  18              		.section	.rodata
  19              		.align	2
  22              	ADCGLOB001_Handle0:
  23 0000 00400040 		.word	1073758208
  24 0004 00000000 		.word	ADCGLOB001_DynamicData0
  25 0008 0000     		.short	0
  26 000a 0000     		.short	0
  27 000c 03       		.byte	3
  28 000d 00       		.byte	0
  29 000e 00       		.byte	0
  30 000f 00       		.byte	0
  31 0010 00       		.byte	0
  32 0011 00       		.byte	0
  33 0012 02       		.byte	2
  34 0013 02       		.byte	2
  35 0014 02       		.byte	2
  36 0015 02       		.byte	2
  37 0016 01       		.byte	1
  38 0017 00       		.space	1
  39              		.bss
  42              	ADCGLOB001_DynamicData0:
  43 0000 00       		.space	1
  44              		.ident	"GCC: (GNU Tools for ARM Embedded Processors) 4.7.4 20130913 (release) [ARM/embedded-4_7-br
DEFINED SYMBOLS
                            *ABS*:00000000 ADCGlob001_Conf.c
C:\Users\Carlos\AppData\Local\Temp\cc4tBbQ7.s:22     .rodata:00000000 ADCGLOB001_Handle0
C:\Users\Carlos\AppData\Local\Temp\cc4tBbQ7.s:42     .bss:00000000 ADCGLOB001_DynamicData0
C:\Users\Carlos\AppData\Local\Temp\cc4tBbQ7.s:19     .rodata:00000000 $d
C:\Users\Carlos\AppData\Local\Temp\cc4tBbQ7.s:43     .bss:00000000 $d

NO UNDEFINED SYMBOLS
