   1              		.syntax unified
   2              		.cpu cortex-m4
   3              		.eabi_attribute 27, 3
   4              		.fpu fpv4-sp-d16
   5              		.eabi_attribute 20, 1
   6              		.eabi_attribute 21, 1
   7              		.eabi_attribute 23, 3
   8              		.eabi_attribute 24, 1
   9              		.eabi_attribute 25, 1
  10              		.eabi_attribute 26, 1
  11              		.eabi_attribute 30, 6
  12              		.eabi_attribute 34, 1
  13              		.eabi_attribute 18, 4
  14              		.thumb
  15              		.file	"IO004.c"
  16              		.text
  17              	.Ltext0:
  18              		.cfi_sections	.debug_frame
  19              		.section	.text.IO004_Init,"ax",%progbits
  20              		.align	2
  21              		.global	IO004_Init
  22              		.thumb
  23              		.thumb_func
  25              	IO004_Init:
  26              	.LFB117:
  27              		.file 1 "../Dave/Generated/src/IO004/IO004.c"
   1:../Dave/Generated/src/IO004/IO004.c **** /*******************************************************************************
   2:../Dave/Generated/src/IO004/IO004.c **** **  DAVE App Name : IO004       App Version: 1.0.22               
   3:../Dave/Generated/src/IO004/IO004.c **** **  This file is generated by DAVE, User modification to this file will be    **
   4:../Dave/Generated/src/IO004/IO004.c **** **  overwritten at the next code generation.                                  **
   5:../Dave/Generated/src/IO004/IO004.c **** *******************************************************************************/
   6:../Dave/Generated/src/IO004/IO004.c **** 
   7:../Dave/Generated/src/IO004/IO004.c **** 
   8:../Dave/Generated/src/IO004/IO004.c **** /*CODE_BLOCK_BEGIN[IO004.c]*/
   9:../Dave/Generated/src/IO004/IO004.c **** /*******************************************************************************
  10:../Dave/Generated/src/IO004/IO004.c ****  Copyright (c) 2012, Infineon Technologies AG                                 **
  11:../Dave/Generated/src/IO004/IO004.c ****  All rights reserved.                                                         **
  12:../Dave/Generated/src/IO004/IO004.c ****                                                                               **
  13:../Dave/Generated/src/IO004/IO004.c ****  Redistribution and use in source and binary forms, with or without           **
  14:../Dave/Generated/src/IO004/IO004.c ****  modification,are permitted provided that the following conditions are met:   **
  15:../Dave/Generated/src/IO004/IO004.c ****                                                                               **
  16:../Dave/Generated/src/IO004/IO004.c ****  *Redistributions of source code must retain the above copyright notice,      **
  17:../Dave/Generated/src/IO004/IO004.c ****  this list of conditions and the following disclaimer.                        **
  18:../Dave/Generated/src/IO004/IO004.c ****  *Redistributions in binary form must reproduce the above copyright notice,   **
  19:../Dave/Generated/src/IO004/IO004.c ****  this list of conditions and the following disclaimer in the documentation    **
  20:../Dave/Generated/src/IO004/IO004.c ****  and/or other materials provided with the distribution.                       **
  21:../Dave/Generated/src/IO004/IO004.c ****  *Neither the name of the copyright holders nor the names of its contributors **
  22:../Dave/Generated/src/IO004/IO004.c ****  may be used to endorse or promote products derived from this software without**
  23:../Dave/Generated/src/IO004/IO004.c ****  specific prior written permission.                                           **
  24:../Dave/Generated/src/IO004/IO004.c ****                                                                               **
  25:../Dave/Generated/src/IO004/IO004.c ****  THIS SOFTWARE IS PROVIDED BY THE COPYRIGHT HOLDERS AND CONTRIBUTORS "AS IS"  **
  26:../Dave/Generated/src/IO004/IO004.c ****  AND ANY EXPRESS OR IMPLIED WARRANTIES, INCLUDING, BUT NOT LIMITED TO, THE    **
  27:../Dave/Generated/src/IO004/IO004.c ****  IMPLIED WARRANTIES OF MERCHANTABILITY AND FITNESS FOR A PARTICULAR PURPOSE   **
  28:../Dave/Generated/src/IO004/IO004.c ****  ARE  DISCLAIMED. IN NO EVENT SHALL THE COPYRIGHT HOLDER OR CONTRIBUTORS BE   **
  29:../Dave/Generated/src/IO004/IO004.c ****  LIABLE  FOR ANY DIRECT, INDIRECT, INCIDENTAL, SPECIAL, EXEMPLARY, OR         **
  30:../Dave/Generated/src/IO004/IO004.c ****  CONSEQUENTIAL DAMAGES (INCLUDING, BUT NOT LIMITED TO, PROCUREMENT OF         **
  31:../Dave/Generated/src/IO004/IO004.c ****  SUBSTITUTE GOODS OR  SERVICES; LOSS OF USE, DATA, OR PROFITS; OR BUSINESS    **
  32:../Dave/Generated/src/IO004/IO004.c ****  INTERRUPTION) HOWEVER CAUSED AND ON ANY THEORY OF LIABILITY, WHETHER IN      **
  33:../Dave/Generated/src/IO004/IO004.c ****  CONTRACT, STRICT LIABILITY,OR TORT (INCLUDING NEGLIGENCE OR OTHERWISE)       **
  34:../Dave/Generated/src/IO004/IO004.c ****  ARISING IN ANY WAY OUT OF THE USE OF THIS SOFTWARE, EVEN IF ADVISED OF THE   **
  35:../Dave/Generated/src/IO004/IO004.c ****  POSSIBILITY OF SUCH DAMAGE.                                                  **
  36:../Dave/Generated/src/IO004/IO004.c ****                                                                               **
  37:../Dave/Generated/src/IO004/IO004.c ****  To improve the quality of the software, users are encouraged to share        **
  38:../Dave/Generated/src/IO004/IO004.c ****  modifications, enhancements or bug fixes with Infineon Technologies AG       **
  39:../Dave/Generated/src/IO004/IO004.c ****  dave@infineon.com).                                                          **
  40:../Dave/Generated/src/IO004/IO004.c ****                                                                               **
  41:../Dave/Generated/src/IO004/IO004.c **** ********************************************************************************
  42:../Dave/Generated/src/IO004/IO004.c **** **                                                                            **
  43:../Dave/Generated/src/IO004/IO004.c **** **                                                                            **
  44:../Dave/Generated/src/IO004/IO004.c **** ** PLATFORM : Infineon XMC4000/XMC1000 Series                                 **
  45:../Dave/Generated/src/IO004/IO004.c **** **                                                                            **
  46:../Dave/Generated/src/IO004/IO004.c **** ** COMPILER : Compiler Independent                                            **
  47:../Dave/Generated/src/IO004/IO004.c **** **                                                                            **
  48:../Dave/Generated/src/IO004/IO004.c **** ** AUTHOR   : App Developer                                                   **
  49:../Dave/Generated/src/IO004/IO004.c **** **                                                                            **
  50:../Dave/Generated/src/IO004/IO004.c **** ** MAY BE CHANGED BY USER [yes/no]: Yes                                       **
  51:../Dave/Generated/src/IO004/IO004.c **** **                                                                            **
  52:../Dave/Generated/src/IO004/IO004.c **** ** MODIFICATION DATE : Mar 16, 2013                                           **
  53:../Dave/Generated/src/IO004/IO004.c **** **                                                                            **
  54:../Dave/Generated/src/IO004/IO004.c **** *******************************************************************************/
  55:../Dave/Generated/src/IO004/IO004.c **** /*******************************************************************************
  56:../Dave/Generated/src/IO004/IO004.c **** **                      Author(s) Identity                                    **
  57:../Dave/Generated/src/IO004/IO004.c **** ********************************************************************************
  58:../Dave/Generated/src/IO004/IO004.c **** **                                                                            **
  59:../Dave/Generated/src/IO004/IO004.c **** ** Initials     Name                                                          **
  60:../Dave/Generated/src/IO004/IO004.c **** ** ---------------------------------------------------------------------------**
  61:../Dave/Generated/src/IO004/IO004.c **** ** PAE        App Developer                                                   **
  62:../Dave/Generated/src/IO004/IO004.c **** *******************************************************************************/
  63:../Dave/Generated/src/IO004/IO004.c **** /**
  64:../Dave/Generated/src/IO004/IO004.c ****  * @file   IO004.c
  65:../Dave/Generated/src/IO004/IO004.c ****  *
  66:../Dave/Generated/src/IO004/IO004.c ****  * @brief  IO_Digital _IO004 App
  67:../Dave/Generated/src/IO004/IO004.c ****  *
  68:../Dave/Generated/src/IO004/IO004.c ****  * This app can be used to configure a IO Pin when the output shall be 
  69:../Dave/Generated/src/IO004/IO004.c ****  * controlled by software or when it required  just as a input I/O.IO002 App can 
  70:../Dave/Generated/src/IO004/IO004.c ****  * be used in any case except when the output shall be controlled by software.			
  71:../Dave/Generated/src/IO004/IO004.c ****  *
  72:../Dave/Generated/src/IO004/IO004.c ****  *	Note: 
  73:../Dave/Generated/src/IO004/IO004.c ****  *	The App GUI configures the Port Pin as GPIO in input mode by default.
  74:../Dave/Generated/src/IO004/IO004.c ****  */
  75:../Dave/Generated/src/IO004/IO004.c **** /* Revision History 
  76:../Dave/Generated/src/IO004/IO004.c ****  *
  77:../Dave/Generated/src/IO004/IO004.c ****  * 01 Jan 2013  v1.0.12  Disabled Pad Class & Pad driver configuration for 
  78:../Dave/Generated/src/IO004/IO004.c ****  *                       XMC1000.
  79:../Dave/Generated/src/IO004/IO004.c ****  * 16 Mar 2013  v1.0.14  Modified OMR register configuration (Direct assignment 
  80:../Dave/Generated/src/IO004/IO004.c ****  *                       without reading) to upgrade performance.
  81:../Dave/Generated/src/IO004/IO004.c ****  *
  82:../Dave/Generated/src/IO004/IO004.c ****  */
  83:../Dave/Generated/src/IO004/IO004.c **** /*******************************************************************************
  84:../Dave/Generated/src/IO004/IO004.c ****  ** INCLUDE FILES                                                             **
  85:../Dave/Generated/src/IO004/IO004.c ****  ******************************************************************************/
  86:../Dave/Generated/src/IO004/IO004.c **** 
  87:../Dave/Generated/src/IO004/IO004.c **** /** Inclusion of header file */
  88:../Dave/Generated/src/IO004/IO004.c **** #include <DAVE3.h>
  89:../Dave/Generated/src/IO004/IO004.c **** 
  90:../Dave/Generated/src/IO004/IO004.c **** /*******************************************************************************
  91:../Dave/Generated/src/IO004/IO004.c **** **                      Private Macro Definitions                             **
  92:../Dave/Generated/src/IO004/IO004.c **** *******************************************************************************/
  93:../Dave/Generated/src/IO004/IO004.c **** 
  94:../Dave/Generated/src/IO004/IO004.c **** /*******************************************************************************
  95:../Dave/Generated/src/IO004/IO004.c **** **                      Private Type Definitions                              **
  96:../Dave/Generated/src/IO004/IO004.c **** *******************************************************************************/
  97:../Dave/Generated/src/IO004/IO004.c **** 
  98:../Dave/Generated/src/IO004/IO004.c **** /*******************************************************************************
  99:../Dave/Generated/src/IO004/IO004.c **** **                 Private Function Declarations:
 100:../Dave/Generated/src/IO004/IO004.c **** *******************************************************************************/
 101:../Dave/Generated/src/IO004/IO004.c **** 
 102:../Dave/Generated/src/IO004/IO004.c **** /*******************************************************************************
 103:../Dave/Generated/src/IO004/IO004.c **** **                      Global Constant Definitions                           **
 104:../Dave/Generated/src/IO004/IO004.c **** *******************************************************************************/
 105:../Dave/Generated/src/IO004/IO004.c **** 
 106:../Dave/Generated/src/IO004/IO004.c **** /*******************************************************************************
 107:../Dave/Generated/src/IO004/IO004.c **** **                      Global Variable Definitions                           **
 108:../Dave/Generated/src/IO004/IO004.c **** *******************************************************************************/
 109:../Dave/Generated/src/IO004/IO004.c **** 
 110:../Dave/Generated/src/IO004/IO004.c **** /*******************************************************************************
 111:../Dave/Generated/src/IO004/IO004.c **** **                      Private Constant Definitions                          **
 112:../Dave/Generated/src/IO004/IO004.c **** *******************************************************************************/
 113:../Dave/Generated/src/IO004/IO004.c **** 
 114:../Dave/Generated/src/IO004/IO004.c **** /*******************************************************************************
 115:../Dave/Generated/src/IO004/IO004.c **** **                 Function like macro definitions                            **
 116:../Dave/Generated/src/IO004/IO004.c **** *******************************************************************************/
 117:../Dave/Generated/src/IO004/IO004.c **** /*******************************************************************************
 118:../Dave/Generated/src/IO004/IO004.c **** **                      Private Function Definitions                          **
 119:../Dave/Generated/src/IO004/IO004.c **** *******************************************************************************/
 120:../Dave/Generated/src/IO004/IO004.c **** 
 121:../Dave/Generated/src/IO004/IO004.c **** /*******************************************************************************
 122:../Dave/Generated/src/IO004/IO004.c **** **                      Public Function Definitions                           **
 123:../Dave/Generated/src/IO004/IO004.c **** *******************************************************************************/
 124:../Dave/Generated/src/IO004/IO004.c **** /** @ingroup IO004_Func
 125:../Dave/Generated/src/IO004/IO004.c ****  * @{
 126:../Dave/Generated/src/IO004/IO004.c ****  */
 127:../Dave/Generated/src/IO004/IO004.c **** 
 128:../Dave/Generated/src/IO004/IO004.c **** void IO004_Init(void)
 129:../Dave/Generated/src/IO004/IO004.c **** {
  28              		.loc 1 129 0
  29              		.cfi_startproc
  30              		@ args = 0, pretend = 0, frame = 0
  31              		@ frame_needed = 1, uses_anonymous_args = 0
  32              		@ link register save eliminated.
  33 0000 80B4     		push	{r7}
  34              	.LCFI0:
  35              		.cfi_def_cfa_offset 4
  36              		.cfi_offset 7, -4
  37 0002 00AF     		add	r7, sp, #0
  38              	.LCFI1:
  39              		.cfi_def_cfa_register 7
 130:../Dave/Generated/src/IO004/IO004.c ****    /* <<<DD_IO004_API_1>>> */
 131:../Dave/Generated/src/IO004/IO004.c **** 
 132:../Dave/Generated/src/IO004/IO004.c **** 	   
 133:../Dave/Generated/src/IO004/IO004.c **** 
 134:../Dave/Generated/src/IO004/IO004.c ****   /* Configuration of 0 Port 2 based on User configuration */
 135:../Dave/Generated/src/IO004/IO004.c ****   IO004_Handle0.PortRegs->OMR = 0U<< 2;
  40              		.loc 1 135 0
  41 0004 40F20003 		movw	r3, #:lower16:IO004_Handle0
  42 0008 C0F20003 		movt	r3, #:upper16:IO004_Handle0
  43 000c 5B68     		ldr	r3, [r3, #4]
  44 000e 4FF00002 		mov	r2, #0
  45 0012 5A60     		str	r2, [r3, #4]
 136:../Dave/Generated/src/IO004/IO004.c ****   
 137:../Dave/Generated/src/IO004/IO004.c ****   IO004_Handle0.PortRegs->PDR0   &= (uint32_t)(~(PORT0_PDR0_PD2_Msk));
  46              		.loc 1 137 0
  47 0014 40F20003 		movw	r3, #:lower16:IO004_Handle0
  48 0018 C0F20003 		movt	r3, #:upper16:IO004_Handle0
  49 001c 5A68     		ldr	r2, [r3, #4]
  50 001e 40F20003 		movw	r3, #:lower16:IO004_Handle0
  51 0022 C0F20003 		movt	r3, #:upper16:IO004_Handle0
  52 0026 5B68     		ldr	r3, [r3, #4]
  53 0028 1B6C     		ldr	r3, [r3, #64]
  54 002a 23F4E063 		bic	r3, r3, #1792
  55 002e 1364     		str	r3, [r2, #64]
 138:../Dave/Generated/src/IO004/IO004.c ****   IO004_Handle0.PortRegs->PDR0   |= (uint32_t)((4UL << PORT0_PDR0_PD2_Pos) & \
  56              		.loc 1 138 0
  57 0030 40F20003 		movw	r3, #:lower16:IO004_Handle0
  58 0034 C0F20003 		movt	r3, #:upper16:IO004_Handle0
  59 0038 5A68     		ldr	r2, [r3, #4]
  60 003a 40F20003 		movw	r3, #:lower16:IO004_Handle0
  61 003e C0F20003 		movt	r3, #:upper16:IO004_Handle0
  62 0042 5B68     		ldr	r3, [r3, #4]
  63 0044 1B6C     		ldr	r3, [r3, #64]
  64 0046 43F48063 		orr	r3, r3, #1024
  65 004a 1364     		str	r3, [r2, #64]
 139:../Dave/Generated/src/IO004/IO004.c ****                                           PORT0_PDR0_PD2_Msk);
 140:../Dave/Generated/src/IO004/IO004.c ****   IO004_Handle0.PortRegs->IOCR0 |= (0U << 19);   
  66              		.loc 1 140 0
  67 004c 40F20003 		movw	r3, #:lower16:IO004_Handle0
  68 0050 C0F20003 		movt	r3, #:upper16:IO004_Handle0
  69 0054 5A68     		ldr	r2, [r3, #4]
  70 0056 40F20003 		movw	r3, #:lower16:IO004_Handle0
  71 005a C0F20003 		movt	r3, #:upper16:IO004_Handle0
  72 005e 5B68     		ldr	r3, [r3, #4]
  73 0060 1B69     		ldr	r3, [r3, #16]
  74 0062 1361     		str	r3, [r2, #16]
 141:../Dave/Generated/src/IO004/IO004.c **** 
 142:../Dave/Generated/src/IO004/IO004.c ****   /* Configuration of 1 Port 9 based on User configuration */
 143:../Dave/Generated/src/IO004/IO004.c ****   IO004_Handle1.PortRegs->OMR = 1U<< 9;
  75              		.loc 1 143 0
  76 0064 40F20003 		movw	r3, #:lower16:IO004_Handle1
  77 0068 C0F20003 		movt	r3, #:upper16:IO004_Handle1
  78 006c 5B68     		ldr	r3, [r3, #4]
  79 006e 4FF40072 		mov	r2, #512
  80 0072 5A60     		str	r2, [r3, #4]
 144:../Dave/Generated/src/IO004/IO004.c ****   
 145:../Dave/Generated/src/IO004/IO004.c ****   IO004_Handle1.PortRegs->PDR1  &= (uint32_t)(~(PORT1_PDR1_PD9_Msk));
  81              		.loc 1 145 0
  82 0074 40F20003 		movw	r3, #:lower16:IO004_Handle1
  83 0078 C0F20003 		movt	r3, #:upper16:IO004_Handle1
  84 007c 5A68     		ldr	r2, [r3, #4]
  85 007e 40F20003 		movw	r3, #:lower16:IO004_Handle1
  86 0082 C0F20003 		movt	r3, #:upper16:IO004_Handle1
  87 0086 5B68     		ldr	r3, [r3, #4]
  88 0088 5B6C     		ldr	r3, [r3, #68]
  89 008a 23F07003 		bic	r3, r3, #112
  90 008e 5364     		str	r3, [r2, #68]
 146:../Dave/Generated/src/IO004/IO004.c ****   IO004_Handle1.PortRegs->PDR1  |= (uint32_t)((4UL << PORT1_PDR1_PD9_Pos) & \
  91              		.loc 1 146 0
  92 0090 40F20003 		movw	r3, #:lower16:IO004_Handle1
  93 0094 C0F20003 		movt	r3, #:upper16:IO004_Handle1
  94 0098 5A68     		ldr	r2, [r3, #4]
  95 009a 40F20003 		movw	r3, #:lower16:IO004_Handle1
  96 009e C0F20003 		movt	r3, #:upper16:IO004_Handle1
  97 00a2 5B68     		ldr	r3, [r3, #4]
  98 00a4 5B6C     		ldr	r3, [r3, #68]
  99 00a6 43F04003 		orr	r3, r3, #64
 100 00aa 5364     		str	r3, [r2, #68]
 147:../Dave/Generated/src/IO004/IO004.c ****                                      PORT1_PDR1_PD9_Msk);
 148:../Dave/Generated/src/IO004/IO004.c ****   IO004_Handle1.PortRegs->IOCR8 |= (0U << 11);   
 101              		.loc 1 148 0
 102 00ac 40F20003 		movw	r3, #:lower16:IO004_Handle1
 103 00b0 C0F20003 		movt	r3, #:upper16:IO004_Handle1
 104 00b4 5A68     		ldr	r2, [r3, #4]
 105 00b6 40F20003 		movw	r3, #:lower16:IO004_Handle1
 106 00ba C0F20003 		movt	r3, #:upper16:IO004_Handle1
 107 00be 5B68     		ldr	r3, [r3, #4]
 108 00c0 9B69     		ldr	r3, [r3, #24]
 109 00c2 9361     		str	r3, [r2, #24]
 149:../Dave/Generated/src/IO004/IO004.c **** 
 150:../Dave/Generated/src/IO004/IO004.c ****   /* Configuration of 0 Port 6 based on User configuration */
 151:../Dave/Generated/src/IO004/IO004.c ****   IO004_Handle2.PortRegs->OMR = 0U<< 6;
 110              		.loc 1 151 0
 111 00c4 40F20003 		movw	r3, #:lower16:IO004_Handle2
 112 00c8 C0F20003 		movt	r3, #:upper16:IO004_Handle2
 113 00cc 5B68     		ldr	r3, [r3, #4]
 114 00ce 4FF00002 		mov	r2, #0
 115 00d2 5A60     		str	r2, [r3, #4]
 152:../Dave/Generated/src/IO004/IO004.c ****   
 153:../Dave/Generated/src/IO004/IO004.c ****   IO004_Handle2.PortRegs->PDR0   &= (uint32_t)(~(PORT0_PDR0_PD6_Msk));
 116              		.loc 1 153 0
 117 00d4 40F20003 		movw	r3, #:lower16:IO004_Handle2
 118 00d8 C0F20003 		movt	r3, #:upper16:IO004_Handle2
 119 00dc 5A68     		ldr	r2, [r3, #4]
 120 00de 40F20003 		movw	r3, #:lower16:IO004_Handle2
 121 00e2 C0F20003 		movt	r3, #:upper16:IO004_Handle2
 122 00e6 5B68     		ldr	r3, [r3, #4]
 123 00e8 1B6C     		ldr	r3, [r3, #64]
 124 00ea 23F0E063 		bic	r3, r3, #117440512
 125 00ee 1364     		str	r3, [r2, #64]
 154:../Dave/Generated/src/IO004/IO004.c ****   IO004_Handle2.PortRegs->PDR0   |= (uint32_t)((4UL << PORT0_PDR0_PD6_Pos) & \
 126              		.loc 1 154 0
 127 00f0 40F20003 		movw	r3, #:lower16:IO004_Handle2
 128 00f4 C0F20003 		movt	r3, #:upper16:IO004_Handle2
 129 00f8 5A68     		ldr	r2, [r3, #4]
 130 00fa 40F20003 		movw	r3, #:lower16:IO004_Handle2
 131 00fe C0F20003 		movt	r3, #:upper16:IO004_Handle2
 132 0102 5B68     		ldr	r3, [r3, #4]
 133 0104 1B6C     		ldr	r3, [r3, #64]
 134 0106 43F08063 		orr	r3, r3, #67108864
 135 010a 1364     		str	r3, [r2, #64]
 155:../Dave/Generated/src/IO004/IO004.c ****                                           PORT0_PDR0_PD6_Msk);
 156:../Dave/Generated/src/IO004/IO004.c ****   IO004_Handle2.PortRegs->IOCR4 |= (0U << 19);   
 136              		.loc 1 156 0
 137 010c 40F20003 		movw	r3, #:lower16:IO004_Handle2
 138 0110 C0F20003 		movt	r3, #:upper16:IO004_Handle2
 139 0114 5A68     		ldr	r2, [r3, #4]
 140 0116 40F20003 		movw	r3, #:lower16:IO004_Handle2
 141 011a C0F20003 		movt	r3, #:upper16:IO004_Handle2
 142 011e 5B68     		ldr	r3, [r3, #4]
 143 0120 5B69     		ldr	r3, [r3, #20]
 144 0122 5361     		str	r3, [r2, #20]
 157:../Dave/Generated/src/IO004/IO004.c **** 
 158:../Dave/Generated/src/IO004/IO004.c ****   /* Configuration of 0 Port 4 based on User configuration */
 159:../Dave/Generated/src/IO004/IO004.c ****   IO004_Handle3.PortRegs->OMR = 0U<< 4;
 145              		.loc 1 159 0
 146 0124 40F20003 		movw	r3, #:lower16:IO004_Handle3
 147 0128 C0F20003 		movt	r3, #:upper16:IO004_Handle3
 148 012c 5B68     		ldr	r3, [r3, #4]
 149 012e 4FF00002 		mov	r2, #0
 150 0132 5A60     		str	r2, [r3, #4]
 160:../Dave/Generated/src/IO004/IO004.c ****   
 161:../Dave/Generated/src/IO004/IO004.c ****   IO004_Handle3.PortRegs->PDR0   &= (uint32_t)(~(PORT0_PDR0_PD4_Msk));
 151              		.loc 1 161 0
 152 0134 40F20003 		movw	r3, #:lower16:IO004_Handle3
 153 0138 C0F20003 		movt	r3, #:upper16:IO004_Handle3
 154 013c 5A68     		ldr	r2, [r3, #4]
 155 013e 40F20003 		movw	r3, #:lower16:IO004_Handle3
 156 0142 C0F20003 		movt	r3, #:upper16:IO004_Handle3
 157 0146 5B68     		ldr	r3, [r3, #4]
 158 0148 1B6C     		ldr	r3, [r3, #64]
 159 014a 23F4E023 		bic	r3, r3, #458752
 160 014e 1364     		str	r3, [r2, #64]
 162:../Dave/Generated/src/IO004/IO004.c ****   IO004_Handle3.PortRegs->PDR0   |= (uint32_t)((4UL << PORT0_PDR0_PD4_Pos) & \
 161              		.loc 1 162 0
 162 0150 40F20003 		movw	r3, #:lower16:IO004_Handle3
 163 0154 C0F20003 		movt	r3, #:upper16:IO004_Handle3
 164 0158 5A68     		ldr	r2, [r3, #4]
 165 015a 40F20003 		movw	r3, #:lower16:IO004_Handle3
 166 015e C0F20003 		movt	r3, #:upper16:IO004_Handle3
 167 0162 5B68     		ldr	r3, [r3, #4]
 168 0164 1B6C     		ldr	r3, [r3, #64]
 169 0166 43F48023 		orr	r3, r3, #262144
 170 016a 1364     		str	r3, [r2, #64]
 163:../Dave/Generated/src/IO004/IO004.c ****                                           PORT0_PDR0_PD4_Msk);
 164:../Dave/Generated/src/IO004/IO004.c ****   IO004_Handle3.PortRegs->IOCR4 |= (0U << 3);   
 171              		.loc 1 164 0
 172 016c 40F20003 		movw	r3, #:lower16:IO004_Handle3
 173 0170 C0F20003 		movt	r3, #:upper16:IO004_Handle3
 174 0174 5A68     		ldr	r2, [r3, #4]
 175 0176 40F20003 		movw	r3, #:lower16:IO004_Handle3
 176 017a C0F20003 		movt	r3, #:upper16:IO004_Handle3
 177 017e 5B68     		ldr	r3, [r3, #4]
 178 0180 5B69     		ldr	r3, [r3, #20]
 179 0182 5361     		str	r3, [r2, #20]
 165:../Dave/Generated/src/IO004/IO004.c **** 
 166:../Dave/Generated/src/IO004/IO004.c ****   /* Configuration of 3 Port 4 based on User configuration */
 167:../Dave/Generated/src/IO004/IO004.c ****   IO004_Handle4.PortRegs->OMR = 0U<< 4;
 180              		.loc 1 167 0
 181 0184 40F20003 		movw	r3, #:lower16:IO004_Handle4
 182 0188 C0F20003 		movt	r3, #:upper16:IO004_Handle4
 183 018c 5B68     		ldr	r3, [r3, #4]
 184 018e 4FF00002 		mov	r2, #0
 185 0192 5A60     		str	r2, [r3, #4]
 168:../Dave/Generated/src/IO004/IO004.c ****   
 169:../Dave/Generated/src/IO004/IO004.c ****   IO004_Handle4.PortRegs->PDR0   &= (uint32_t)(~(PORT3_PDR0_PD4_Msk));
 186              		.loc 1 169 0
 187 0194 40F20003 		movw	r3, #:lower16:IO004_Handle4
 188 0198 C0F20003 		movt	r3, #:upper16:IO004_Handle4
 189 019c 5A68     		ldr	r2, [r3, #4]
 190 019e 40F20003 		movw	r3, #:lower16:IO004_Handle4
 191 01a2 C0F20003 		movt	r3, #:upper16:IO004_Handle4
 192 01a6 5B68     		ldr	r3, [r3, #4]
 193 01a8 1B6C     		ldr	r3, [r3, #64]
 194 01aa 23F4E023 		bic	r3, r3, #458752
 195 01ae 1364     		str	r3, [r2, #64]
 170:../Dave/Generated/src/IO004/IO004.c ****   IO004_Handle4.PortRegs->PDR0   |= (uint32_t)((4UL << PORT3_PDR0_PD4_Pos) & \
 196              		.loc 1 170 0
 197 01b0 40F20003 		movw	r3, #:lower16:IO004_Handle4
 198 01b4 C0F20003 		movt	r3, #:upper16:IO004_Handle4
 199 01b8 5A68     		ldr	r2, [r3, #4]
 200 01ba 40F20003 		movw	r3, #:lower16:IO004_Handle4
 201 01be C0F20003 		movt	r3, #:upper16:IO004_Handle4
 202 01c2 5B68     		ldr	r3, [r3, #4]
 203 01c4 1B6C     		ldr	r3, [r3, #64]
 204 01c6 43F48023 		orr	r3, r3, #262144
 205 01ca 1364     		str	r3, [r2, #64]
 171:../Dave/Generated/src/IO004/IO004.c ****                                           PORT3_PDR0_PD4_Msk);
 172:../Dave/Generated/src/IO004/IO004.c ****   IO004_Handle4.PortRegs->IOCR4 |= (0U << 3);   
 206              		.loc 1 172 0
 207 01cc 40F20003 		movw	r3, #:lower16:IO004_Handle4
 208 01d0 C0F20003 		movt	r3, #:upper16:IO004_Handle4
 209 01d4 5A68     		ldr	r2, [r3, #4]
 210 01d6 40F20003 		movw	r3, #:lower16:IO004_Handle4
 211 01da C0F20003 		movt	r3, #:upper16:IO004_Handle4
 212 01de 5B68     		ldr	r3, [r3, #4]
 213 01e0 5B69     		ldr	r3, [r3, #20]
 214 01e2 5361     		str	r3, [r2, #20]
 173:../Dave/Generated/src/IO004/IO004.c **** 
 174:../Dave/Generated/src/IO004/IO004.c ****   /* Configuration of 1 Port 1 based on User configuration */
 175:../Dave/Generated/src/IO004/IO004.c ****   IO004_Handle5.PortRegs->OMR = 0U<< 1;
 215              		.loc 1 175 0
 216 01e4 40F20003 		movw	r3, #:lower16:IO004_Handle5
 217 01e8 C0F20003 		movt	r3, #:upper16:IO004_Handle5
 218 01ec 5B68     		ldr	r3, [r3, #4]
 219 01ee 4FF00002 		mov	r2, #0
 220 01f2 5A60     		str	r2, [r3, #4]
 176:../Dave/Generated/src/IO004/IO004.c ****   
 177:../Dave/Generated/src/IO004/IO004.c ****   IO004_Handle5.PortRegs->PDR0   &= (uint32_t)(~(PORT1_PDR0_PD1_Msk));
 221              		.loc 1 177 0
 222 01f4 40F20003 		movw	r3, #:lower16:IO004_Handle5
 223 01f8 C0F20003 		movt	r3, #:upper16:IO004_Handle5
 224 01fc 5A68     		ldr	r2, [r3, #4]
 225 01fe 40F20003 		movw	r3, #:lower16:IO004_Handle5
 226 0202 C0F20003 		movt	r3, #:upper16:IO004_Handle5
 227 0206 5B68     		ldr	r3, [r3, #4]
 228 0208 1B6C     		ldr	r3, [r3, #64]
 229 020a 23F07003 		bic	r3, r3, #112
 230 020e 1364     		str	r3, [r2, #64]
 178:../Dave/Generated/src/IO004/IO004.c ****   IO004_Handle5.PortRegs->PDR0   |= (uint32_t)((4UL << PORT1_PDR0_PD1_Pos) & \
 231              		.loc 1 178 0
 232 0210 40F20003 		movw	r3, #:lower16:IO004_Handle5
 233 0214 C0F20003 		movt	r3, #:upper16:IO004_Handle5
 234 0218 5A68     		ldr	r2, [r3, #4]
 235 021a 40F20003 		movw	r3, #:lower16:IO004_Handle5
 236 021e C0F20003 		movt	r3, #:upper16:IO004_Handle5
 237 0222 5B68     		ldr	r3, [r3, #4]
 238 0224 1B6C     		ldr	r3, [r3, #64]
 239 0226 43F04003 		orr	r3, r3, #64
 240 022a 1364     		str	r3, [r2, #64]
 179:../Dave/Generated/src/IO004/IO004.c ****                                           PORT1_PDR0_PD1_Msk);
 180:../Dave/Generated/src/IO004/IO004.c ****   IO004_Handle5.PortRegs->IOCR0 |= (0U << 11);   
 241              		.loc 1 180 0
 242 022c 40F20003 		movw	r3, #:lower16:IO004_Handle5
 243 0230 C0F20003 		movt	r3, #:upper16:IO004_Handle5
 244 0234 5A68     		ldr	r2, [r3, #4]
 245 0236 40F20003 		movw	r3, #:lower16:IO004_Handle5
 246 023a C0F20003 		movt	r3, #:upper16:IO004_Handle5
 247 023e 5B68     		ldr	r3, [r3, #4]
 248 0240 1B69     		ldr	r3, [r3, #16]
 249 0242 1361     		str	r3, [r2, #16]
 181:../Dave/Generated/src/IO004/IO004.c **** 
 182:../Dave/Generated/src/IO004/IO004.c ****   /* Configuration of 1 Port 0 based on User configuration */
 183:../Dave/Generated/src/IO004/IO004.c ****   IO004_Handle6.PortRegs->OMR = 1U<< 0;
 250              		.loc 1 183 0
 251 0244 40F20003 		movw	r3, #:lower16:IO004_Handle6
 252 0248 C0F20003 		movt	r3, #:upper16:IO004_Handle6
 253 024c 5B68     		ldr	r3, [r3, #4]
 254 024e 4FF00102 		mov	r2, #1
 255 0252 5A60     		str	r2, [r3, #4]
 184:../Dave/Generated/src/IO004/IO004.c ****   
 185:../Dave/Generated/src/IO004/IO004.c ****   IO004_Handle6.PortRegs->PDR0   &= (uint32_t)(~(PORT1_PDR0_PD0_Msk));
 256              		.loc 1 185 0
 257 0254 40F20003 		movw	r3, #:lower16:IO004_Handle6
 258 0258 C0F20003 		movt	r3, #:upper16:IO004_Handle6
 259 025c 5A68     		ldr	r2, [r3, #4]
 260 025e 40F20003 		movw	r3, #:lower16:IO004_Handle6
 261 0262 C0F20003 		movt	r3, #:upper16:IO004_Handle6
 262 0266 5B68     		ldr	r3, [r3, #4]
 263 0268 1B6C     		ldr	r3, [r3, #64]
 264 026a 23F00703 		bic	r3, r3, #7
 265 026e 1364     		str	r3, [r2, #64]
 186:../Dave/Generated/src/IO004/IO004.c ****   IO004_Handle6.PortRegs->PDR0   |= (uint32_t)((4UL << PORT1_PDR0_PD0_Pos) & \
 266              		.loc 1 186 0
 267 0270 40F20003 		movw	r3, #:lower16:IO004_Handle6
 268 0274 C0F20003 		movt	r3, #:upper16:IO004_Handle6
 269 0278 5A68     		ldr	r2, [r3, #4]
 270 027a 40F20003 		movw	r3, #:lower16:IO004_Handle6
 271 027e C0F20003 		movt	r3, #:upper16:IO004_Handle6
 272 0282 5B68     		ldr	r3, [r3, #4]
 273 0284 1B6C     		ldr	r3, [r3, #64]
 274 0286 43F00403 		orr	r3, r3, #4
 275 028a 1364     		str	r3, [r2, #64]
 187:../Dave/Generated/src/IO004/IO004.c ****                                           PORT1_PDR0_PD0_Msk);
 188:../Dave/Generated/src/IO004/IO004.c ****   IO004_Handle6.PortRegs->IOCR0 |= (0U << 3);   
 276              		.loc 1 188 0
 277 028c 40F20003 		movw	r3, #:lower16:IO004_Handle6
 278 0290 C0F20003 		movt	r3, #:upper16:IO004_Handle6
 279 0294 5A68     		ldr	r2, [r3, #4]
 280 0296 40F20003 		movw	r3, #:lower16:IO004_Handle6
 281 029a C0F20003 		movt	r3, #:upper16:IO004_Handle6
 282 029e 5B68     		ldr	r3, [r3, #4]
 283 02a0 1B69     		ldr	r3, [r3, #16]
 284 02a2 1361     		str	r3, [r2, #16]
 189:../Dave/Generated/src/IO004/IO004.c **** 
 190:../Dave/Generated/src/IO004/IO004.c ****   /* Configuration of 1 Port 14 based on User configuration */
 191:../Dave/Generated/src/IO004/IO004.c ****   IO004_Handle7.PortRegs->OMR = 0U<< 14;
 285              		.loc 1 191 0
 286 02a4 40F20003 		movw	r3, #:lower16:IO004_Handle7
 287 02a8 C0F20003 		movt	r3, #:upper16:IO004_Handle7
 288 02ac 5B68     		ldr	r3, [r3, #4]
 289 02ae 4FF00002 		mov	r2, #0
 290 02b2 5A60     		str	r2, [r3, #4]
 192:../Dave/Generated/src/IO004/IO004.c ****   
 193:../Dave/Generated/src/IO004/IO004.c ****   IO004_Handle7.PortRegs->PDR1  &= (uint32_t)(~(PORT1_PDR1_PD14_Msk));
 291              		.loc 1 193 0
 292 02b4 40F20003 		movw	r3, #:lower16:IO004_Handle7
 293 02b8 C0F20003 		movt	r3, #:upper16:IO004_Handle7
 294 02bc 5A68     		ldr	r2, [r3, #4]
 295 02be 40F20003 		movw	r3, #:lower16:IO004_Handle7
 296 02c2 C0F20003 		movt	r3, #:upper16:IO004_Handle7
 297 02c6 5B68     		ldr	r3, [r3, #4]
 298 02c8 5B6C     		ldr	r3, [r3, #68]
 299 02ca 23F0E063 		bic	r3, r3, #117440512
 300 02ce 5364     		str	r3, [r2, #68]
 194:../Dave/Generated/src/IO004/IO004.c ****   IO004_Handle7.PortRegs->PDR1  |= (uint32_t)((4UL << PORT1_PDR1_PD14_Pos) & \
 301              		.loc 1 194 0
 302 02d0 40F20003 		movw	r3, #:lower16:IO004_Handle7
 303 02d4 C0F20003 		movt	r3, #:upper16:IO004_Handle7
 304 02d8 5A68     		ldr	r2, [r3, #4]
 305 02da 40F20003 		movw	r3, #:lower16:IO004_Handle7
 306 02de C0F20003 		movt	r3, #:upper16:IO004_Handle7
 307 02e2 5B68     		ldr	r3, [r3, #4]
 308 02e4 5B6C     		ldr	r3, [r3, #68]
 309 02e6 43F08063 		orr	r3, r3, #67108864
 310 02ea 5364     		str	r3, [r2, #68]
 195:../Dave/Generated/src/IO004/IO004.c ****                                      PORT1_PDR1_PD14_Msk);
 196:../Dave/Generated/src/IO004/IO004.c ****   IO004_Handle7.PortRegs->IOCR12 |= (0U << 19);   
 311              		.loc 1 196 0
 312 02ec 40F20003 		movw	r3, #:lower16:IO004_Handle7
 313 02f0 C0F20003 		movt	r3, #:upper16:IO004_Handle7
 314 02f4 5A68     		ldr	r2, [r3, #4]
 315 02f6 40F20003 		movw	r3, #:lower16:IO004_Handle7
 316 02fa C0F20003 		movt	r3, #:upper16:IO004_Handle7
 317 02fe 5B68     		ldr	r3, [r3, #4]
 318 0300 DB69     		ldr	r3, [r3, #28]
 319 0302 D361     		str	r3, [r2, #28]
 197:../Dave/Generated/src/IO004/IO004.c **** 
 198:../Dave/Generated/src/IO004/IO004.c ****   /* Configuration of 1 Port 15 based on User configuration */
 199:../Dave/Generated/src/IO004/IO004.c ****   IO004_Handle8.PortRegs->OMR = 0U<< 15;
 320              		.loc 1 199 0
 321 0304 40F20003 		movw	r3, #:lower16:IO004_Handle8
 322 0308 C0F20003 		movt	r3, #:upper16:IO004_Handle8
 323 030c 5B68     		ldr	r3, [r3, #4]
 324 030e 4FF00002 		mov	r2, #0
 325 0312 5A60     		str	r2, [r3, #4]
 200:../Dave/Generated/src/IO004/IO004.c ****   
 201:../Dave/Generated/src/IO004/IO004.c ****   IO004_Handle8.PortRegs->PDR1  &= (uint32_t)(~(PORT1_PDR1_PD15_Msk));
 326              		.loc 1 201 0
 327 0314 40F20003 		movw	r3, #:lower16:IO004_Handle8
 328 0318 C0F20003 		movt	r3, #:upper16:IO004_Handle8
 329 031c 5A68     		ldr	r2, [r3, #4]
 330 031e 40F20003 		movw	r3, #:lower16:IO004_Handle8
 331 0322 C0F20003 		movt	r3, #:upper16:IO004_Handle8
 332 0326 5B68     		ldr	r3, [r3, #4]
 333 0328 5B6C     		ldr	r3, [r3, #68]
 334 032a 23F0E043 		bic	r3, r3, #1879048192
 335 032e 5364     		str	r3, [r2, #68]
 202:../Dave/Generated/src/IO004/IO004.c ****   IO004_Handle8.PortRegs->PDR1  |= (uint32_t)((4UL << PORT1_PDR1_PD15_Pos) & \
 336              		.loc 1 202 0
 337 0330 40F20003 		movw	r3, #:lower16:IO004_Handle8
 338 0334 C0F20003 		movt	r3, #:upper16:IO004_Handle8
 339 0338 5A68     		ldr	r2, [r3, #4]
 340 033a 40F20003 		movw	r3, #:lower16:IO004_Handle8
 341 033e C0F20003 		movt	r3, #:upper16:IO004_Handle8
 342 0342 5B68     		ldr	r3, [r3, #4]
 343 0344 5B6C     		ldr	r3, [r3, #68]
 344 0346 43F08043 		orr	r3, r3, #1073741824
 345 034a 5364     		str	r3, [r2, #68]
 203:../Dave/Generated/src/IO004/IO004.c ****                                      PORT1_PDR1_PD15_Msk);
 204:../Dave/Generated/src/IO004/IO004.c ****   IO004_Handle8.PortRegs->IOCR12 |= (0U << 27);
 346              		.loc 1 204 0
 347 034c 40F20003 		movw	r3, #:lower16:IO004_Handle8
 348 0350 C0F20003 		movt	r3, #:upper16:IO004_Handle8
 349 0354 5A68     		ldr	r2, [r3, #4]
 350 0356 40F20003 		movw	r3, #:lower16:IO004_Handle8
 351 035a C0F20003 		movt	r3, #:upper16:IO004_Handle8
 352 035e 5B68     		ldr	r3, [r3, #4]
 353 0360 DB69     		ldr	r3, [r3, #28]
 354 0362 D361     		str	r3, [r2, #28]
 205:../Dave/Generated/src/IO004/IO004.c **** }
 355              		.loc 1 205 0
 356 0364 BD46     		mov	sp, r7
 357 0366 80BC     		pop	{r7}
 358 0368 7047     		bx	lr
 359              		.cfi_endproc
 360              	.LFE117:
 362 036a 00BF     		.section	.text.IO004_DisableOutputDriver,"ax",%progbits
 363              		.align	2
 364              		.global	IO004_DisableOutputDriver
 365              		.thumb
 366              		.thumb_func
 368              	IO004_DisableOutputDriver:
 369              	.LFB118:
 206:../Dave/Generated/src/IO004/IO004.c **** 
 207:../Dave/Generated/src/IO004/IO004.c **** void IO004_DisableOutputDriver(const IO004_HandleType* Handle,IO004_InputModeType Mode)
 208:../Dave/Generated/src/IO004/IO004.c **** {
 370              		.loc 1 208 0
 371              		.cfi_startproc
 372              		@ args = 0, pretend = 0, frame = 16
 373              		@ frame_needed = 1, uses_anonymous_args = 0
 374              		@ link register save eliminated.
 375 0000 80B4     		push	{r7}
 376              	.LCFI2:
 377              		.cfi_def_cfa_offset 4
 378              		.cfi_offset 7, -4
 379 0002 85B0     		sub	sp, sp, #20
 380              	.LCFI3:
 381              		.cfi_def_cfa_offset 24
 382 0004 00AF     		add	r7, sp, #0
 383              	.LCFI4:
 384              		.cfi_def_cfa_register 7
 385 0006 7860     		str	r0, [r7, #4]
 386 0008 0B46     		mov	r3, r1
 387 000a FB70     		strb	r3, [r7, #3]
 209:../Dave/Generated/src/IO004/IO004.c ****   uint8_t Pin = Handle->PortPin;
 388              		.loc 1 209 0
 389 000c 7B68     		ldr	r3, [r7, #4]
 390 000e 5B78     		ldrb	r3, [r3, #1]
 391 0010 FB73     		strb	r3, [r7, #15]
 210:../Dave/Generated/src/IO004/IO004.c ****   /* <<<DD_IO004_API_2>>> */
 211:../Dave/Generated/src/IO004/IO004.c ****   if(Pin < 4U)
 392              		.loc 1 211 0
 393 0012 FB7B     		ldrb	r3, [r7, #15]	@ zero_extendqisi2
 394 0014 032B     		cmp	r3, #3
 395 0016 23D8     		bhi	.L3
 212:../Dave/Generated/src/IO004/IO004.c ****   {
 213:../Dave/Generated/src/IO004/IO004.c ****     Handle->PortRegs->IOCR0  =  (uint32_t)(Handle->PortRegs->IOCR0 & ~(0x0000001FUL << (3U+(Pin*8U)
 396              		.loc 1 213 0
 397 0018 7B68     		ldr	r3, [r7, #4]
 398 001a 5B68     		ldr	r3, [r3, #4]
 399 001c 7A68     		ldr	r2, [r7, #4]
 400 001e 5268     		ldr	r2, [r2, #4]
 401 0020 1169     		ldr	r1, [r2, #16]
 402 0022 FA7B     		ldrb	r2, [r7, #15]	@ zero_extendqisi2
 403 0024 4FEAC202 		lsl	r2, r2, #3
 404 0028 02F10302 		add	r2, r2, #3
 405 002c 4FF01F00 		mov	r0, #31
 406 0030 00FA02F2 		lsl	r2, r0, r2
 407 0034 6FEA0202 		mvn	r2, r2
 408 0038 0A40     		ands	r2, r2, r1
 409 003a 1A61     		str	r2, [r3, #16]
 214:../Dave/Generated/src/IO004/IO004.c ****     Handle->PortRegs->IOCR0 |= (uint32_t)(((uint32_t)Mode & 0x1FUL) << (3U+(Pin*8U)));
 410              		.loc 1 214 0
 411 003c 7B68     		ldr	r3, [r7, #4]
 412 003e 5B68     		ldr	r3, [r3, #4]
 413 0040 7A68     		ldr	r2, [r7, #4]
 414 0042 5268     		ldr	r2, [r2, #4]
 415 0044 1169     		ldr	r1, [r2, #16]
 416 0046 FA78     		ldrb	r2, [r7, #3]	@ zero_extendqisi2
 417 0048 02F01F00 		and	r0, r2, #31
 418 004c FA7B     		ldrb	r2, [r7, #15]	@ zero_extendqisi2
 419 004e 4FEAC202 		lsl	r2, r2, #3
 420 0052 02F10302 		add	r2, r2, #3
 421 0056 00FA02F2 		lsl	r2, r0, r2
 422 005a 0A43     		orrs	r2, r2, r1
 423 005c 1A61     		str	r2, [r3, #16]
 424 005e 88E0     		b	.L2
 425              	.L3:
 215:../Dave/Generated/src/IO004/IO004.c ****   } else if ((Pin >= 4U) && (Pin <= 7U))
 426              		.loc 1 215 0
 427 0060 FB7B     		ldrb	r3, [r7, #15]	@ zero_extendqisi2
 428 0062 032B     		cmp	r3, #3
 429 0064 2AD9     		bls	.L5
 430              		.loc 1 215 0 is_stmt 0 discriminator 1
 431 0066 FB7B     		ldrb	r3, [r7, #15]	@ zero_extendqisi2
 432 0068 072B     		cmp	r3, #7
 433 006a 27D8     		bhi	.L5
 216:../Dave/Generated/src/IO004/IO004.c ****   {
 217:../Dave/Generated/src/IO004/IO004.c ****     Pin = Pin - 4U;
 434              		.loc 1 217 0 is_stmt 1
 435 006c FB7B     		ldrb	r3, [r7, #15]
 436 006e A3F10403 		sub	r3, r3, #4
 437 0072 FB73     		strb	r3, [r7, #15]
 218:../Dave/Generated/src/IO004/IO004.c ****     Handle->PortRegs->IOCR4  =  (uint32_t)(Handle->PortRegs->IOCR4 & ~(0x0000001FUL << (3U+(Pin*8U)
 438              		.loc 1 218 0
 439 0074 7B68     		ldr	r3, [r7, #4]
 440 0076 5B68     		ldr	r3, [r3, #4]
 441 0078 7A68     		ldr	r2, [r7, #4]
 442 007a 5268     		ldr	r2, [r2, #4]
 443 007c 5169     		ldr	r1, [r2, #20]
 444 007e FA7B     		ldrb	r2, [r7, #15]	@ zero_extendqisi2
 445 0080 4FEAC202 		lsl	r2, r2, #3
 446 0084 02F10302 		add	r2, r2, #3
 447 0088 4FF01F00 		mov	r0, #31
 448 008c 00FA02F2 		lsl	r2, r0, r2
 449 0090 6FEA0202 		mvn	r2, r2
 450 0094 0A40     		ands	r2, r2, r1
 451 0096 5A61     		str	r2, [r3, #20]
 219:../Dave/Generated/src/IO004/IO004.c ****     Handle->PortRegs->IOCR4 |=  (uint32_t)(((uint32_t)Mode & 0x1FUL) << (3U+(Pin*8U)));
 452              		.loc 1 219 0
 453 0098 7B68     		ldr	r3, [r7, #4]
 454 009a 5B68     		ldr	r3, [r3, #4]
 455 009c 7A68     		ldr	r2, [r7, #4]
 456 009e 5268     		ldr	r2, [r2, #4]
 457 00a0 5169     		ldr	r1, [r2, #20]
 458 00a2 FA78     		ldrb	r2, [r7, #3]	@ zero_extendqisi2
 459 00a4 02F01F00 		and	r0, r2, #31
 460 00a8 FA7B     		ldrb	r2, [r7, #15]	@ zero_extendqisi2
 461 00aa 4FEAC202 		lsl	r2, r2, #3
 462 00ae 02F10302 		add	r2, r2, #3
 463 00b2 00FA02F2 		lsl	r2, r0, r2
 464 00b6 0A43     		orrs	r2, r2, r1
 465 00b8 5A61     		str	r2, [r3, #20]
 466 00ba 5AE0     		b	.L2
 467              	.L5:
 220:../Dave/Generated/src/IO004/IO004.c ****   } else if ((Pin >= 8U) && (Pin <= 11U))
 468              		.loc 1 220 0
 469 00bc FB7B     		ldrb	r3, [r7, #15]	@ zero_extendqisi2
 470 00be 072B     		cmp	r3, #7
 471 00c0 2AD9     		bls	.L6
 472              		.loc 1 220 0 is_stmt 0 discriminator 1
 473 00c2 FB7B     		ldrb	r3, [r7, #15]	@ zero_extendqisi2
 474 00c4 0B2B     		cmp	r3, #11
 475 00c6 27D8     		bhi	.L6
 221:../Dave/Generated/src/IO004/IO004.c ****   {
 222:../Dave/Generated/src/IO004/IO004.c ****     Pin = Pin - 8U;
 476              		.loc 1 222 0 is_stmt 1
 477 00c8 FB7B     		ldrb	r3, [r7, #15]
 478 00ca A3F10803 		sub	r3, r3, #8
 479 00ce FB73     		strb	r3, [r7, #15]
 223:../Dave/Generated/src/IO004/IO004.c ****     Handle->PortRegs->IOCR8  =  (uint32_t)(Handle->PortRegs->IOCR8 & ~(0x0000001FUL << (3U+(Pin*8U)
 480              		.loc 1 223 0
 481 00d0 7B68     		ldr	r3, [r7, #4]
 482 00d2 5B68     		ldr	r3, [r3, #4]
 483 00d4 7A68     		ldr	r2, [r7, #4]
 484 00d6 5268     		ldr	r2, [r2, #4]
 485 00d8 9169     		ldr	r1, [r2, #24]
 486 00da FA7B     		ldrb	r2, [r7, #15]	@ zero_extendqisi2
 487 00dc 4FEAC202 		lsl	r2, r2, #3
 488 00e0 02F10302 		add	r2, r2, #3
 489 00e4 4FF01F00 		mov	r0, #31
 490 00e8 00FA02F2 		lsl	r2, r0, r2
 491 00ec 6FEA0202 		mvn	r2, r2
 492 00f0 0A40     		ands	r2, r2, r1
 493 00f2 9A61     		str	r2, [r3, #24]
 224:../Dave/Generated/src/IO004/IO004.c ****     Handle->PortRegs->IOCR8 |=  (uint32_t)(((uint32_t)Mode & 0x1FUL) << (3U+(Pin*8U)));
 494              		.loc 1 224 0
 495 00f4 7B68     		ldr	r3, [r7, #4]
 496 00f6 5B68     		ldr	r3, [r3, #4]
 497 00f8 7A68     		ldr	r2, [r7, #4]
 498 00fa 5268     		ldr	r2, [r2, #4]
 499 00fc 9169     		ldr	r1, [r2, #24]
 500 00fe FA78     		ldrb	r2, [r7, #3]	@ zero_extendqisi2
 501 0100 02F01F00 		and	r0, r2, #31
 502 0104 FA7B     		ldrb	r2, [r7, #15]	@ zero_extendqisi2
 503 0106 4FEAC202 		lsl	r2, r2, #3
 504 010a 02F10302 		add	r2, r2, #3
 505 010e 00FA02F2 		lsl	r2, r0, r2
 506 0112 0A43     		orrs	r2, r2, r1
 507 0114 9A61     		str	r2, [r3, #24]
 508 0116 2CE0     		b	.L2
 509              	.L6:
 225:../Dave/Generated/src/IO004/IO004.c ****   } else if ((Pin >= 12U) && (Pin <= 15U))
 510              		.loc 1 225 0
 511 0118 FB7B     		ldrb	r3, [r7, #15]	@ zero_extendqisi2
 512 011a 0B2B     		cmp	r3, #11
 513 011c 29D9     		bls	.L2
 514              		.loc 1 225 0 is_stmt 0 discriminator 1
 515 011e FB7B     		ldrb	r3, [r7, #15]	@ zero_extendqisi2
 516 0120 0F2B     		cmp	r3, #15
 517 0122 26D8     		bhi	.L2
 226:../Dave/Generated/src/IO004/IO004.c ****   {
 227:../Dave/Generated/src/IO004/IO004.c ****     Pin = Pin - 12U;
 518              		.loc 1 227 0 is_stmt 1
 519 0124 FB7B     		ldrb	r3, [r7, #15]
 520 0126 A3F10C03 		sub	r3, r3, #12
 521 012a FB73     		strb	r3, [r7, #15]
 228:../Dave/Generated/src/IO004/IO004.c ****     Handle->PortRegs->IOCR12  =  (uint32_t)(Handle->PortRegs->IOCR12 & ~(0x0000001FUL << (3U+(Pin*8
 522              		.loc 1 228 0
 523 012c 7B68     		ldr	r3, [r7, #4]
 524 012e 5B68     		ldr	r3, [r3, #4]
 525 0130 7A68     		ldr	r2, [r7, #4]
 526 0132 5268     		ldr	r2, [r2, #4]
 527 0134 D169     		ldr	r1, [r2, #28]
 528 0136 FA7B     		ldrb	r2, [r7, #15]	@ zero_extendqisi2
 529 0138 4FEAC202 		lsl	r2, r2, #3
 530 013c 02F10302 		add	r2, r2, #3
 531 0140 4FF01F00 		mov	r0, #31
 532 0144 00FA02F2 		lsl	r2, r0, r2
 533 0148 6FEA0202 		mvn	r2, r2
 534 014c 0A40     		ands	r2, r2, r1
 535 014e DA61     		str	r2, [r3, #28]
 229:../Dave/Generated/src/IO004/IO004.c ****     Handle->PortRegs->IOCR12 |=  (uint32_t)(((uint32_t)Mode & 0x1FUL) << (3U+(Pin*8U)));
 536              		.loc 1 229 0
 537 0150 7B68     		ldr	r3, [r7, #4]
 538 0152 5B68     		ldr	r3, [r3, #4]
 539 0154 7A68     		ldr	r2, [r7, #4]
 540 0156 5268     		ldr	r2, [r2, #4]
 541 0158 D169     		ldr	r1, [r2, #28]
 542 015a FA78     		ldrb	r2, [r7, #3]	@ zero_extendqisi2
 543 015c 02F01F00 		and	r0, r2, #31
 544 0160 FA7B     		ldrb	r2, [r7, #15]	@ zero_extendqisi2
 545 0162 4FEAC202 		lsl	r2, r2, #3
 546 0166 02F10302 		add	r2, r2, #3
 547 016a 00FA02F2 		lsl	r2, r0, r2
 548 016e 0A43     		orrs	r2, r2, r1
 549 0170 DA61     		str	r2, [r3, #28]
 550              	.L2:
 230:../Dave/Generated/src/IO004/IO004.c ****   }
 231:../Dave/Generated/src/IO004/IO004.c ****   else
 232:../Dave/Generated/src/IO004/IO004.c ****   {
 233:../Dave/Generated/src/IO004/IO004.c **** 	  /*Not supposed to be here */
 234:../Dave/Generated/src/IO004/IO004.c ****   }
 235:../Dave/Generated/src/IO004/IO004.c **** 
 236:../Dave/Generated/src/IO004/IO004.c **** }
 551              		.loc 1 236 0
 552 0172 07F11407 		add	r7, r7, #20
 553 0176 BD46     		mov	sp, r7
 554 0178 80BC     		pop	{r7}
 555 017a 7047     		bx	lr
 556              		.cfi_endproc
 557              	.LFE118:
 559              		.section	.text.IO004_EnableOutputDriver,"ax",%progbits
 560              		.align	2
 561              		.global	IO004_EnableOutputDriver
 562              		.thumb
 563              		.thumb_func
 565              	IO004_EnableOutputDriver:
 566              	.LFB119:
 237:../Dave/Generated/src/IO004/IO004.c **** 
 238:../Dave/Generated/src/IO004/IO004.c **** void IO004_EnableOutputDriver(const IO004_HandleType* Handle,IO004_OutputModeType Mode)
 239:../Dave/Generated/src/IO004/IO004.c **** {
 567              		.loc 1 239 0
 568              		.cfi_startproc
 569              		@ args = 0, pretend = 0, frame = 16
 570              		@ frame_needed = 1, uses_anonymous_args = 0
 571              		@ link register save eliminated.
 572 0000 80B4     		push	{r7}
 573              	.LCFI5:
 574              		.cfi_def_cfa_offset 4
 575              		.cfi_offset 7, -4
 576 0002 85B0     		sub	sp, sp, #20
 577              	.LCFI6:
 578              		.cfi_def_cfa_offset 24
 579 0004 00AF     		add	r7, sp, #0
 580              	.LCFI7:
 581              		.cfi_def_cfa_register 7
 582 0006 7860     		str	r0, [r7, #4]
 583 0008 0B46     		mov	r3, r1
 584 000a FB70     		strb	r3, [r7, #3]
 240:../Dave/Generated/src/IO004/IO004.c **** 
 241:../Dave/Generated/src/IO004/IO004.c ****   uint8_t Pin = Handle->PortPin;
 585              		.loc 1 241 0
 586 000c 7B68     		ldr	r3, [r7, #4]
 587 000e 5B78     		ldrb	r3, [r3, #1]
 588 0010 FB73     		strb	r3, [r7, #15]
 242:../Dave/Generated/src/IO004/IO004.c ****   /* <<<DD_IO004_API_2>>> */
 243:../Dave/Generated/src/IO004/IO004.c ****   if(Pin < 4U)
 589              		.loc 1 243 0
 590 0012 FB7B     		ldrb	r3, [r7, #15]	@ zero_extendqisi2
 591 0014 032B     		cmp	r3, #3
 592 0016 23D8     		bhi	.L8
 244:../Dave/Generated/src/IO004/IO004.c ****   {
 245:../Dave/Generated/src/IO004/IO004.c ****     Handle->PortRegs->IOCR0  =  (uint32_t)(Handle->PortRegs->IOCR0 & ~(0x0000001FUL << (3U+(Pin*8U)
 593              		.loc 1 245 0
 594 0018 7B68     		ldr	r3, [r7, #4]
 595 001a 5B68     		ldr	r3, [r3, #4]
 596 001c 7A68     		ldr	r2, [r7, #4]
 597 001e 5268     		ldr	r2, [r2, #4]
 598 0020 1169     		ldr	r1, [r2, #16]
 599 0022 FA7B     		ldrb	r2, [r7, #15]	@ zero_extendqisi2
 600 0024 4FEAC202 		lsl	r2, r2, #3
 601 0028 02F10302 		add	r2, r2, #3
 602 002c 4FF01F00 		mov	r0, #31
 603 0030 00FA02F2 		lsl	r2, r0, r2
 604 0034 6FEA0202 		mvn	r2, r2
 605 0038 0A40     		ands	r2, r2, r1
 606 003a 1A61     		str	r2, [r3, #16]
 246:../Dave/Generated/src/IO004/IO004.c ****     Handle->PortRegs->IOCR0 |=  (uint32_t)(((uint32_t)Mode & 0x1FUL) << (3U+(Pin*8U)));
 607              		.loc 1 246 0
 608 003c 7B68     		ldr	r3, [r7, #4]
 609 003e 5B68     		ldr	r3, [r3, #4]
 610 0040 7A68     		ldr	r2, [r7, #4]
 611 0042 5268     		ldr	r2, [r2, #4]
 612 0044 1169     		ldr	r1, [r2, #16]
 613 0046 FA78     		ldrb	r2, [r7, #3]	@ zero_extendqisi2
 614 0048 02F01F00 		and	r0, r2, #31
 615 004c FA7B     		ldrb	r2, [r7, #15]	@ zero_extendqisi2
 616 004e 4FEAC202 		lsl	r2, r2, #3
 617 0052 02F10302 		add	r2, r2, #3
 618 0056 00FA02F2 		lsl	r2, r0, r2
 619 005a 0A43     		orrs	r2, r2, r1
 620 005c 1A61     		str	r2, [r3, #16]
 621 005e 88E0     		b	.L7
 622              	.L8:
 247:../Dave/Generated/src/IO004/IO004.c ****   } else if ((Pin >= 4U) && (Pin <= 7U))
 623              		.loc 1 247 0
 624 0060 FB7B     		ldrb	r3, [r7, #15]	@ zero_extendqisi2
 625 0062 032B     		cmp	r3, #3
 626 0064 2AD9     		bls	.L10
 627              		.loc 1 247 0 is_stmt 0 discriminator 1
 628 0066 FB7B     		ldrb	r3, [r7, #15]	@ zero_extendqisi2
 629 0068 072B     		cmp	r3, #7
 630 006a 27D8     		bhi	.L10
 248:../Dave/Generated/src/IO004/IO004.c ****   {
 249:../Dave/Generated/src/IO004/IO004.c ****     Pin = Pin - 4U;
 631              		.loc 1 249 0 is_stmt 1
 632 006c FB7B     		ldrb	r3, [r7, #15]
 633 006e A3F10403 		sub	r3, r3, #4
 634 0072 FB73     		strb	r3, [r7, #15]
 250:../Dave/Generated/src/IO004/IO004.c ****     Handle->PortRegs->IOCR4  =  (uint32_t)(Handle->PortRegs->IOCR4 & ~(0x0000001FUL << (3U+(Pin*8U)
 635              		.loc 1 250 0
 636 0074 7B68     		ldr	r3, [r7, #4]
 637 0076 5B68     		ldr	r3, [r3, #4]
 638 0078 7A68     		ldr	r2, [r7, #4]
 639 007a 5268     		ldr	r2, [r2, #4]
 640 007c 5169     		ldr	r1, [r2, #20]
 641 007e FA7B     		ldrb	r2, [r7, #15]	@ zero_extendqisi2
 642 0080 4FEAC202 		lsl	r2, r2, #3
 643 0084 02F10302 		add	r2, r2, #3
 644 0088 4FF01F00 		mov	r0, #31
 645 008c 00FA02F2 		lsl	r2, r0, r2
 646 0090 6FEA0202 		mvn	r2, r2
 647 0094 0A40     		ands	r2, r2, r1
 648 0096 5A61     		str	r2, [r3, #20]
 251:../Dave/Generated/src/IO004/IO004.c ****     Handle->PortRegs->IOCR4 |=  (uint32_t)(((uint32_t)Mode & 0x1FUL) << (3U+(Pin*8U)));
 649              		.loc 1 251 0
 650 0098 7B68     		ldr	r3, [r7, #4]
 651 009a 5B68     		ldr	r3, [r3, #4]
 652 009c 7A68     		ldr	r2, [r7, #4]
 653 009e 5268     		ldr	r2, [r2, #4]
 654 00a0 5169     		ldr	r1, [r2, #20]
 655 00a2 FA78     		ldrb	r2, [r7, #3]	@ zero_extendqisi2
 656 00a4 02F01F00 		and	r0, r2, #31
 657 00a8 FA7B     		ldrb	r2, [r7, #15]	@ zero_extendqisi2
 658 00aa 4FEAC202 		lsl	r2, r2, #3
 659 00ae 02F10302 		add	r2, r2, #3
 660 00b2 00FA02F2 		lsl	r2, r0, r2
 661 00b6 0A43     		orrs	r2, r2, r1
 662 00b8 5A61     		str	r2, [r3, #20]
 663 00ba 5AE0     		b	.L7
 664              	.L10:
 252:../Dave/Generated/src/IO004/IO004.c ****   } else if ((Pin >= 8U) && (Pin <= 11U))
 665              		.loc 1 252 0
 666 00bc FB7B     		ldrb	r3, [r7, #15]	@ zero_extendqisi2
 667 00be 072B     		cmp	r3, #7
 668 00c0 2AD9     		bls	.L11
 669              		.loc 1 252 0 is_stmt 0 discriminator 1
 670 00c2 FB7B     		ldrb	r3, [r7, #15]	@ zero_extendqisi2
 671 00c4 0B2B     		cmp	r3, #11
 672 00c6 27D8     		bhi	.L11
 253:../Dave/Generated/src/IO004/IO004.c ****   {
 254:../Dave/Generated/src/IO004/IO004.c ****     Pin = Pin - 8U;
 673              		.loc 1 254 0 is_stmt 1
 674 00c8 FB7B     		ldrb	r3, [r7, #15]
 675 00ca A3F10803 		sub	r3, r3, #8
 676 00ce FB73     		strb	r3, [r7, #15]
 255:../Dave/Generated/src/IO004/IO004.c ****     Handle->PortRegs->IOCR8  =  (uint32_t)(Handle->PortRegs->IOCR8 & ~(0x0000001FUL << (3U+(Pin*8U)
 677              		.loc 1 255 0
 678 00d0 7B68     		ldr	r3, [r7, #4]
 679 00d2 5B68     		ldr	r3, [r3, #4]
 680 00d4 7A68     		ldr	r2, [r7, #4]
 681 00d6 5268     		ldr	r2, [r2, #4]
 682 00d8 9169     		ldr	r1, [r2, #24]
 683 00da FA7B     		ldrb	r2, [r7, #15]	@ zero_extendqisi2
 684 00dc 4FEAC202 		lsl	r2, r2, #3
 685 00e0 02F10302 		add	r2, r2, #3
 686 00e4 4FF01F00 		mov	r0, #31
 687 00e8 00FA02F2 		lsl	r2, r0, r2
 688 00ec 6FEA0202 		mvn	r2, r2
 689 00f0 0A40     		ands	r2, r2, r1
 690 00f2 9A61     		str	r2, [r3, #24]
 256:../Dave/Generated/src/IO004/IO004.c ****     Handle->PortRegs->IOCR8 |=  (uint32_t)(((uint32_t)Mode & 0x1FUL) << (3U+(Pin*8U)));
 691              		.loc 1 256 0
 692 00f4 7B68     		ldr	r3, [r7, #4]
 693 00f6 5B68     		ldr	r3, [r3, #4]
 694 00f8 7A68     		ldr	r2, [r7, #4]
 695 00fa 5268     		ldr	r2, [r2, #4]
 696 00fc 9169     		ldr	r1, [r2, #24]
 697 00fe FA78     		ldrb	r2, [r7, #3]	@ zero_extendqisi2
 698 0100 02F01F00 		and	r0, r2, #31
 699 0104 FA7B     		ldrb	r2, [r7, #15]	@ zero_extendqisi2
 700 0106 4FEAC202 		lsl	r2, r2, #3
 701 010a 02F10302 		add	r2, r2, #3
 702 010e 00FA02F2 		lsl	r2, r0, r2
 703 0112 0A43     		orrs	r2, r2, r1
 704 0114 9A61     		str	r2, [r3, #24]
 705 0116 2CE0     		b	.L7
 706              	.L11:
 257:../Dave/Generated/src/IO004/IO004.c ****   } else if ((Pin >= 12U) && (Pin <= 15U))
 707              		.loc 1 257 0
 708 0118 FB7B     		ldrb	r3, [r7, #15]	@ zero_extendqisi2
 709 011a 0B2B     		cmp	r3, #11
 710 011c 29D9     		bls	.L7
 711              		.loc 1 257 0 is_stmt 0 discriminator 1
 712 011e FB7B     		ldrb	r3, [r7, #15]	@ zero_extendqisi2
 713 0120 0F2B     		cmp	r3, #15
 714 0122 26D8     		bhi	.L7
 258:../Dave/Generated/src/IO004/IO004.c ****   {
 259:../Dave/Generated/src/IO004/IO004.c ****     Pin = Pin - 12U;
 715              		.loc 1 259 0 is_stmt 1
 716 0124 FB7B     		ldrb	r3, [r7, #15]
 717 0126 A3F10C03 		sub	r3, r3, #12
 718 012a FB73     		strb	r3, [r7, #15]
 260:../Dave/Generated/src/IO004/IO004.c ****     Handle->PortRegs->IOCR12  =  (uint32_t)(Handle->PortRegs->IOCR12 & ~(0x0000001FUL << (3U+(Pin*8
 719              		.loc 1 260 0
 720 012c 7B68     		ldr	r3, [r7, #4]
 721 012e 5B68     		ldr	r3, [r3, #4]
 722 0130 7A68     		ldr	r2, [r7, #4]
 723 0132 5268     		ldr	r2, [r2, #4]
 724 0134 D169     		ldr	r1, [r2, #28]
 725 0136 FA7B     		ldrb	r2, [r7, #15]	@ zero_extendqisi2
 726 0138 4FEAC202 		lsl	r2, r2, #3
 727 013c 02F10302 		add	r2, r2, #3
 728 0140 4FF01F00 		mov	r0, #31
 729 0144 00FA02F2 		lsl	r2, r0, r2
 730 0148 6FEA0202 		mvn	r2, r2
 731 014c 0A40     		ands	r2, r2, r1
 732 014e DA61     		str	r2, [r3, #28]
 261:../Dave/Generated/src/IO004/IO004.c ****     Handle->PortRegs->IOCR12 |=  (uint32_t)(((uint32_t)Mode & 0x1FUL) << (3U+(Pin*8U)));
 733              		.loc 1 261 0
 734 0150 7B68     		ldr	r3, [r7, #4]
 735 0152 5B68     		ldr	r3, [r3, #4]
 736 0154 7A68     		ldr	r2, [r7, #4]
 737 0156 5268     		ldr	r2, [r2, #4]
 738 0158 D169     		ldr	r1, [r2, #28]
 739 015a FA78     		ldrb	r2, [r7, #3]	@ zero_extendqisi2
 740 015c 02F01F00 		and	r0, r2, #31
 741 0160 FA7B     		ldrb	r2, [r7, #15]	@ zero_extendqisi2
 742 0162 4FEAC202 		lsl	r2, r2, #3
 743 0166 02F10302 		add	r2, r2, #3
 744 016a 00FA02F2 		lsl	r2, r0, r2
 745 016e 0A43     		orrs	r2, r2, r1
 746 0170 DA61     		str	r2, [r3, #28]
 747              	.L7:
 262:../Dave/Generated/src/IO004/IO004.c ****   }
 263:../Dave/Generated/src/IO004/IO004.c ****   else
 264:../Dave/Generated/src/IO004/IO004.c ****   {
 265:../Dave/Generated/src/IO004/IO004.c **** 	  /*Not supposed to be here */
 266:../Dave/Generated/src/IO004/IO004.c ****   }
 267:../Dave/Generated/src/IO004/IO004.c **** }
 748              		.loc 1 267 0
 749 0172 07F11407 		add	r7, r7, #20
 750 0176 BD46     		mov	sp, r7
 751 0178 80BC     		pop	{r7}
 752 017a 7047     		bx	lr
 753              		.cfi_endproc
 754              	.LFE119:
 756              		.text
 757              	.Letext0:
 758              		.file 2 "c:\\dave-3.1.10\\arm-gcc\\bin\\../lib/gcc/arm-none-eabi/4.7.4/../../../../arm-none-eabi/i
 759              		.file 3 "C:\\Users\\Carlos\\Documents\\GitHub\\Controle-e-Telemetria\\DAVE\\Feather-PonteH\\Dave\\
 760              		.file 4 "C:\\DAVE-3.1.10\\eclipse\\/../CMSIS/Include/core_cm4.h"
 761              		.file 5 "C:\\Users\\Carlos\\Documents\\GitHub\\Controle-e-Telemetria\\DAVE\\Feather-PonteH\\Dave\\
DEFINED SYMBOLS
                            *ABS*:00000000 IO004.c
C:\Users\Carlos\AppData\Local\Temp\ccofjhwN.s:20     .text.IO004_Init:00000000 $t
C:\Users\Carlos\AppData\Local\Temp\ccofjhwN.s:25     .text.IO004_Init:00000000 IO004_Init
C:\Users\Carlos\AppData\Local\Temp\ccofjhwN.s:363    .text.IO004_DisableOutputDriver:00000000 $t
C:\Users\Carlos\AppData\Local\Temp\ccofjhwN.s:368    .text.IO004_DisableOutputDriver:00000000 IO004_DisableOutputDriver
C:\Users\Carlos\AppData\Local\Temp\ccofjhwN.s:560    .text.IO004_EnableOutputDriver:00000000 $t
C:\Users\Carlos\AppData\Local\Temp\ccofjhwN.s:565    .text.IO004_EnableOutputDriver:00000000 IO004_EnableOutputDriver
                     .debug_frame:00000010 $d
                           .group:00000000 wm4.1.e3bdd798bb23f70d94471cb7157fa38f
                           .group:00000000 wm4.XMC4500.h.45.215f4b8c79f46c7645c15373868d08c0
                           .group:00000000 wm4.core_cm4.h.47.41af406cb4cda82c972f112a9cd0a024
                           .group:00000000 wm4.newlib.h.8.a9901dc52d1357e3e94003403d43f8b5
                           .group:00000000 wm4.features.h.22.b72b3baab2bb2eab3661375590100b6b
                           .group:00000000 wm4.config.h.193.5fb8ef056cdff92dec3dee9552839d8c
                           .group:00000000 wm4._ansi.h.23.7aefdac4826acebbfc9f3822a0aeb14c
                           .group:00000000 wm4.stdint.h.20.54ad762faa59e3c05491630641c8d8bf
                           .group:00000000 wm4.core_cmInstr.h.39.3d3d1b4a79aef37532666dc6ee87c6ac
                           .group:00000000 wm4.core_cm4_simd.h.43.b5d1d38735af6366227b4256d330cf13
                           .group:00000000 wm4.core_cm4.h.178.e5ef5ce66d198d7f00f9d0076e267c41
                           .group:00000000 wm4.system_XMC4500.h.29.827f68baa362c84f2abae4ab67dde7c9
                           .group:00000000 wm4.XMC4500.h.198.8e022f279ff353ed081df898dc7b9cf3
                           .group:00000000 wm4.stddef.h.40.50cf36416e06376af8a9dca28536f2e4
                           .group:00000000 wm4.types.h.60.e75c47576398c648cdcf9000ace5e3d8
                           .group:00000000 wm4.MULTIPLEXER.h.46.4a863fbae1c79f0db26da3ce2dc30d02
                           .group:00000000 wm4.CCU8PWMLIB.h.74.725ec81203769525cc7a424597055f47
                           .group:00000000 wm4.MOTORLIB.h.62.951091d95913dd2ff36d761323a1771d
                           .group:00000000 wm4.DBG001.h.116.d6d9e7459a0faa3905c97c1d2edb339d
                           .group:00000000 wm4.uc_id.h.35.6a563b5a45d32cec26f5b514b510065d
                           .group:00000000 wm4.CLK001_Const.h.50.e5e9c2ddc89f4cc9e7b93e9648fa94e4
                           .group:00000000 wm4.CLK001_Conf.h.81.2b7f5ec7311f4adf3e25cf7854109544
                           .group:00000000 wm4.CCU4Global_Conf.h.63.a52fac0daa39b5f58343578312b4eb54
                           .group:00000000 wm4.PWMSP001.h.57.29b732b86baf3e81f49153f5f495912e
                           .group:00000000 wm4.IO004.h.53.442ea5eb47ad9eedc675253aa35f3107
                           .group:00000000 wm4.CNT001.h.53.54b2229008e37b1970e63d1faf193d82
                           .group:00000000 wm4.SYSTM002_Conf.h.70.e893767dc4d518b087b4a20e349ac4d8
                           .group:00000000 wm4.SYSTM002.h.98.0f398400b32186dea0837ac3b6c1ddcb
                           .group:00000000 wm4.IO002_Conf.h.51.be0baad511cf66771895fab0bf90f390
                           .group:00000000 wm4.ERU001_Conf.h.69.f750231c9123c4051e3fdc807a0a9f2c
                           .group:00000000 wm4.ERU002_Conf.h.49.30dcaaaa39ec7b925c3755a566961d37
                           .group:00000000 wm4.NVIC002_Conf.h.63.37fe2ad95ca338d2934f86193f466e34

UNDEFINED SYMBOLS
IO004_Handle0
IO004_Handle1
IO004_Handle2
IO004_Handle3
IO004_Handle4
IO004_Handle5
IO004_Handle6
IO004_Handle7
IO004_Handle8
