   1              		.syntax unified
   2              		.cpu cortex-m4
   3              		.eabi_attribute 27, 3
   4              		.fpu fpv4-sp-d16
   5              		.eabi_attribute 20, 1
   6              		.eabi_attribute 21, 1
   7              		.eabi_attribute 23, 3
   8              		.eabi_attribute 24, 1
   9              		.eabi_attribute 25, 1
  10              		.eabi_attribute 26, 1
  11              		.eabi_attribute 30, 4
  12              		.eabi_attribute 34, 1
  13              		.eabi_attribute 18, 4
  14              		.thumb
  15              		.file	"MULTIPLEXER.c"
  16              		.section	.text.DAVE_MUX_Init,"ax",%progbits
  17              		.align	1
  18              		.global	DAVE_MUX_Init
  19              		.thumb
  20              		.thumb_func
  22              	DAVE_MUX_Init:
  23              		@ args = 0, pretend = 0, frame = 0
  24              		@ frame_needed = 0, uses_anonymous_args = 0
  25              		@ link register save eliminated.
  26 0000 364B     		ldr	r3, .L2
  27 0002 1A6C     		ldr	r2, [r3, #64]
  28 0004 196C     		ldr	r1, [r3, #64]
  29 0006 21F00F00 		bic	r0, r1, #15
  30 000a 1864     		str	r0, [r3, #64]
  31 000c D969     		ldr	r1, [r3, #28]
  32 000e 21F00700 		bic	r0, r1, #7
  33 0012 40F00101 		orr	r1, r0, #1
  34 0016 D961     		str	r1, [r3, #28]
  35 0018 D3F80801 		ldr	r0, [r3, #264]
  36 001c 20F0E061 		bic	r1, r0, #117440512
  37 0020 21F03F00 		bic	r0, r1, #63
  38 0024 40F08071 		orr	r1, r0, #16777216
  39 0028 41F00200 		orr	r0, r1, #2
  40 002c C3F80801 		str	r0, [r3, #264]
  41 0030 D3F80C11 		ldr	r1, [r3, #268]
  42 0034 21F0E060 		bic	r0, r1, #117440512
  43 0038 20F03F01 		bic	r1, r0, #63
  44 003c 41F08070 		orr	r0, r1, #16777216
  45 0040 C3F80C01 		str	r0, [r3, #268]
  46 0044 196C     		ldr	r1, [r3, #64]
  47 0046 02F00F02 		and	r2, r2, #15
  48 004a 21F00F00 		bic	r0, r1, #15
  49 004e 40EA0201 		orr	r1, r0, r2
  50 0052 1964     		str	r1, [r3, #64]
  51 0054 03F50043 		add	r3, r3, #32768
  52 0058 586F     		ldr	r0, [r3, #116]
  53 005a 20F44032 		bic	r2, r0, #196608
  54 005e 5A67     		str	r2, [r3, #116]
  55 0060 9969     		ldr	r1, [r3, #24]
  56 0062 41F08000 		orr	r0, r1, #128
  57 0066 9861     		str	r0, [r3, #24]
  58 0068 03F58073 		add	r3, r3, #256
  59 006c 1A69     		ldr	r2, [r3, #16]
  60 006e 42F08001 		orr	r1, r2, #128
  61 0072 1961     		str	r1, [r3, #16]
  62 0074 1869     		ldr	r0, [r3, #16]
  63 0076 40F40042 		orr	r2, r0, #32768
  64 007a 1A61     		str	r2, [r3, #16]
  65 007c 9969     		ldr	r1, [r3, #24]
  66 007e 41F40040 		orr	r0, r1, #32768
  67 0082 9861     		str	r0, [r3, #24]
  68 0084 D3F81021 		ldr	r2, [r3, #272]
  69 0088 42F40001 		orr	r1, r2, #8388608
  70 008c C3F81011 		str	r1, [r3, #272]
  71 0090 D3F81401 		ldr	r0, [r3, #276]
  72 0094 40F08002 		orr	r2, r0, #128
  73 0098 C3F81421 		str	r2, [r3, #276]
  74 009c D3F81411 		ldr	r1, [r3, #276]
  75 00a0 41F40040 		orr	r0, r1, #32768
  76 00a4 C3F81401 		str	r0, [r3, #276]
  77 00a8 D3F81821 		ldr	r2, [r3, #280]
  78 00ac 42F08001 		orr	r1, r2, #128
  79 00b0 C3F81811 		str	r1, [r3, #280]
  80 00b4 D3F81C01 		ldr	r0, [r3, #284]
  81 00b8 20F43802 		bic	r2, r0, #12058624
  82 00bc 42F41001 		orr	r1, r2, #9437184
  83 00c0 C3F81C11 		str	r1, [r3, #284]
  84 00c4 4FF04023 		mov	r3, #1073758208
  85 00c8 D3F84001 		ldr	r0, [r3, #320]
  86 00cc 20F47022 		bic	r2, r0, #983040
  87 00d0 42F40031 		orr	r1, r2, #131072
  88 00d4 C3F84011 		str	r1, [r3, #320]
  89 00d8 7047     		bx	lr
  90              	.L3:
  91 00da 00BF     		.align	2
  92              	.L2:
  93 00dc 00000248 		.word	1208090624
  95              		.section	.text.DAVE_MUX_PreInit,"ax",%progbits
  96              		.align	1
  97              		.global	DAVE_MUX_PreInit
  98              		.thumb
  99              		.thumb_func
 101              	DAVE_MUX_PreInit:
 102              		@ args = 0, pretend = 0, frame = 0
 103              		@ frame_needed = 0, uses_anonymous_args = 0
 104              		@ link register save eliminated.
 105 0000 7047     		bx	lr
 107              		.ident	"GCC: (GNU Tools for ARM Embedded Processors) 4.7.4 20130913 (release) [ARM/embedded-4_7-br
DEFINED SYMBOLS
                            *ABS*:00000000 MULTIPLEXER.c
C:\Users\Carlos\AppData\Local\Temp\cckkTTI4.s:17     .text.DAVE_MUX_Init:00000000 $t
C:\Users\Carlos\AppData\Local\Temp\cckkTTI4.s:22     .text.DAVE_MUX_Init:00000000 DAVE_MUX_Init
C:\Users\Carlos\AppData\Local\Temp\cckkTTI4.s:93     .text.DAVE_MUX_Init:000000dc $d
C:\Users\Carlos\AppData\Local\Temp\cckkTTI4.s:96     .text.DAVE_MUX_PreInit:00000000 $t
C:\Users\Carlos\AppData\Local\Temp\cckkTTI4.s:101    .text.DAVE_MUX_PreInit:00000000 DAVE_MUX_PreInit

NO UNDEFINED SYMBOLS
