   1              		.syntax unified
   2              		.cpu cortex-m4
   3              		.eabi_attribute 27, 3
   4              		.fpu fpv4-sp-d16
   5              		.eabi_attribute 20, 1
   6              		.eabi_attribute 21, 1
   7              		.eabi_attribute 23, 3
   8              		.eabi_attribute 24, 1
   9              		.eabi_attribute 25, 1
  10              		.eabi_attribute 26, 1
  11              		.eabi_attribute 30, 4
  12              		.eabi_attribute 34, 1
  13              		.eabi_attribute 18, 4
  14              		.thumb
  15              		.file	"IO004_Conf.c"
  16              		.global	IO004_Handle9
  17              		.global	IO004_Handle8
  18              		.global	IO004_Handle7
  19              		.global	IO004_Handle6
  20              		.global	IO004_Handle5
  21              		.global	IO004_Handle4
  22              		.global	IO004_Handle3
  23              		.global	IO004_Handle2
  24              		.global	IO004_Handle14
  25              		.global	IO004_Handle13
  26              		.global	IO004_Handle12
  27              		.global	IO004_Handle11
  28              		.global	IO004_Handle10
  29              		.global	IO004_Handle1
  30              		.global	IO004_Handle0
  31              		.section	.rodata
  32              		.align	2
  35              	IO004_Handle9:
  36 0000 05       		.byte	5
  37 0001 08       		.byte	8
  38 0002 0000     		.space	2
  39 0004 00850248 		.word	1208124672
  42              	IO004_Handle8:
  43 0008 00       		.byte	0
  44 0009 07       		.byte	7
  45 000a 0000     		.space	2
  46 000c 00800248 		.word	1208123392
  49              	IO004_Handle7:
  50 0010 01       		.byte	1
  51 0011 08       		.byte	8
  52 0012 0000     		.space	2
  53 0014 00810248 		.word	1208123648
  56              	IO004_Handle6:
  57 0018 03       		.byte	3
  58 0019 03       		.byte	3
  59 001a 0000     		.space	2
  60 001c 00830248 		.word	1208124160
  63              	IO004_Handle5:
  64 0020 05       		.byte	5
  65 0021 09       		.byte	9
  66 0022 0000     		.space	2
  67 0024 00850248 		.word	1208124672
  70              	IO004_Handle4:
  71 0028 05       		.byte	5
  72 0029 06       		.byte	6
  73 002a 0000     		.space	2
  74 002c 00850248 		.word	1208124672
  77              	IO004_Handle3:
  78 0030 05       		.byte	5
  79 0031 07       		.byte	7
  80 0032 0000     		.space	2
  81 0034 00850248 		.word	1208124672
  84              	IO004_Handle2:
  85 0038 01       		.byte	1
  86 0039 02       		.byte	2
  87 003a 0000     		.space	2
  88 003c 00810248 		.word	1208123648
  91              	IO004_Handle14:
  92 0040 02       		.byte	2
  93 0041 02       		.byte	2
  94 0042 0000     		.space	2
  95 0044 00820248 		.word	1208123904
  98              	IO004_Handle13:
  99 0048 02       		.byte	2
 100 0049 03       		.byte	3
 101 004a 0000     		.space	2
 102 004c 00820248 		.word	1208123904
 105              	IO004_Handle12:
 106 0050 02       		.byte	2
 107 0051 04       		.byte	4
 108 0052 0000     		.space	2
 109 0054 00820248 		.word	1208123904
 112              	IO004_Handle11:
 113 0058 02       		.byte	2
 114 0059 05       		.byte	5
 115 005a 0000     		.space	2
 116 005c 00820248 		.word	1208123904
 119              	IO004_Handle10:
 120 0060 02       		.byte	2
 121 0061 08       		.byte	8
 122 0062 0000     		.space	2
 123 0064 00820248 		.word	1208123904
 126              	IO004_Handle1:
 127 0068 01       		.byte	1
 128 0069 03       		.byte	3
 129 006a 0000     		.space	2
 130 006c 00810248 		.word	1208123648
 133              	IO004_Handle0:
 134 0070 01       		.byte	1
 135 0071 00       		.byte	0
 136 0072 0000     		.space	2
 137 0074 00810248 		.word	1208123648
 138              		.ident	"GCC: (GNU Tools for ARM Embedded Processors) 4.7.4 20130913 (release) [ARM/embedded-4_7-br
DEFINED SYMBOLS
                            *ABS*:00000000 IO004_Conf.c
C:\Users\JMASS_~1\AppData\Local\Temp\ccFRwB3a.s:35     .rodata:00000000 IO004_Handle9
C:\Users\JMASS_~1\AppData\Local\Temp\ccFRwB3a.s:42     .rodata:00000008 IO004_Handle8
C:\Users\JMASS_~1\AppData\Local\Temp\ccFRwB3a.s:49     .rodata:00000010 IO004_Handle7
C:\Users\JMASS_~1\AppData\Local\Temp\ccFRwB3a.s:56     .rodata:00000018 IO004_Handle6
C:\Users\JMASS_~1\AppData\Local\Temp\ccFRwB3a.s:63     .rodata:00000020 IO004_Handle5
C:\Users\JMASS_~1\AppData\Local\Temp\ccFRwB3a.s:70     .rodata:00000028 IO004_Handle4
C:\Users\JMASS_~1\AppData\Local\Temp\ccFRwB3a.s:77     .rodata:00000030 IO004_Handle3
C:\Users\JMASS_~1\AppData\Local\Temp\ccFRwB3a.s:84     .rodata:00000038 IO004_Handle2
C:\Users\JMASS_~1\AppData\Local\Temp\ccFRwB3a.s:91     .rodata:00000040 IO004_Handle14
C:\Users\JMASS_~1\AppData\Local\Temp\ccFRwB3a.s:98     .rodata:00000048 IO004_Handle13
C:\Users\JMASS_~1\AppData\Local\Temp\ccFRwB3a.s:105    .rodata:00000050 IO004_Handle12
C:\Users\JMASS_~1\AppData\Local\Temp\ccFRwB3a.s:112    .rodata:00000058 IO004_Handle11
C:\Users\JMASS_~1\AppData\Local\Temp\ccFRwB3a.s:119    .rodata:00000060 IO004_Handle10
C:\Users\JMASS_~1\AppData\Local\Temp\ccFRwB3a.s:126    .rodata:00000068 IO004_Handle1
C:\Users\JMASS_~1\AppData\Local\Temp\ccFRwB3a.s:133    .rodata:00000070 IO004_Handle0
C:\Users\JMASS_~1\AppData\Local\Temp\ccFRwB3a.s:32     .rodata:00000000 $d

NO UNDEFINED SYMBOLS
