   1              		.syntax unified
   2              		.cpu cortex-m4
   3              		.eabi_attribute 27, 3
   4              		.fpu fpv4-sp-d16
   5              		.eabi_attribute 20, 1
   6              		.eabi_attribute 21, 1
   7              		.eabi_attribute 23, 3
   8              		.eabi_attribute 24, 1
   9              		.eabi_attribute 25, 1
  10              		.eabi_attribute 26, 1
  11              		.eabi_attribute 30, 4
  12              		.eabi_attribute 34, 1
  13              		.eabi_attribute 18, 4
  14              		.thumb
  15              		.file	"IO004.c"
  16              		.section	.text.IO004_Init,"ax",%progbits
  17              		.align	1
  18              		.global	IO004_Init
  19              		.thumb
  20              		.thumb_func
  22              	IO004_Init:
  23              		@ args = 0, pretend = 0, frame = 0
  24              		@ frame_needed = 0, uses_anonymous_args = 0
  25              		@ link register save eliminated.
  26 0000 3C4B     		ldr	r3, .L2
  27 0002 5868     		ldr	r0, [r3, #4]
  28 0004 0022     		movs	r2, #0
  29 0006 4260     		str	r2, [r0, #4]
  30 0008 016C     		ldr	r1, [r0, #64]
  31 000a 21F4E063 		bic	r3, r1, #1792
  32 000e 0364     		str	r3, [r0, #64]
  33 0010 016C     		ldr	r1, [r0, #64]
  34 0012 41F48063 		orr	r3, r1, #1024
  35 0016 0364     		str	r3, [r0, #64]
  36 0018 0169     		ldr	r1, [r0, #16]
  37 001a 0161     		str	r1, [r0, #16]
  38 001c 3648     		ldr	r0, .L2+4
  39 001e 4368     		ldr	r3, [r0, #4]
  40 0020 4FF40071 		mov	r1, #512
  41 0024 5960     		str	r1, [r3, #4]
  42 0026 586C     		ldr	r0, [r3, #68]
  43 0028 20F07001 		bic	r1, r0, #112
  44 002c 5964     		str	r1, [r3, #68]
  45 002e 586C     		ldr	r0, [r3, #68]
  46 0030 40F04001 		orr	r1, r0, #64
  47 0034 5964     		str	r1, [r3, #68]
  48 0036 9869     		ldr	r0, [r3, #24]
  49 0038 9861     		str	r0, [r3, #24]
  50 003a 304B     		ldr	r3, .L2+8
  51 003c 5868     		ldr	r0, [r3, #4]
  52 003e 4260     		str	r2, [r0, #4]
  53 0040 016C     		ldr	r1, [r0, #64]
  54 0042 21F0E063 		bic	r3, r1, #117440512
  55 0046 0364     		str	r3, [r0, #64]
  56 0048 016C     		ldr	r1, [r0, #64]
  57 004a 41F08063 		orr	r3, r1, #67108864
  58 004e 0364     		str	r3, [r0, #64]
  59 0050 4169     		ldr	r1, [r0, #20]
  60 0052 4161     		str	r1, [r0, #20]
  61 0054 2A48     		ldr	r0, .L2+12
  62 0056 4368     		ldr	r3, [r0, #4]
  63 0058 5A60     		str	r2, [r3, #4]
  64 005a 196C     		ldr	r1, [r3, #64]
  65 005c 21F4E020 		bic	r0, r1, #458752
  66 0060 1864     		str	r0, [r3, #64]
  67 0062 196C     		ldr	r1, [r3, #64]
  68 0064 41F48020 		orr	r0, r1, #262144
  69 0068 1864     		str	r0, [r3, #64]
  70 006a 5969     		ldr	r1, [r3, #20]
  71 006c 5961     		str	r1, [r3, #20]
  72 006e 254B     		ldr	r3, .L2+16
  73 0070 5868     		ldr	r0, [r3, #4]
  74 0072 4260     		str	r2, [r0, #4]
  75 0074 016C     		ldr	r1, [r0, #64]
  76 0076 21F4E023 		bic	r3, r1, #458752
  77 007a 0364     		str	r3, [r0, #64]
  78 007c 016C     		ldr	r1, [r0, #64]
  79 007e 41F48023 		orr	r3, r1, #262144
  80 0082 0364     		str	r3, [r0, #64]
  81 0084 4169     		ldr	r1, [r0, #20]
  82 0086 4161     		str	r1, [r0, #20]
  83 0088 1F48     		ldr	r0, .L2+20
  84 008a 4368     		ldr	r3, [r0, #4]
  85 008c 5A60     		str	r2, [r3, #4]
  86 008e 196C     		ldr	r1, [r3, #64]
  87 0090 21F07000 		bic	r0, r1, #112
  88 0094 1864     		str	r0, [r3, #64]
  89 0096 196C     		ldr	r1, [r3, #64]
  90 0098 41F04000 		orr	r0, r1, #64
  91 009c 1864     		str	r0, [r3, #64]
  92 009e 1969     		ldr	r1, [r3, #16]
  93 00a0 1961     		str	r1, [r3, #16]
  94 00a2 1A4B     		ldr	r3, .L2+24
  95 00a4 5868     		ldr	r0, [r3, #4]
  96 00a6 0121     		movs	r1, #1
  97 00a8 4160     		str	r1, [r0, #4]
  98 00aa 036C     		ldr	r3, [r0, #64]
  99 00ac 23F00701 		bic	r1, r3, #7
 100 00b0 0164     		str	r1, [r0, #64]
 101 00b2 036C     		ldr	r3, [r0, #64]
 102 00b4 43F00401 		orr	r1, r3, #4
 103 00b8 0164     		str	r1, [r0, #64]
 104 00ba 0369     		ldr	r3, [r0, #16]
 105 00bc 0361     		str	r3, [r0, #16]
 106 00be 1448     		ldr	r0, .L2+28
 107 00c0 4368     		ldr	r3, [r0, #4]
 108 00c2 5A60     		str	r2, [r3, #4]
 109 00c4 596C     		ldr	r1, [r3, #68]
 110 00c6 21F0E060 		bic	r0, r1, #117440512
 111 00ca 5864     		str	r0, [r3, #68]
 112 00cc 596C     		ldr	r1, [r3, #68]
 113 00ce 41F08060 		orr	r0, r1, #67108864
 114 00d2 5864     		str	r0, [r3, #68]
 115 00d4 D969     		ldr	r1, [r3, #28]
 116 00d6 D961     		str	r1, [r3, #28]
 117 00d8 0E4B     		ldr	r3, .L2+32
 118 00da 5868     		ldr	r0, [r3, #4]
 119 00dc 4260     		str	r2, [r0, #4]
 120 00de 426C     		ldr	r2, [r0, #68]
 121 00e0 22F0E041 		bic	r1, r2, #1879048192
 122 00e4 4164     		str	r1, [r0, #68]
 123 00e6 436C     		ldr	r3, [r0, #68]
 124 00e8 43F08042 		orr	r2, r3, #1073741824
 125 00ec 4264     		str	r2, [r0, #68]
 126 00ee C169     		ldr	r1, [r0, #28]
 127 00f0 C161     		str	r1, [r0, #28]
 128 00f2 7047     		bx	lr
 129              	.L3:
 130              		.align	2
 131              	.L2:
 132 00f4 00000000 		.word	IO004_Handle0
 133 00f8 00000000 		.word	IO004_Handle1
 134 00fc 00000000 		.word	IO004_Handle2
 135 0100 00000000 		.word	IO004_Handle3
 136 0104 00000000 		.word	IO004_Handle4
 137 0108 00000000 		.word	IO004_Handle5
 138 010c 00000000 		.word	IO004_Handle6
 139 0110 00000000 		.word	IO004_Handle7
 140 0114 00000000 		.word	IO004_Handle8
 142              		.section	.text.IO004_DisableOutputDriver,"ax",%progbits
 143              		.align	1
 144              		.global	IO004_DisableOutputDriver
 145              		.thumb
 146              		.thumb_func
 148              	IO004_DisableOutputDriver:
 149              		@ args = 0, pretend = 0, frame = 0
 150              		@ frame_needed = 0, uses_anonymous_args = 0
 151 0000 10B5     		push	{r4, lr}
 152 0002 4378     		ldrb	r3, [r0, #1]	@ zero_extendqisi2
 153 0004 032B     		cmp	r3, #3
 154 0006 11D8     		bhi	.L5
 155 0008 4268     		ldr	r2, [r0, #4]
 156 000a DB00     		lsls	r3, r3, #3
 157 000c 1469     		ldr	r4, [r2, #16]
 158 000e 0333     		adds	r3, r3, #3
 159 0010 1F20     		movs	r0, #31
 160 0012 00FA03F0 		lsl	r0, r0, r3
 161 0016 24EA0000 		bic	r0, r4, r0
 162 001a 1061     		str	r0, [r2, #16]
 163 001c 1069     		ldr	r0, [r2, #16]
 164 001e 01F01F01 		and	r1, r1, #31
 165 0022 01FA03F3 		lsl	r3, r1, r3
 166 0026 0343     		orrs	r3, r3, r0
 167 0028 1361     		str	r3, [r2, #16]
 168 002a 10BD     		pop	{r4, pc}
 169              	.L5:
 170 002c 1A1F     		subs	r2, r3, #4
 171 002e D2B2     		uxtb	r2, r2
 172 0030 032A     		cmp	r2, #3
 173 0032 11D8     		bhi	.L7
 174 0034 4368     		ldr	r3, [r0, #4]
 175 0036 D000     		lsls	r0, r2, #3
 176 0038 5C69     		ldr	r4, [r3, #20]
 177 003a C21C     		adds	r2, r0, #3
 178 003c 1F20     		movs	r0, #31
 179 003e 00FA02F0 		lsl	r0, r0, r2
 180 0042 24EA0000 		bic	r0, r4, r0
 181 0046 5861     		str	r0, [r3, #20]
 182 0048 5869     		ldr	r0, [r3, #20]
 183 004a 01F01F01 		and	r1, r1, #31
 184 004e 01FA02F2 		lsl	r2, r1, r2
 185 0052 0243     		orrs	r2, r2, r0
 186 0054 5A61     		str	r2, [r3, #20]
 187 0056 10BD     		pop	{r4, pc}
 188              	.L7:
 189 0058 A3F10802 		sub	r2, r3, #8
 190 005c D2B2     		uxtb	r2, r2
 191 005e 032A     		cmp	r2, #3
 192 0060 11D8     		bhi	.L8
 193 0062 4368     		ldr	r3, [r0, #4]
 194 0064 D200     		lsls	r2, r2, #3
 195 0066 9C69     		ldr	r4, [r3, #24]
 196 0068 0332     		adds	r2, r2, #3
 197 006a 1F20     		movs	r0, #31
 198 006c 00FA02F0 		lsl	r0, r0, r2
 199 0070 24EA0000 		bic	r0, r4, r0
 200 0074 9861     		str	r0, [r3, #24]
 201 0076 9869     		ldr	r0, [r3, #24]
 202 0078 01F01F01 		and	r1, r1, #31
 203 007c 01FA02F2 		lsl	r2, r1, r2
 204 0080 0243     		orrs	r2, r2, r0
 205 0082 9A61     		str	r2, [r3, #24]
 206 0084 10BD     		pop	{r4, pc}
 207              	.L8:
 208 0086 0C3B     		subs	r3, r3, #12
 209 0088 DBB2     		uxtb	r3, r3
 210 008a 032B     		cmp	r3, #3
 211 008c 10D8     		bhi	.L4
 212 008e 4268     		ldr	r2, [r0, #4]
 213 0090 D800     		lsls	r0, r3, #3
 214 0092 D469     		ldr	r4, [r2, #28]
 215 0094 C31C     		adds	r3, r0, #3
 216 0096 1F20     		movs	r0, #31
 217 0098 00FA03F0 		lsl	r0, r0, r3
 218 009c 24EA0000 		bic	r0, r4, r0
 219 00a0 D061     		str	r0, [r2, #28]
 220 00a2 D069     		ldr	r0, [r2, #28]
 221 00a4 01F01F01 		and	r1, r1, #31
 222 00a8 01FA03F3 		lsl	r3, r1, r3
 223 00ac 0343     		orrs	r3, r3, r0
 224 00ae D361     		str	r3, [r2, #28]
 225              	.L4:
 226 00b0 10BD     		pop	{r4, pc}
 228              		.section	.text.IO004_EnableOutputDriver,"ax",%progbits
 229              		.align	1
 230              		.global	IO004_EnableOutputDriver
 231              		.thumb
 232              		.thumb_func
 234              	IO004_EnableOutputDriver:
 235              		@ args = 0, pretend = 0, frame = 0
 236              		@ frame_needed = 0, uses_anonymous_args = 0
 237 0000 10B5     		push	{r4, lr}
 238 0002 4378     		ldrb	r3, [r0, #1]	@ zero_extendqisi2
 239 0004 032B     		cmp	r3, #3
 240 0006 11D8     		bhi	.L11
 241 0008 4268     		ldr	r2, [r0, #4]
 242 000a DB00     		lsls	r3, r3, #3
 243 000c 1469     		ldr	r4, [r2, #16]
 244 000e 0333     		adds	r3, r3, #3
 245 0010 1F20     		movs	r0, #31
 246 0012 00FA03F0 		lsl	r0, r0, r3
 247 0016 24EA0000 		bic	r0, r4, r0
 248 001a 1061     		str	r0, [r2, #16]
 249 001c 1069     		ldr	r0, [r2, #16]
 250 001e 01F01F01 		and	r1, r1, #31
 251 0022 01FA03F3 		lsl	r3, r1, r3
 252 0026 0343     		orrs	r3, r3, r0
 253 0028 1361     		str	r3, [r2, #16]
 254 002a 10BD     		pop	{r4, pc}
 255              	.L11:
 256 002c 1A1F     		subs	r2, r3, #4
 257 002e D2B2     		uxtb	r2, r2
 258 0030 032A     		cmp	r2, #3
 259 0032 11D8     		bhi	.L13
 260 0034 4368     		ldr	r3, [r0, #4]
 261 0036 D000     		lsls	r0, r2, #3
 262 0038 5C69     		ldr	r4, [r3, #20]
 263 003a C21C     		adds	r2, r0, #3
 264 003c 1F20     		movs	r0, #31
 265 003e 00FA02F0 		lsl	r0, r0, r2
 266 0042 24EA0000 		bic	r0, r4, r0
 267 0046 5861     		str	r0, [r3, #20]
 268 0048 5869     		ldr	r0, [r3, #20]
 269 004a 01F01F01 		and	r1, r1, #31
 270 004e 01FA02F2 		lsl	r2, r1, r2
 271 0052 0243     		orrs	r2, r2, r0
 272 0054 5A61     		str	r2, [r3, #20]
 273 0056 10BD     		pop	{r4, pc}
 274              	.L13:
 275 0058 A3F10802 		sub	r2, r3, #8
 276 005c D2B2     		uxtb	r2, r2
 277 005e 032A     		cmp	r2, #3
 278 0060 11D8     		bhi	.L14
 279 0062 4368     		ldr	r3, [r0, #4]
 280 0064 D200     		lsls	r2, r2, #3
 281 0066 9C69     		ldr	r4, [r3, #24]
 282 0068 0332     		adds	r2, r2, #3
 283 006a 1F20     		movs	r0, #31
 284 006c 00FA02F0 		lsl	r0, r0, r2
 285 0070 24EA0000 		bic	r0, r4, r0
 286 0074 9861     		str	r0, [r3, #24]
 287 0076 9869     		ldr	r0, [r3, #24]
 288 0078 01F01F01 		and	r1, r1, #31
 289 007c 01FA02F2 		lsl	r2, r1, r2
 290 0080 0243     		orrs	r2, r2, r0
 291 0082 9A61     		str	r2, [r3, #24]
 292 0084 10BD     		pop	{r4, pc}
 293              	.L14:
 294 0086 0C3B     		subs	r3, r3, #12
 295 0088 DBB2     		uxtb	r3, r3
 296 008a 032B     		cmp	r3, #3
 297 008c 10D8     		bhi	.L10
 298 008e 4268     		ldr	r2, [r0, #4]
 299 0090 D800     		lsls	r0, r3, #3
 300 0092 D469     		ldr	r4, [r2, #28]
 301 0094 C31C     		adds	r3, r0, #3
 302 0096 1F20     		movs	r0, #31
 303 0098 00FA03F0 		lsl	r0, r0, r3
 304 009c 24EA0000 		bic	r0, r4, r0
 305 00a0 D061     		str	r0, [r2, #28]
 306 00a2 D069     		ldr	r0, [r2, #28]
 307 00a4 01F01F01 		and	r1, r1, #31
 308 00a8 01FA03F3 		lsl	r3, r1, r3
 309 00ac 0343     		orrs	r3, r3, r0
 310 00ae D361     		str	r3, [r2, #28]
 311              	.L10:
 312 00b0 10BD     		pop	{r4, pc}
 314              		.ident	"GCC: (GNU Tools for ARM Embedded Processors) 4.7.4 20130913 (release) [ARM/embedded-4_7-br
DEFINED SYMBOLS
                            *ABS*:00000000 IO004.c
C:\Users\JMASS_~1\AppData\Local\Temp\ccPyhBhn.s:17     .text.IO004_Init:00000000 $t
C:\Users\JMASS_~1\AppData\Local\Temp\ccPyhBhn.s:22     .text.IO004_Init:00000000 IO004_Init
C:\Users\JMASS_~1\AppData\Local\Temp\ccPyhBhn.s:132    .text.IO004_Init:000000f4 $d
C:\Users\JMASS_~1\AppData\Local\Temp\ccPyhBhn.s:143    .text.IO004_DisableOutputDriver:00000000 $t
C:\Users\JMASS_~1\AppData\Local\Temp\ccPyhBhn.s:148    .text.IO004_DisableOutputDriver:00000000 IO004_DisableOutputDriver
C:\Users\JMASS_~1\AppData\Local\Temp\ccPyhBhn.s:229    .text.IO004_EnableOutputDriver:00000000 $t
C:\Users\JMASS_~1\AppData\Local\Temp\ccPyhBhn.s:234    .text.IO004_EnableOutputDriver:00000000 IO004_EnableOutputDriver

UNDEFINED SYMBOLS
IO004_Handle0
IO004_Handle1
IO004_Handle2
IO004_Handle3
IO004_Handle4
IO004_Handle5
IO004_Handle6
IO004_Handle7
IO004_Handle8
