   1              		.syntax unified
   2              		.cpu cortex-m4
   3              		.eabi_attribute 27, 3
   4              		.fpu fpv4-sp-d16
   5              		.eabi_attribute 20, 1
   6              		.eabi_attribute 21, 1
   7              		.eabi_attribute 23, 3
   8              		.eabi_attribute 24, 1
   9              		.eabi_attribute 25, 1
  10              		.eabi_attribute 26, 1
  11              		.eabi_attribute 30, 4
  12              		.eabi_attribute 34, 1
  13              		.eabi_attribute 18, 4
  14              		.thumb
  15              		.file	"Main.c"
  16              		.section	.text.delay,"ax",%progbits
  17              		.align	1
  18              		.global	delay
  19              		.thumb
  20              		.thumb_func
  22              	delay:
  23              		@ args = 0, pretend = 0, frame = 0
  24              		@ frame_needed = 0, uses_anonymous_args = 0
  25              		@ link register save eliminated.
  26              	.L2:
  27 0000 10F1FF30 		adds	r0, r0, #-1
  28 0004 01D3     		bcc	.L5
  29              	.L3:
  30              	@ 327 "C:\DAVE-3.1.10\eclipse\/../CMSIS/Include/core_cmInstr.h" 1
  31 0006 00BF     		nop
  32              	@ 0 "" 2
  33              		.thumb
  34 0008 FAE7     		b	.L2
  35              	.L5:
  36 000a 7047     		bx	lr
  38              		.section	.text.psxLeByte,"ax",%progbits
  39              		.align	1
  40              		.global	psxLeByte
  41              		.thumb
  42              		.thumb_func
  44              	psxLeByte:
  45              		@ args = 0, pretend = 0, frame = 0
  46              		@ frame_needed = 0, uses_anonymous_args = 0
  47 0000 F8B5     		push	{r3, r4, r5, r6, r7, lr}
  48 0002 0024     		movs	r4, #0
  49 0004 2546     		mov	r5, r4
  50              	.L8:
  51 0006 154B     		ldr	r3, .L10
  52 0008 5F78     		ldrb	r7, [r3, #1]	@ zero_extendqisi2
  53 000a 5E68     		ldr	r6, [r3, #4]
  54 000c 4FF48030 		mov	r0, #65536
  55 0010 00FA07F0 		lsl	r0, r0, r7
  56 0014 7060     		str	r0, [r6, #4]
  57 0016 4FF49670 		mov	r0, #300
  58 001a FFF7FEFF 		bl	delay
  59 001e 1049     		ldr	r1, .L10+4
  60 0020 4A68     		ldr	r2, [r1, #4]
  61 0022 4B78     		ldrb	r3, [r1, #1]	@ zero_extendqisi2
  62 0024 506A     		ldr	r0, [r2, #36]
  63 0026 20FA03F1 		lsr	r1, r0, r3
  64 002a 11F0010F 		tst	r1, #1
  65 002e 4FF00102 		mov	r2, #1
  66 0032 08BF     		it	eq
  67 0034 02FA04F0 		lsleq	r0, r2, r4
  68 0038 02FA07F7 		lsl	r7, r2, r7
  69 003c 08BF     		it	eq
  70 003e 0543     		orreq	r5, r5, r0
  71 0040 7760     		str	r7, [r6, #4]
  72 0042 4FF49670 		mov	r0, #300
  73 0046 0134     		adds	r4, r4, #1
  74 0048 FFF7FEFF 		bl	delay
  75 004c 082C     		cmp	r4, #8
  76 004e DAD1     		bne	.L8
  77 0050 6420     		movs	r0, #100
  78 0052 FFF7FEFF 		bl	delay
  79 0056 2846     		mov	r0, r5
  80 0058 F8BD     		pop	{r3, r4, r5, r6, r7, pc}
  81              	.L11:
  82 005a 00BF     		.align	2
  83              	.L10:
  84 005c 00000000 		.word	IO004_Handle10
  85 0060 00000000 		.word	IO004_Handle9
  87              		.section	.text.psxGravaByte,"ax",%progbits
  88              		.align	1
  89              		.global	psxGravaByte
  90              		.thumb
  91              		.thumb_func
  93              	psxGravaByte:
  94              		@ args = 0, pretend = 0, frame = 0
  95              		@ frame_needed = 0, uses_anonymous_args = 0
  96 0000 2DE9F041 		push	{r4, r5, r6, r7, r8, lr}
  97 0004 8046     		mov	r8, r0
  98 0006 0024     		movs	r4, #0
  99              	.L15:
 100 0008 1848     		ldr	r0, .L18
 101 000a 48FA04F3 		asr	r3, r8, r4
 102 000e 13F0010F 		tst	r3, #1
 103 0012 4268     		ldr	r2, [r0, #4]
 104 0014 4578     		ldrb	r5, [r0, #1]	@ zero_extendqisi2
 105 0016 01D0     		beq	.L13
 106 0018 0121     		movs	r1, #1
 107 001a 01E0     		b	.L17
 108              	.L13:
 109 001c 4FF48031 		mov	r1, #65536
 110              	.L17:
 111 0020 134F     		ldr	r7, .L18+4
 112 0022 01FA05F6 		lsl	r6, r1, r5
 113 0026 7D68     		ldr	r5, [r7, #4]
 114 0028 7F78     		ldrb	r7, [r7, #1]	@ zero_extendqisi2
 115 002a 5660     		str	r6, [r2, #4]
 116 002c 4FF48033 		mov	r3, #65536
 117 0030 03FA07F3 		lsl	r3, r3, r7
 118 0034 0126     		movs	r6, #1
 119 0036 6B60     		str	r3, [r5, #4]
 120 0038 4FF49670 		mov	r0, #300
 121 003c 06FA07F7 		lsl	r7, r6, r7
 122 0040 FFF7FEFF 		bl	delay
 123 0044 A419     		adds	r4, r4, r6
 124 0046 6F60     		str	r7, [r5, #4]
 125 0048 4FF49670 		mov	r0, #300
 126 004c FFF7FEFF 		bl	delay
 127 0050 082C     		cmp	r4, #8
 128 0052 D9D1     		bne	.L15
 129 0054 0548     		ldr	r0, .L18
 130 0056 4178     		ldrb	r1, [r0, #1]	@ zero_extendqisi2
 131 0058 4268     		ldr	r2, [r0, #4]
 132 005a 06FA01F6 		lsl	r6, r6, r1
 133 005e 6420     		movs	r0, #100
 134 0060 5660     		str	r6, [r2, #4]
 135 0062 BDE8F041 		pop	{r4, r5, r6, r7, r8, lr}
 136 0066 FFF7FEBF 		b	delay
 137              	.L19:
 138 006a 00BF     		.align	2
 139              	.L18:
 140 006c 00000000 		.word	IO004_Handle12
 141 0070 00000000 		.word	IO004_Handle10
 143              		.section	.text.psxLeControle,"ax",%progbits
 144              		.align	1
 145              		.global	psxLeControle
 146              		.thumb
 147              		.thumb_func
 149              	psxLeControle:
 150              		@ args = 0, pretend = 0, frame = 0
 151              		@ frame_needed = 0, uses_anonymous_args = 0
 152 0000 174B     		ldr	r3, .L23
 153 0002 70B5     		push	{r4, r5, r6, lr}
 154 0004 174D     		ldr	r5, .L23+4
 155 0006 5878     		ldrb	r0, [r3, #1]	@ zero_extendqisi2
 156 0008 5A68     		ldr	r2, [r3, #4]
 157 000a 6B78     		ldrb	r3, [r5, #1]	@ zero_extendqisi2
 158 000c 6E68     		ldr	r6, [r5, #4]
 159 000e 0124     		movs	r4, #1
 160 0010 04FA00F1 		lsl	r1, r4, r0
 161 0014 1448     		ldr	r0, .L23+8
 162 0016 5160     		str	r1, [r2, #4]
 163 0018 04FA03F2 		lsl	r2, r4, r3
 164 001c 7260     		str	r2, [r6, #4]
 165 001e 4678     		ldrb	r6, [r0, #1]	@ zero_extendqisi2
 166 0020 4568     		ldr	r5, [r0, #4]
 167 0022 4FF48031 		mov	r1, #65536
 168 0026 01FA06F1 		lsl	r1, r1, r6
 169 002a 6960     		str	r1, [r5, #4]
 170 002c 4FF49670 		mov	r0, #300
 171 0030 FFF7FEFF 		bl	delay
 172 0034 2046     		mov	r0, r4
 173 0036 FFF7FEFF 		bl	psxGravaByte
 174 003a 4220     		movs	r0, #66
 175 003c FFF7FEFF 		bl	psxGravaByte
 176 0040 0020     		movs	r0, #0
 177 0042 FFF7FEFF 		bl	psxGravaByte
 178 0046 0024     		movs	r4, #0
 179              	.L21:
 180 0048 FFF7FEFF 		bl	psxLeByte
 181 004c 074B     		ldr	r3, .L23+12
 182 004e 1851     		str	r0, [r3, r4]
 183 0050 0434     		adds	r4, r4, #4
 184 0052 182C     		cmp	r4, #24
 185 0054 F8D1     		bne	.L21
 186 0056 0122     		movs	r2, #1
 187 0058 02FA06F6 		lsl	r6, r2, r6
 188 005c 6E60     		str	r6, [r5, #4]
 189 005e 70BD     		pop	{r4, r5, r6, pc}
 190              	.L24:
 191              		.align	2
 192              	.L23:
 193 0060 00000000 		.word	IO004_Handle12
 194 0064 00000000 		.word	IO004_Handle10
 195 0068 00000000 		.word	IO004_Handle11
 196 006c 00000000 		.word	psxDado
 198              		.section	.text.pulse_R,"ax",%progbits
 199              		.align	1
 200              		.global	pulse_R
 201              		.thumb
 202              		.thumb_func
 204              	pulse_R:
 205              		@ args = 0, pretend = 0, frame = 0
 206              		@ frame_needed = 0, uses_anonymous_args = 0
 207 0000 38B5     		push	{r3, r4, r5, lr}
 208 0002 4FF49670 		mov	r0, #300
 209 0006 FFF7FEFF 		bl	delay
 210 000a 084B     		ldr	r3, .L26
 211 000c 5D78     		ldrb	r5, [r3, #1]	@ zero_extendqisi2
 212 000e 5C68     		ldr	r4, [r3, #4]
 213 0010 0120     		movs	r0, #1
 214 0012 00FA05F0 		lsl	r0, r0, r5
 215 0016 6060     		str	r0, [r4, #4]
 216 0018 4FF49670 		mov	r0, #300
 217 001c FFF7FEFF 		bl	delay
 218 0020 4FF48031 		mov	r1, #65536
 219 0024 01FA05F5 		lsl	r5, r1, r5
 220 0028 6560     		str	r5, [r4, #4]
 221 002a 38BD     		pop	{r3, r4, r5, pc}
 222              	.L27:
 223              		.align	2
 224              	.L26:
 225 002c 00000000 		.word	IO004_Handle2
 227              		.section	.text.write_E,"ax",%progbits
 228              		.align	1
 229              		.global	write_E
 230              		.thumb
 231              		.thumb_func
 233              	write_E:
 234              		@ args = 0, pretend = 0, frame = 0
 235              		@ frame_needed = 0, uses_anonymous_args = 0
 236 0000 F8B5     		push	{r3, r4, r5, r6, r7, lr}
 237 0002 2A4B     		ldr	r3, .L41
 238 0004 5F78     		ldrb	r7, [r3, #1]	@ zero_extendqisi2
 239 0006 5E68     		ldr	r6, [r3, #4]
 240 0008 0120     		movs	r0, #1
 241 000a 00FA07F0 		lsl	r0, r0, r7
 242 000e 7060     		str	r0, [r6, #4]
 243 0010 4FF47A70 		mov	r0, #1000
 244 0014 FFF7FEFF 		bl	delay
 245 0018 0725     		movs	r5, #7
 246              	.L29:
 247 001a 0724     		movs	r4, #7
 248              	.L32:
 249 001c 244B     		ldr	r3, .L41+4
 250 001e 0122     		movs	r2, #1
 251 0020 E85C     		ldrb	r0, [r5, r3]	@ zero_extendqisi2
 252 0022 244B     		ldr	r3, .L41+8
 253 0024 02FA04F1 		lsl	r1, r2, r4
 254 0028 0142     		tst	r1, r0
 255 002a 05D0     		beq	.L30
 256 002c 5978     		ldrb	r1, [r3, #1]	@ zero_extendqisi2
 257 002e 5868     		ldr	r0, [r3, #4]
 258 0030 02FA01F2 		lsl	r2, r2, r1
 259 0034 4260     		str	r2, [r0, #4]
 260 0036 06E0     		b	.L31
 261              	.L30:
 262 0038 5878     		ldrb	r0, [r3, #1]	@ zero_extendqisi2
 263 003a 5A68     		ldr	r2, [r3, #4]
 264 003c 4FF48031 		mov	r1, #65536
 265 0040 01FA00F3 		lsl	r3, r1, r0
 266 0044 5360     		str	r3, [r2, #4]
 267              	.L31:
 268 0046 FFF7FEFF 		bl	pulse_R
 269 004a 14F1FF34 		adds	r4, r4, #-1
 270 004e E5D2     		bcs	.L32
 271 0050 013D     		subs	r5, r5, #1
 272 0052 022D     		cmp	r5, #2
 273 0054 E1D1     		bne	.L29
 274              	.L38:
 275 0056 0025     		movs	r5, #0
 276              	.L33:
 277 0058 0724     		movs	r4, #7
 278              	.L36:
 279 005a 174B     		ldr	r3, .L41+12
 280 005c 0122     		movs	r2, #1
 281 005e E95C     		ldrb	r1, [r5, r3]	@ zero_extendqisi2
 282 0060 02FA04F0 		lsl	r0, r2, r4
 283 0064 0842     		tst	r0, r1
 284 0066 1348     		ldr	r0, .L41+8
 285 0068 05D0     		beq	.L34
 286 006a 4378     		ldrb	r3, [r0, #1]	@ zero_extendqisi2
 287 006c 4168     		ldr	r1, [r0, #4]
 288 006e 02FA03F2 		lsl	r2, r2, r3
 289 0072 4A60     		str	r2, [r1, #4]
 290 0074 06E0     		b	.L35
 291              	.L34:
 292 0076 4378     		ldrb	r3, [r0, #1]	@ zero_extendqisi2
 293 0078 4268     		ldr	r2, [r0, #4]
 294 007a 4FF48031 		mov	r1, #65536
 295 007e 01FA03F0 		lsl	r0, r1, r3
 296 0082 5060     		str	r0, [r2, #4]
 297              	.L35:
 298 0084 FFF7FEFF 		bl	pulse_R
 299 0088 14F1FF34 		adds	r4, r4, #-1
 300 008c E5D2     		bcs	.L36
 301 008e 0135     		adds	r5, r5, #1
 302 0090 042D     		cmp	r5, #4
 303 0092 E1D1     		bne	.L33
 304 0094 4FF48032 		mov	r2, #65536
 305 0098 02FA07F7 		lsl	r7, r2, r7
 306 009c 41F28830 		movw	r0, #5000
 307 00a0 7760     		str	r7, [r6, #4]
 308 00a2 BDE8F840 		pop	{r3, r4, r5, r6, r7, lr}
 309 00a6 FFF7FEBF 		b	delay
 310              	.L42:
 311 00aa 00BF     		.align	2
 312              	.L41:
 313 00ac 00000000 		.word	IO004_Handle6
 314 00b0 00000000 		.word	configuration
 315 00b4 00000000 		.word	IO004_Handle4
 316 00b8 00000000 		.word	data_E
 318              		.section	.text.configure_E,"ax",%progbits
 319              		.align	1
 320              		.global	configure_E
 321              		.thumb
 322              		.thumb_func
 324              	configure_E:
 325              		@ args = 0, pretend = 0, frame = 0
 326              		@ frame_needed = 0, uses_anonymous_args = 0
 327 0000 F8B5     		push	{r3, r4, r5, r6, r7, lr}
 328 0002 294B     		ldr	r3, .L50
 329 0004 C422     		movs	r2, #196
 330 0006 4F20     		movs	r0, #79
 331 0008 A321     		movs	r1, #163
 332 000a 1A70     		strb	r2, [r3, #0]
 333 000c 5870     		strb	r0, [r3, #1]
 334 000e 9970     		strb	r1, [r3, #2]
 335 0010 0020     		movs	r0, #0
 336 0012 EE24     		movs	r4, #238
 337 0014 DD25     		movs	r5, #221
 338 0016 CC26     		movs	r6, #204
 339 0018 BB27     		movs	r7, #187
 340 001a AA22     		movs	r2, #170
 341 001c 2021     		movs	r1, #32
 342 001e DC70     		strb	r4, [r3, #3]
 343 0020 1D71     		strb	r5, [r3, #4]
 344 0022 5E71     		strb	r6, [r3, #5]
 345 0024 9F71     		strb	r7, [r3, #6]
 346 0026 DA71     		strb	r2, [r3, #7]
 347 0028 1872     		strb	r0, [r3, #8]
 348 002a 5872     		strb	r0, [r3, #9]
 349 002c 9872     		strb	r0, [r3, #10]
 350 002e D872     		strb	r0, [r3, #11]
 351 0030 1873     		strb	r0, [r3, #12]
 352 0032 9873     		strb	r0, [r3, #14]
 353 0034 5973     		strb	r1, [r3, #13]
 354 0036 1D4B     		ldr	r3, .L50+4
 355 0038 1D4A     		ldr	r2, .L50+8
 356 003a 5D78     		ldrb	r5, [r3, #1]	@ zero_extendqisi2
 357 003c 5C68     		ldr	r4, [r3, #4]
 358 003e 4FF48036 		mov	r6, #65536
 359 0042 06FA05F7 		lsl	r7, r6, r5
 360 0046 6760     		str	r7, [r4, #4]
 361 0048 5778     		ldrb	r7, [r2, #1]	@ zero_extendqisi2
 362 004a 5668     		ldr	r6, [r2, #4]
 363 004c 0120     		movs	r0, #1
 364 004e 00FA07F0 		lsl	r0, r0, r7
 365 0052 7060     		str	r0, [r6, #4]
 366 0054 0E25     		movs	r5, #14
 367              	.L44:
 368 0056 0724     		movs	r4, #7
 369              	.L47:
 370 0058 134B     		ldr	r3, .L50
 371 005a 0122     		movs	r2, #1
 372 005c E85C     		ldrb	r0, [r5, r3]	@ zero_extendqisi2
 373 005e 154B     		ldr	r3, .L50+12
 374 0060 02FA04F1 		lsl	r1, r2, r4
 375 0064 0142     		tst	r1, r0
 376 0066 05D0     		beq	.L45
 377 0068 5978     		ldrb	r1, [r3, #1]	@ zero_extendqisi2
 378 006a 5868     		ldr	r0, [r3, #4]
 379 006c 02FA01F2 		lsl	r2, r2, r1
 380 0070 4260     		str	r2, [r0, #4]
 381 0072 06E0     		b	.L46
 382              	.L45:
 383 0074 5878     		ldrb	r0, [r3, #1]	@ zero_extendqisi2
 384 0076 5A68     		ldr	r2, [r3, #4]
 385 0078 4FF48031 		mov	r1, #65536
 386 007c 01FA00F3 		lsl	r3, r1, r0
 387 0080 5360     		str	r3, [r2, #4]
 388              	.L46:
 389 0082 FFF7FEFF 		bl	pulse_R
 390 0086 14F1FF34 		adds	r4, r4, #-1
 391 008a E5D2     		bcs	.L47
 392 008c 15F1FF35 		adds	r5, r5, #-1
 393 0090 E1D2     		bcs	.L44
 394              	.L48:
 395 0092 4FF48032 		mov	r2, #65536
 396 0096 02FA07F7 		lsl	r7, r2, r7
 397 009a 4CF25030 		movw	r0, #50000
 398 009e 7760     		str	r7, [r6, #4]
 399 00a0 BDE8F840 		pop	{r3, r4, r5, r6, r7, lr}
 400 00a4 FFF7FEBF 		b	delay
 401              	.L51:
 402              		.align	2
 403              	.L50:
 404 00a8 00000000 		.word	configuration
 405 00ac 00000000 		.word	IO004_Handle6
 406 00b0 00000000 		.word	IO004_Handle1
 407 00b4 00000000 		.word	IO004_Handle4
 409              		.section	.text.startup.main,"ax",%progbits
 410              		.align	1
 411              		.global	main
 412              		.thumb
 413              		.thumb_func
 415              	main:
 416              		@ args = 0, pretend = 0, frame = 0
 417              		@ frame_needed = 0, uses_anonymous_args = 0
 418 0000 2DE9F041 		push	{r4, r5, r6, r7, r8, lr}
 419 0004 FFF7FEFF 		bl	DAVE_Init
 420 0008 684D     		ldr	r5, .L90
 421 000a FFF7FEFF 		bl	configure_E
 422 000e 684B     		ldr	r3, .L90+4
 423 0010 6F78     		ldrb	r7, [r5, #1]	@ zero_extendqisi2
 424 0012 5978     		ldrb	r1, [r3, #1]	@ zero_extendqisi2
 425 0014 6E68     		ldr	r6, [r5, #4]
 426 0016 5A68     		ldr	r2, [r3, #4]
 427 0018 0120     		movs	r0, #1
 428 001a 00FA01F4 		lsl	r4, r0, r1
 429 001e 00FA07F0 		lsl	r0, r0, r7
 430 0022 5460     		str	r4, [r2, #4]
 431 0024 7060     		str	r0, [r6, #4]
 432 0026 FFF7FEFF 		bl	psxLeControle
 433 002a 0025     		movs	r5, #0
 434 002c 2C46     		mov	r4, r5
 435              	.L83:
 436 002e FFF7FEFF 		bl	psxLeControle
 437 0032 604B     		ldr	r3, .L90+8
 438 0034 5A68     		ldr	r2, [r3, #4]
 439 0036 C2F3C008 		ubfx	r8, r2, #3, #1
 440 003a 25B9     		cbnz	r5, .L54
 441 003c B8F1000F 		cmp	r8, #0
 442 0040 01D0     		beq	.L54
 443 0042 84F00104 		eor	r4, r4, #1
 444              	.L54:
 445 0046 5C48     		ldr	r0, .L90+12
 446 0048 5E69     		ldr	r6, [r3, #20]
 447 004a AD21     		movs	r1, #173
 448 004c 0170     		strb	r1, [r0, #0]
 449 004e 1EB9     		cbnz	r6, .L55
 450 0050 584F     		ldr	r7, .L90+8
 451 0052 FB68     		ldr	r3, [r7, #12]
 452 0054 002B     		cmp	r3, #0
 453 0056 EAD0     		beq	.L83
 454              	.L55:
 455 0058 564D     		ldr	r5, .L90+8
 456 005a EA68     		ldr	r2, [r5, #12]
 457 005c 7F3E     		subs	r6, r6, #127
 458 005e 7F3A     		subs	r2, r2, #127
 459 0060 B6B2     		uxth	r6, r6
 460 0062 95B2     		uxth	r5, r2
 461 0064 1FFA86FE 		uxth	lr, r6
 462 0068 AFB2     		uxth	r7, r5
 463 006a 0021     		movs	r1, #0
 464 006c 002C     		cmp	r4, #0
 465 006e 48D1     		bne	.L57
 466 0070 0FFA8EF3 		sxth	r3, lr
 467 0074 13F11E0F 		cmn	r3, #30
 468 0078 04DB     		blt	.L71
 469 007a 1E2B     		cmp	r3, #30
 470 007c 4FF00103 		mov	r3, #1
 471 0080 03DC     		bgt	.L72
 472 0082 00E0     		b	.L84
 473              	.L71:
 474 0084 2346     		mov	r3, r4
 475              	.L84:
 476 0086 0121     		movs	r1, #1
 477 0088 00E0     		b	.L58
 478              	.L72:
 479 008a 2146     		mov	r1, r4
 480              	.L58:
 481 008c 3AB2     		sxth	r2, r7
 482 008e 12F11E0F 		cmn	r2, #30
 483 0092 04DB     		blt	.L73
 484 0094 1E2A     		cmp	r2, #30
 485 0096 4FF00102 		mov	r2, #1
 486 009a 03DC     		bgt	.L74
 487 009c 00E0     		b	.L85
 488              	.L73:
 489 009e 0022     		movs	r2, #0
 490              	.L85:
 491 00a0 0120     		movs	r0, #1
 492 00a2 00E0     		b	.L59
 493              	.L74:
 494 00a4 0020     		movs	r0, #0
 495              	.L59:
 496 00a6 0FFA8EFC 		sxth	ip, lr
 497 00aa BCF1000F 		cmp	ip, #0
 498 00ae D6BF     		itet	le
 499 00b0 6FF0010C 		mvnle	ip, #1
 500 00b4 4FEA460C 		lslgt	ip, r6, #1
 501 00b8 0CFB06FC 		mulle	ip, ip, r6
 502 00bc 1FFA8CFE 		uxth	lr, ip
 503 00c0 0FFA8EFE 		sxth	lr, lr
 504 00c4 4FEA8E0C 		lsl	ip, lr, #2
 505 00c8 4FEA8E1E 		lsl	lr, lr, #6
 506 00cc CCEB0E0E 		rsb	lr, ip, lr
 507 00d0 394E     		ldr	r6, .L90+12
 508 00d2 4FF0640C 		mov	ip, #100
 509 00d6 3FB2     		sxth	r7, r7
 510 00d8 9EFBFCFE 		sdiv	lr, lr, ip
 511 00dc 002F     		cmp	r7, #0
 512 00de 86F801E0 		strb	lr, [r6, #1]
 513 00e2 01DD     		ble	.L62
 514 00e4 6D00     		lsls	r5, r5, #1
 515 00e6 02E0     		b	.L87
 516              	.L62:
 517 00e8 6FF00107 		mvn	r7, #1
 518 00ec 7D43     		muls	r5, r7, r5
 519              	.L87:
 520 00ee ADB2     		uxth	r5, r5
 521 00f0 2DB2     		sxth	r5, r5
 522 00f2 AF00     		lsls	r7, r5, #2
 523 00f4 AD01     		lsls	r5, r5, #6
 524 00f6 ED1B     		subs	r5, r5, r7
 525 00f8 6427     		movs	r7, #100
 526 00fa 95FBF7F5 		sdiv	r5, r5, r7
 527 00fe B570     		strb	r5, [r6, #2]
 528 0100 45E0     		b	.L64
 529              	.L57:
 530 0102 38B2     		sxth	r0, r7
 531 0104 1E28     		cmp	r0, #30
 532 0106 05DC     		bgt	.L75
 533 0108 10F11E03 		adds	r3, r0, #30
 534 010c 4FF00103 		mov	r3, #1
 535 0110 02DB     		blt	.L65
 536 0112 00E0     		b	.L88
 537              	.L75:
 538 0114 0B46     		mov	r3, r1
 539              	.L88:
 540 0116 0121     		movs	r1, #1
 541              	.L65:
 542 0118 0FFA8EF2 		sxth	r2, lr
 543 011c 1E2A     		cmp	r2, #30
 544 011e 08DC     		bgt	.L77
 545 0120 12F11E0F 		cmn	r2, #30
 546 0124 B4BF     		ite	lt
 547 0126 0020     		movlt	r0, #0
 548 0128 0120     		movge	r0, #1
 549 012a 002A     		cmp	r2, #0
 550 012c 08DD     		ble	.L67
 551 012e 0122     		movs	r2, #1
 552 0130 01E0     		b	.L66
 553              	.L77:
 554 0132 0022     		movs	r2, #0
 555 0134 0120     		movs	r0, #1
 556              	.L66:
 557 0136 4FEA4606 		lsl	r6, r6, #1
 558 013a 1FFA86FE 		uxth	lr, r6
 559 013e 06E0     		b	.L68
 560              	.L67:
 561 0140 6FF0010C 		mvn	ip, #1
 562 0144 0CFB06F6 		mul	r6, ip, r6
 563 0148 1FFA86FE 		uxth	lr, r6
 564 014c 0122     		movs	r2, #1
 565              	.L68:
 566 014e 0FFA8EFE 		sxth	lr, lr
 567 0152 4FEA8E0C 		lsl	ip, lr, #2
 568 0156 4FEA8E1E 		lsl	lr, lr, #6
 569 015a CCEB0E0E 		rsb	lr, ip, lr
 570 015e 164E     		ldr	r6, .L90+12
 571 0160 4FF0640C 		mov	ip, #100
 572 0164 3FB2     		sxth	r7, r7
 573 0166 9EFBFCFE 		sdiv	lr, lr, ip
 574 016a 002F     		cmp	r7, #0
 575 016c 86F802E0 		strb	lr, [r6, #2]
 576 0170 01DD     		ble	.L69
 577 0172 6D00     		lsls	r5, r5, #1
 578 0174 02E0     		b	.L89
 579              	.L69:
 580 0176 6FF00107 		mvn	r7, #1
 581 017a 7D43     		muls	r5, r7, r5
 582              	.L89:
 583 017c ADB2     		uxth	r5, r5
 584 017e 2DB2     		sxth	r5, r5
 585 0180 AF00     		lsls	r7, r5, #2
 586 0182 AD01     		lsls	r5, r5, #6
 587 0184 ED1B     		subs	r5, r5, r7
 588 0186 6427     		movs	r7, #100
 589 0188 95FBF7F5 		sdiv	r5, r5, r7
 590 018c 7570     		strb	r5, [r6, #1]
 591              	.L64:
 592 018e 5201     		lsls	r2, r2, #5
 593 0190 42EA0010 		orr	r0, r2, r0, lsl #4
 594 0194 41F00201 		orr	r1, r1, #2
 595 0198 40EA0106 		orr	r6, r0, r1
 596 019c 064F     		ldr	r7, .L90+12
 597 019e 46EAC303 		orr	r3, r6, r3, lsl #3
 598 01a2 FB70     		strb	r3, [r7, #3]
 599 01a4 4546     		mov	r5, r8
 600 01a6 FFF7FEFF 		bl	write_E
 601 01aa 40E7     		b	.L83
 602              	.L91:
 603              		.align	2
 604              	.L90:
 605 01ac 00000000 		.word	IO004_Handle8
 606 01b0 00000000 		.word	IO004_Handle7
 607 01b4 00000000 		.word	psxDado
 608 01b8 00000000 		.word	data_E
 610              		.section	.text.read_R,"ax",%progbits
 611              		.align	1
 612              		.global	read_R
 613              		.thumb
 614              		.thumb_func
 616              	read_R:
 617              		@ args = 0, pretend = 0, frame = 0
 618              		@ frame_needed = 0, uses_anonymous_args = 0
 619 0000 F8B5     		push	{r3, r4, r5, r6, r7, lr}
 620 0002 164B     		ldr	r3, .L99
 621 0004 5F78     		ldrb	r7, [r3, #1]	@ zero_extendqisi2
 622 0006 5E68     		ldr	r6, [r3, #4]
 623 0008 4FF48030 		mov	r0, #65536
 624 000c 00FA07F0 		lsl	r0, r0, r7
 625 0010 7060     		str	r0, [r6, #4]
 626 0012 4CF25030 		movw	r0, #50000
 627 0016 FFF7FEFF 		bl	delay
 628 001a 0025     		movs	r5, #0
 629 001c 0724     		movs	r4, #7
 630              	.L94:
 631 001e 1049     		ldr	r1, .L99+4
 632 0020 4A68     		ldr	r2, [r1, #4]
 633 0022 4B78     		ldrb	r3, [r1, #1]	@ zero_extendqisi2
 634 0024 506A     		ldr	r0, [r2, #36]
 635 0026 20FA03F1 		lsr	r1, r0, r3
 636 002a CB07     		lsls	r3, r1, #31
 637 002c 04D5     		bpl	.L93
 638 002e 0122     		movs	r2, #1
 639 0030 02FA04F2 		lsl	r2, r2, r4
 640 0034 1543     		orrs	r5, r5, r2
 641 0036 EDB2     		uxtb	r5, r5
 642              	.L93:
 643 0038 FFF7FEFF 		bl	pulse_R
 644 003c 14F1FF34 		adds	r4, r4, #-1
 645 0040 EDD2     		bcs	.L94
 646 0042 0848     		ldr	r0, .L99+8
 647 0044 0123     		movs	r3, #1
 648 0046 0570     		strb	r5, [r0, #0]
 649 0048 03FA07F7 		lsl	r7, r3, r7
 650 004c 4CF25030 		movw	r0, #50000
 651 0050 7760     		str	r7, [r6, #4]
 652 0052 BDE8F840 		pop	{r3, r4, r5, r6, r7, lr}
 653 0056 FFF7FEBF 		b	delay
 654              	.L100:
 655 005a 00BF     		.align	2
 656              	.L99:
 657 005c 00000000 		.word	IO004_Handle6
 658 0060 00000000 		.word	IO004_Handle4
 659 0064 00000000 		.word	.LANCHOR0
 661              		.section	.text.printByteToInt,"ax",%progbits
 662              		.align	1
 663              		.global	printByteToInt
 664              		.thumb
 665              		.thumb_func
 667              	printByteToInt:
 668              		@ args = 0, pretend = 0, frame = 0
 669              		@ frame_needed = 0, uses_anonymous_args = 0
 670 0000 0A23     		movs	r3, #10
 671 0002 70B5     		push	{r4, r5, r6, lr}
 672 0004 B0FBF3F4 		udiv	r4, r0, r3
 673 0008 E5B2     		uxtb	r5, r4
 674 000a B5FBF3F1 		udiv	r1, r5, r3
 675 000e B1FBF3F6 		udiv	r6, r1, r3
 676 0012 0A4A     		ldr	r2, .L102
 677 0014 06FB1316 		mls	r6, r6, r3, r1
 678 0018 03FB1400 		mls	r0, r3, r4, r0
 679 001c 03FB1151 		mls	r1, r3, r1, r5
 680 0020 1268     		ldr	r2, [r2, #0]
 681 0022 3036     		adds	r6, r6, #48
 682 0024 3031     		adds	r1, r1, #48
 683 0026 3030     		adds	r0, r0, #48
 684 0028 F6B2     		uxtb	r6, r6
 685 002a C9B2     		uxtb	r1, r1
 686 002c C3B2     		uxtb	r3, r0
 687 002e C2F88061 		str	r6, [r2, #384]
 688 0032 C2F88011 		str	r1, [r2, #384]
 689 0036 C2F88031 		str	r3, [r2, #384]
 690 003a 70BD     		pop	{r4, r5, r6, pc}
 691              	.L103:
 692              		.align	2
 693              	.L102:
 694 003c 00000000 		.word	UART001_Handle0
 696              		.comm	data_E,4,1
 697              		.global	data_R
 698              		.comm	configuration,15,1
 699              		.comm	psxDado,24,4
 700              		.global	select
 701              		.global	start
 702              		.global	down
 703              		.global	up
 704              		.global	right
 705              		.global	left
 706              		.global	circle
 707              		.global	triangle
 708              		.global	sqr
 709              		.global	cross
 710              		.global	r2
 711              		.global	r1
 712              		.global	l2
 713              		.global	l1
 714              		.data
 715              		.set	.LANCHOR0,. + 0
 718              	data_R:
 719 0000 30       		.byte	48
 720              		.bss
 721              		.align	2
 724              	select:
 725 0000 00000000 		.space	4
 728              	start:
 729 0004 00000000 		.space	4
 732              	down:
 733 0008 00000000 		.space	4
 736              	up:
 737 000c 00000000 		.space	4
 740              	right:
 741 0010 00000000 		.space	4
 744              	left:
 745 0014 00000000 		.space	4
 748              	circle:
 749 0018 00000000 		.space	4
 752              	triangle:
 753 001c 00000000 		.space	4
 756              	sqr:
 757 0020 00000000 		.space	4
 760              	cross:
 761 0024 00000000 		.space	4
 764              	r2:
 765 0028 00000000 		.space	4
 768              	r1:
 769 002c 00000000 		.space	4
 772              	l2:
 773 0030 00000000 		.space	4
 776              	l1:
 777 0034 00000000 		.space	4
 778              		.ident	"GCC: (GNU Tools for ARM Embedded Processors) 4.7.4 20130913 (release) [ARM/embedded-4_7-br
DEFINED SYMBOLS
                            *ABS*:00000000 Main.c
C:\Users\Carlos\AppData\Local\Temp\cc1PGRnX.s:17     .text.delay:00000000 $t
C:\Users\Carlos\AppData\Local\Temp\cc1PGRnX.s:22     .text.delay:00000000 delay
C:\Users\Carlos\AppData\Local\Temp\cc1PGRnX.s:39     .text.psxLeByte:00000000 $t
C:\Users\Carlos\AppData\Local\Temp\cc1PGRnX.s:44     .text.psxLeByte:00000000 psxLeByte
C:\Users\Carlos\AppData\Local\Temp\cc1PGRnX.s:84     .text.psxLeByte:0000005c $d
C:\Users\Carlos\AppData\Local\Temp\cc1PGRnX.s:88     .text.psxGravaByte:00000000 $t
C:\Users\Carlos\AppData\Local\Temp\cc1PGRnX.s:93     .text.psxGravaByte:00000000 psxGravaByte
C:\Users\Carlos\AppData\Local\Temp\cc1PGRnX.s:140    .text.psxGravaByte:0000006c $d
C:\Users\Carlos\AppData\Local\Temp\cc1PGRnX.s:144    .text.psxLeControle:00000000 $t
C:\Users\Carlos\AppData\Local\Temp\cc1PGRnX.s:149    .text.psxLeControle:00000000 psxLeControle
C:\Users\Carlos\AppData\Local\Temp\cc1PGRnX.s:193    .text.psxLeControle:00000060 $d
                            *COM*:00000018 psxDado
C:\Users\Carlos\AppData\Local\Temp\cc1PGRnX.s:199    .text.pulse_R:00000000 $t
C:\Users\Carlos\AppData\Local\Temp\cc1PGRnX.s:204    .text.pulse_R:00000000 pulse_R
C:\Users\Carlos\AppData\Local\Temp\cc1PGRnX.s:225    .text.pulse_R:0000002c $d
C:\Users\Carlos\AppData\Local\Temp\cc1PGRnX.s:228    .text.write_E:00000000 $t
C:\Users\Carlos\AppData\Local\Temp\cc1PGRnX.s:233    .text.write_E:00000000 write_E
C:\Users\Carlos\AppData\Local\Temp\cc1PGRnX.s:313    .text.write_E:000000ac $d
                            *COM*:0000000f configuration
                            *COM*:00000004 data_E
C:\Users\Carlos\AppData\Local\Temp\cc1PGRnX.s:319    .text.configure_E:00000000 $t
C:\Users\Carlos\AppData\Local\Temp\cc1PGRnX.s:324    .text.configure_E:00000000 configure_E
C:\Users\Carlos\AppData\Local\Temp\cc1PGRnX.s:404    .text.configure_E:000000a8 $d
C:\Users\Carlos\AppData\Local\Temp\cc1PGRnX.s:410    .text.startup.main:00000000 $t
C:\Users\Carlos\AppData\Local\Temp\cc1PGRnX.s:415    .text.startup.main:00000000 main
C:\Users\Carlos\AppData\Local\Temp\cc1PGRnX.s:605    .text.startup.main:000001ac $d
C:\Users\Carlos\AppData\Local\Temp\cc1PGRnX.s:611    .text.read_R:00000000 $t
C:\Users\Carlos\AppData\Local\Temp\cc1PGRnX.s:616    .text.read_R:00000000 read_R
C:\Users\Carlos\AppData\Local\Temp\cc1PGRnX.s:657    .text.read_R:0000005c $d
C:\Users\Carlos\AppData\Local\Temp\cc1PGRnX.s:662    .text.printByteToInt:00000000 $t
C:\Users\Carlos\AppData\Local\Temp\cc1PGRnX.s:667    .text.printByteToInt:00000000 printByteToInt
C:\Users\Carlos\AppData\Local\Temp\cc1PGRnX.s:694    .text.printByteToInt:0000003c $d
C:\Users\Carlos\AppData\Local\Temp\cc1PGRnX.s:718    .data:00000000 data_R
C:\Users\Carlos\AppData\Local\Temp\cc1PGRnX.s:724    .bss:00000000 select
C:\Users\Carlos\AppData\Local\Temp\cc1PGRnX.s:728    .bss:00000004 start
C:\Users\Carlos\AppData\Local\Temp\cc1PGRnX.s:732    .bss:00000008 down
C:\Users\Carlos\AppData\Local\Temp\cc1PGRnX.s:736    .bss:0000000c up
C:\Users\Carlos\AppData\Local\Temp\cc1PGRnX.s:740    .bss:00000010 right
C:\Users\Carlos\AppData\Local\Temp\cc1PGRnX.s:744    .bss:00000014 left
C:\Users\Carlos\AppData\Local\Temp\cc1PGRnX.s:748    .bss:00000018 circle
C:\Users\Carlos\AppData\Local\Temp\cc1PGRnX.s:752    .bss:0000001c triangle
C:\Users\Carlos\AppData\Local\Temp\cc1PGRnX.s:756    .bss:00000020 sqr
C:\Users\Carlos\AppData\Local\Temp\cc1PGRnX.s:760    .bss:00000024 cross
C:\Users\Carlos\AppData\Local\Temp\cc1PGRnX.s:764    .bss:00000028 r2
C:\Users\Carlos\AppData\Local\Temp\cc1PGRnX.s:768    .bss:0000002c r1
C:\Users\Carlos\AppData\Local\Temp\cc1PGRnX.s:772    .bss:00000030 l2
C:\Users\Carlos\AppData\Local\Temp\cc1PGRnX.s:776    .bss:00000034 l1
C:\Users\Carlos\AppData\Local\Temp\cc1PGRnX.s:721    .bss:00000000 $d

UNDEFINED SYMBOLS
IO004_Handle10
IO004_Handle9
IO004_Handle12
IO004_Handle11
IO004_Handle2
IO004_Handle6
IO004_Handle4
IO004_Handle1
DAVE_Init
IO004_Handle8
IO004_Handle7
UART001_Handle0
