   1              		.syntax unified
   2              		.cpu cortex-m4
   3              		.eabi_attribute 27, 3
   4              		.fpu fpv4-sp-d16
   5              		.eabi_attribute 20, 1
   6              		.eabi_attribute 21, 1
   7              		.eabi_attribute 23, 3
   8              		.eabi_attribute 24, 1
   9              		.eabi_attribute 25, 1
  10              		.eabi_attribute 26, 1
  11              		.eabi_attribute 30, 4
  12              		.eabi_attribute 34, 1
  13              		.eabi_attribute 18, 4
  14              		.thumb
  15              		.file	"MULTIPLEXER.c"
  16              		.section	.text.DAVE_MUX_Init,"ax",%progbits
  17              		.align	1
  18              		.global	DAVE_MUX_Init
  19              		.thumb
  20              		.thumb_func
  22              	DAVE_MUX_Init:
  23              		@ args = 0, pretend = 0, frame = 0
  24              		@ frame_needed = 0, uses_anonymous_args = 0
  25              		@ link register save eliminated.
  26 0000 154B     		ldr	r3, .L2
  27 0002 1A69     		ldr	r2, [r3, #16]
  28 0004 22F0B800 		bic	r0, r2, #184
  29 0008 40F09801 		orr	r1, r0, #152
  30 000c 1961     		str	r1, [r3, #16]
  31 000e 1A69     		ldr	r2, [r3, #16]
  32 0010 22F43840 		bic	r0, r2, #47104
  33 0014 40F41841 		orr	r1, r0, #38912
  34 0018 1961     		str	r1, [r3, #16]
  35 001a 1A69     		ldr	r2, [r3, #16]
  36 001c 22F43800 		bic	r0, r2, #12058624
  37 0020 40F41801 		orr	r1, r0, #9961472
  38 0024 1961     		str	r1, [r3, #16]
  39 0026 D3F81021 		ldr	r2, [r3, #272]
  40 002a 42F40000 		orr	r0, r2, #8388608
  41 002e C3F81001 		str	r0, [r3, #272]
  42 0032 D3F81411 		ldr	r1, [r3, #276]
  43 0036 41F08002 		orr	r2, r1, #128
  44 003a C3F81421 		str	r2, [r3, #276]
  45 003e D3F81401 		ldr	r0, [r3, #276]
  46 0042 40F40041 		orr	r1, r0, #32768
  47 0046 C3F81411 		str	r1, [r3, #276]
  48 004a D3F81821 		ldr	r2, [r3, #280]
  49 004e 42F08000 		orr	r0, r2, #128
  50 0052 C3F81801 		str	r0, [r3, #280]
  51 0056 7047     		bx	lr
  52              	.L3:
  53              		.align	2
  54              	.L2:
  55 0058 00810248 		.word	1208123648
  57              		.section	.text.DAVE_MUX_PreInit,"ax",%progbits
  58              		.align	1
  59              		.global	DAVE_MUX_PreInit
  60              		.thumb
  61              		.thumb_func
  63              	DAVE_MUX_PreInit:
  64              		@ args = 0, pretend = 0, frame = 0
  65              		@ frame_needed = 0, uses_anonymous_args = 0
  66              		@ link register save eliminated.
  67 0000 7047     		bx	lr
  69              		.ident	"GCC: (GNU Tools for ARM Embedded Processors) 4.7.4 20130913 (release) [ARM/embedded-4_7-br
DEFINED SYMBOLS
                            *ABS*:00000000 MULTIPLEXER.c
C:\Users\JMASS_~1\AppData\Local\Temp\ccCkW9Gl.s:17     .text.DAVE_MUX_Init:00000000 $t
C:\Users\JMASS_~1\AppData\Local\Temp\ccCkW9Gl.s:22     .text.DAVE_MUX_Init:00000000 DAVE_MUX_Init
C:\Users\JMASS_~1\AppData\Local\Temp\ccCkW9Gl.s:55     .text.DAVE_MUX_Init:00000058 $d
C:\Users\JMASS_~1\AppData\Local\Temp\ccCkW9Gl.s:58     .text.DAVE_MUX_PreInit:00000000 $t
C:\Users\JMASS_~1\AppData\Local\Temp\ccCkW9Gl.s:63     .text.DAVE_MUX_PreInit:00000000 DAVE_MUX_PreInit

NO UNDEFINED SYMBOLS
