   1              		.syntax unified
   2              		.cpu cortex-m4
   3              		.eabi_attribute 27, 3
   4              		.fpu fpv4-sp-d16
   5              		.eabi_attribute 20, 1
   6              		.eabi_attribute 21, 1
   7              		.eabi_attribute 23, 3
   8              		.eabi_attribute 24, 1
   9              		.eabi_attribute 25, 1
  10              		.eabi_attribute 26, 1
  11              		.eabi_attribute 30, 6
  12              		.eabi_attribute 34, 1
  13              		.eabi_attribute 18, 4
  14              		.thumb
  15              		.file	"IO004_Conf.c"
  16              		.text
  17              	.Ltext0:
  18              		.cfi_sections	.debug_frame
  19              		.global	IO004_Handle0
  20              		.section	.rodata
  21              		.align	2
  24              	IO004_Handle0:
  25 0000 01       		.byte	1
  26 0001 00       		.byte	0
  27 0002 0000     		.space	2
  28 0004 00810248 		.word	1208123648
  29              		.global	IO004_Handle1
  30              		.align	2
  33              	IO004_Handle1:
  34 0008 01       		.byte	1
  35 0009 03       		.byte	3
  36 000a 0000     		.space	2
  37 000c 00810248 		.word	1208123648
  38              		.global	IO004_Handle10
  39              		.align	2
  42              	IO004_Handle10:
  43 0010 02       		.byte	2
  44 0011 08       		.byte	8
  45 0012 0000     		.space	2
  46 0014 00820248 		.word	1208123904
  47              		.global	IO004_Handle11
  48              		.align	2
  51              	IO004_Handle11:
  52 0018 02       		.byte	2
  53 0019 05       		.byte	5
  54 001a 0000     		.space	2
  55 001c 00820248 		.word	1208123904
  56              		.global	IO004_Handle12
  57              		.align	2
  60              	IO004_Handle12:
  61 0020 02       		.byte	2
  62 0021 04       		.byte	4
  63 0022 0000     		.space	2
  64 0024 00820248 		.word	1208123904
  65              		.global	IO004_Handle13
  66              		.align	2
  69              	IO004_Handle13:
  70 0028 02       		.byte	2
  71 0029 03       		.byte	3
  72 002a 0000     		.space	2
  73 002c 00820248 		.word	1208123904
  74              		.global	IO004_Handle14
  75              		.align	2
  78              	IO004_Handle14:
  79 0030 02       		.byte	2
  80 0031 02       		.byte	2
  81 0032 0000     		.space	2
  82 0034 00820248 		.word	1208123904
  83              		.global	IO004_Handle15
  84              		.align	2
  87              	IO004_Handle15:
  88 0038 00       		.byte	0
  89 0039 0C       		.byte	12
  90 003a 0000     		.space	2
  91 003c 00800248 		.word	1208123392
  92              		.global	IO004_Handle2
  93              		.align	2
  96              	IO004_Handle2:
  97 0040 01       		.byte	1
  98 0041 02       		.byte	2
  99 0042 0000     		.space	2
 100 0044 00810248 		.word	1208123648
 101              		.global	IO004_Handle3
 102              		.align	2
 105              	IO004_Handle3:
 106 0048 01       		.byte	1
 107 0049 09       		.byte	9
 108 004a 0000     		.space	2
 109 004c 00810248 		.word	1208123648
 110              		.global	IO004_Handle4
 111              		.align	2
 114              	IO004_Handle4:
 115 0050 05       		.byte	5
 116 0051 07       		.byte	7
 117 0052 0000     		.space	2
 118 0054 00850248 		.word	1208124672
 119              		.global	IO004_Handle6
 120              		.align	2
 123              	IO004_Handle6:
 124 0058 03       		.byte	3
 125 0059 03       		.byte	3
 126 005a 0000     		.space	2
 127 005c 00830248 		.word	1208124160
 128              		.global	IO004_Handle7
 129              		.align	2
 132              	IO004_Handle7:
 133 0060 01       		.byte	1
 134 0061 08       		.byte	8
 135 0062 0000     		.space	2
 136 0064 00810248 		.word	1208123648
 137              		.global	IO004_Handle8
 138              		.align	2
 141              	IO004_Handle8:
 142 0068 00       		.byte	0
 143 0069 07       		.byte	7
 144 006a 0000     		.space	2
 145 006c 00800248 		.word	1208123392
 146              		.global	IO004_Handle9
 147              		.align	2
 150              	IO004_Handle9:
 151 0070 05       		.byte	5
 152 0071 06       		.byte	6
 153 0072 0000     		.space	2
 154 0074 00850248 		.word	1208124672
 155              		.text
 156              	.Letext0:
 157              		.file 1 "c:\\dave-3.1.10\\arm-gcc\\bin\\../lib/gcc/arm-none-eabi/4.7.4/../../../../arm-none-eabi/i
 158              		.file 2 "C:\\Users\\jmass_000\\Documents\\Unicamp\\Phoenix\\Controle-e-Telemetria\\DAVE\\ControleI
 159              		.file 3 "C:\\DAVE-3.1.10\\eclipse\\/../CMSIS/Include/core_cm4.h"
 160              		.file 4 "../Dave/Generated/src/IO004/IO004_Conf.c"
 161              		.file 5 "C:\\Users\\jmass_000\\Documents\\Unicamp\\Phoenix\\Controle-e-Telemetria\\DAVE\\ControleI
DEFINED SYMBOLS
                            *ABS*:00000000 IO004_Conf.c
C:\Users\JMASS_~1\AppData\Local\Temp\ccLSZNZh.s:24     .rodata:00000000 IO004_Handle0
C:\Users\JMASS_~1\AppData\Local\Temp\ccLSZNZh.s:21     .rodata:00000000 $d
C:\Users\JMASS_~1\AppData\Local\Temp\ccLSZNZh.s:33     .rodata:00000008 IO004_Handle1
C:\Users\JMASS_~1\AppData\Local\Temp\ccLSZNZh.s:42     .rodata:00000010 IO004_Handle10
C:\Users\JMASS_~1\AppData\Local\Temp\ccLSZNZh.s:51     .rodata:00000018 IO004_Handle11
C:\Users\JMASS_~1\AppData\Local\Temp\ccLSZNZh.s:60     .rodata:00000020 IO004_Handle12
C:\Users\JMASS_~1\AppData\Local\Temp\ccLSZNZh.s:69     .rodata:00000028 IO004_Handle13
C:\Users\JMASS_~1\AppData\Local\Temp\ccLSZNZh.s:78     .rodata:00000030 IO004_Handle14
C:\Users\JMASS_~1\AppData\Local\Temp\ccLSZNZh.s:87     .rodata:00000038 IO004_Handle15
C:\Users\JMASS_~1\AppData\Local\Temp\ccLSZNZh.s:96     .rodata:00000040 IO004_Handle2
C:\Users\JMASS_~1\AppData\Local\Temp\ccLSZNZh.s:105    .rodata:00000048 IO004_Handle3
C:\Users\JMASS_~1\AppData\Local\Temp\ccLSZNZh.s:114    .rodata:00000050 IO004_Handle4
C:\Users\JMASS_~1\AppData\Local\Temp\ccLSZNZh.s:123    .rodata:00000058 IO004_Handle6
C:\Users\JMASS_~1\AppData\Local\Temp\ccLSZNZh.s:132    .rodata:00000060 IO004_Handle7
C:\Users\JMASS_~1\AppData\Local\Temp\ccLSZNZh.s:141    .rodata:00000068 IO004_Handle8
C:\Users\JMASS_~1\AppData\Local\Temp\ccLSZNZh.s:150    .rodata:00000070 IO004_Handle9
                           .group:00000000 wm4.1.e3bdd798bb23f70d94471cb7157fa38f
                           .group:00000000 wm4.XMC4500.h.45.215f4b8c79f46c7645c15373868d08c0
                           .group:00000000 wm4.core_cm4.h.47.41af406cb4cda82c972f112a9cd0a024
                           .group:00000000 wm4.newlib.h.8.a9901dc52d1357e3e94003403d43f8b5
                           .group:00000000 wm4.features.h.22.b72b3baab2bb2eab3661375590100b6b
                           .group:00000000 wm4.config.h.193.5fb8ef056cdff92dec3dee9552839d8c
                           .group:00000000 wm4._ansi.h.23.7aefdac4826acebbfc9f3822a0aeb14c
                           .group:00000000 wm4.stdint.h.20.54ad762faa59e3c05491630641c8d8bf
                           .group:00000000 wm4.core_cmInstr.h.39.3d3d1b4a79aef37532666dc6ee87c6ac
                           .group:00000000 wm4.core_cm4_simd.h.43.b5d1d38735af6366227b4256d330cf13
                           .group:00000000 wm4.core_cm4.h.178.e5ef5ce66d198d7f00f9d0076e267c41
                           .group:00000000 wm4.system_XMC4500.h.29.827f68baa362c84f2abae4ab67dde7c9
                           .group:00000000 wm4.XMC4500.h.198.8e022f279ff353ed081df898dc7b9cf3
                           .group:00000000 wm4.stddef.h.40.50cf36416e06376af8a9dca28536f2e4
                           .group:00000000 wm4.types.h.60.e75c47576398c648cdcf9000ace5e3d8
                           .group:00000000 wm4.MULTIPLEXER.h.46.4a863fbae1c79f0db26da3ce2dc30d02
                           .group:00000000 wm4.CCU8PWMLIB.h.74.725ec81203769525cc7a424597055f47
                           .group:00000000 wm4.MOTORLIB.h.62.951091d95913dd2ff36d761323a1771d
                           .group:00000000 wm4.DBG001.h.116.d6d9e7459a0faa3905c97c1d2edb339d
                           .group:00000000 wm4.uc_id.h.35.6a563b5a45d32cec26f5b514b510065d
                           .group:00000000 wm4.CLK001_Const.h.50.e5e9c2ddc89f4cc9e7b93e9648fa94e4
                           .group:00000000 wm4.CLK001_Conf.h.81.30c263516f6a2d50f9535345c116cddb
                           .group:00000000 wm4.CCU4Global_Conf.h.63.10a5fc586e1563647b9633c45b1b739e
                           .group:00000000 wm4.PWMSP001.h.57.29b732b86baf3e81f49153f5f495912e
                           .group:00000000 wm4.IO004.h.53.442ea5eb47ad9eedc675253aa35f3107
                           .group:00000000 wm4.CNT001.h.53.54b2229008e37b1970e63d1faf193d82
                           .group:00000000 wm4.SYSTM002_Conf.h.70.e893767dc4d518b087b4a20e349ac4d8
                           .group:00000000 wm4.SYSTM002.h.98.0f398400b32186dea0837ac3b6c1ddcb
                           .group:00000000 wm4.IO002_Conf.h.51.87e2c8c60b647393fe9ced2cae198f63
                           .group:00000000 wm4.ERU001_Conf.h.69.cbf5f28f16df40bf2ec07157d45ebab0
                           .group:00000000 wm4.ERU002_Conf.h.49.2f1d75b23a08c83bd296d7c11c7e280b
                           .group:00000000 wm4.NVIC002_Conf.h.63.13943eb720fa25e7207fa08ab410f2a7
                           .group:00000000 wm4.WDT001.h.50.255ce6a2a58bdd6da7d43650f1d62aa2

NO UNDEFINED SYMBOLS
