   1              		.syntax unified
   2              		.cpu cortex-m4
   3              		.eabi_attribute 27, 3
   4              		.fpu fpv4-sp-d16
   5              		.eabi_attribute 20, 1
   6              		.eabi_attribute 21, 1
   7              		.eabi_attribute 23, 3
   8              		.eabi_attribute 24, 1
   9              		.eabi_attribute 25, 1
  10              		.eabi_attribute 26, 1
  11              		.eabi_attribute 30, 4
  12              		.eabi_attribute 34, 1
  13              		.eabi_attribute 18, 4
  14              		.thumb
  15              		.file	"IO004_Conf.c"
  16              		.global	IO004_Handle9
  17              		.global	IO004_Handle8
  18              		.global	IO004_Handle7
  19              		.global	IO004_Handle6
  20              		.global	IO004_Handle5
  21              		.global	IO004_Handle4
  22              		.global	IO004_Handle2
  23              		.global	IO004_Handle12
  24              		.global	IO004_Handle11
  25              		.global	IO004_Handle10
  26              		.global	IO004_Handle1
  27              		.section	.rodata
  28              		.align	2
  31              	IO004_Handle9:
  32 0000 03       		.byte	3
  33 0001 02       		.byte	2
  34 0002 0000     		.space	2
  35 0004 00830248 		.word	1208124160
  38              	IO004_Handle8:
  39 0008 01       		.byte	1
  40 0009 01       		.byte	1
  41 000a 0000     		.space	2
  42 000c 00810248 		.word	1208123648
  45              	IO004_Handle7:
  46 0010 01       		.byte	1
  47 0011 00       		.byte	0
  48 0012 0000     		.space	2
  49 0014 00810248 		.word	1208123648
  52              	IO004_Handle6:
  53 0018 03       		.byte	3
  54 0019 04       		.byte	4
  55 001a 0000     		.space	2
  56 001c 00830248 		.word	1208124160
  59              	IO004_Handle5:
  60 0020 00       		.byte	0
  61 0021 0C       		.byte	12
  62 0022 0000     		.space	2
  63 0024 00800248 		.word	1208123392
  66              	IO004_Handle4:
  67 0028 00       		.byte	0
  68 0029 06       		.byte	6
  69 002a 0000     		.space	2
  70 002c 00800248 		.word	1208123392
  73              	IO004_Handle2:
  74 0030 00       		.byte	0
  75 0031 02       		.byte	2
  76 0032 0000     		.space	2
  77 0034 00800248 		.word	1208123392
  80              	IO004_Handle12:
  81 0038 00       		.byte	0
  82 0039 01       		.byte	1
  83 003a 0000     		.space	2
  84 003c 00800248 		.word	1208123392
  87              	IO004_Handle11:
  88 0040 03       		.byte	3
  89 0041 00       		.byte	0
  90 0042 0000     		.space	2
  91 0044 00830248 		.word	1208124160
  94              	IO004_Handle10:
  95 0048 00       		.byte	0
  96 0049 00       		.byte	0
  97 004a 0000     		.space	2
  98 004c 00800248 		.word	1208123392
 101              	IO004_Handle1:
 102 0050 00       		.byte	0
 103 0051 04       		.byte	4
 104 0052 0000     		.space	2
 105 0054 00800248 		.word	1208123392
 106              		.ident	"GCC: (GNU Tools for ARM Embedded Processors) 4.7.4 20130913 (release) [ARM/embedded-4_7-br
DEFINED SYMBOLS
                            *ABS*:00000000 IO004_Conf.c
C:\Users\Carlos\AppData\Local\Temp\ccwwxZEM.s:31     .rodata:00000000 IO004_Handle9
C:\Users\Carlos\AppData\Local\Temp\ccwwxZEM.s:38     .rodata:00000008 IO004_Handle8
C:\Users\Carlos\AppData\Local\Temp\ccwwxZEM.s:45     .rodata:00000010 IO004_Handle7
C:\Users\Carlos\AppData\Local\Temp\ccwwxZEM.s:52     .rodata:00000018 IO004_Handle6
C:\Users\Carlos\AppData\Local\Temp\ccwwxZEM.s:59     .rodata:00000020 IO004_Handle5
C:\Users\Carlos\AppData\Local\Temp\ccwwxZEM.s:66     .rodata:00000028 IO004_Handle4
C:\Users\Carlos\AppData\Local\Temp\ccwwxZEM.s:73     .rodata:00000030 IO004_Handle2
C:\Users\Carlos\AppData\Local\Temp\ccwwxZEM.s:80     .rodata:00000038 IO004_Handle12
C:\Users\Carlos\AppData\Local\Temp\ccwwxZEM.s:87     .rodata:00000040 IO004_Handle11
C:\Users\Carlos\AppData\Local\Temp\ccwwxZEM.s:94     .rodata:00000048 IO004_Handle10
C:\Users\Carlos\AppData\Local\Temp\ccwwxZEM.s:101    .rodata:00000050 IO004_Handle1
C:\Users\Carlos\AppData\Local\Temp\ccwwxZEM.s:28     .rodata:00000000 $d

NO UNDEFINED SYMBOLS
