   1              		.syntax unified
   2              		.cpu cortex-m4
   3              		.eabi_attribute 27, 3
   4              		.fpu fpv4-sp-d16
   5              		.eabi_attribute 20, 1
   6              		.eabi_attribute 21, 1
   7              		.eabi_attribute 23, 3
   8              		.eabi_attribute 24, 1
   9              		.eabi_attribute 25, 1
  10              		.eabi_attribute 26, 1
  11              		.eabi_attribute 30, 4
  12              		.eabi_attribute 34, 1
  13              		.eabi_attribute 18, 4
  14              		.thumb
  15              		.file	"CNT001.c"
  16              		.section	.text.CNT001_lInit,"ax",%progbits
  17              		.align	1
  18              		.global	CNT001_lInit
  19              		.thumb
  20              		.thumb_func
  22              	CNT001_lInit:
  23              		@ args = 0, pretend = 0, frame = 0
  24              		@ frame_needed = 0, uses_anonymous_args = 0
  25 0000 C268     		ldr	r2, [r0, #12]
  26 0002 4369     		ldr	r3, [r0, #20]
  27 0004 117A     		ldrb	r1, [r2, #8]	@ zero_extendqisi2
  28 0006 F0B5     		push	{r4, r5, r6, r7, lr}
  29 0008 0669     		ldr	r6, [r0, #16]
  30 000a 0029     		cmp	r1, #0
  31 000c 64D1     		bne	.L5
  32 000e 1C68     		ldr	r4, [r3, #0]
  33 0010 0178     		ldrb	r1, [r0, #0]	@ zero_extendqisi2
  34 0012 24F0C065 		bic	r5, r4, #100663296
  35 0016 25F44037 		bic	r7, r5, #196608
  36 001a 1F60     		str	r7, [r3, #0]
  37 001c 0D04     		lsls	r5, r1, #16
  38 001e 817A     		ldrb	r1, [r0, #10]	@ zero_extendqisi2
  39 0020 1C68     		ldr	r4, [r3, #0]
  40 0022 05F44037 		and	r7, r5, #196608
  41 0026 4D06     		lsls	r5, r1, #25
  42 0028 05F0C061 		and	r1, r5, #100663296
  43 002c 0F43     		orrs	r7, r7, r1
  44 002e 2743     		orrs	r7, r7, r4
  45 0030 1F60     		str	r7, [r3, #0]
  46 0032 5C68     		ldr	r4, [r3, #4]
  47 0034 24F44045 		bic	r5, r4, #49152
  48 0038 45F48041 		orr	r1, r5, #16384
  49 003c 5960     		str	r1, [r3, #4]
  50 003e 077A     		ldrb	r7, [r0, #8]	@ zero_extendqisi2
  51 0040 9FB1     		cbz	r7, .L3
  52 0042 417A     		ldrb	r1, [r0, #9]	@ zero_extendqisi2
  53 0044 1D68     		ldr	r5, [r3, #0]
  54 0046 CC05     		lsls	r4, r1, #23
  55 0048 04F40007 		and	r7, r4, #8388608
  56 004c 2F43     		orrs	r7, r7, r5
  57 004e 1F60     		str	r7, [r3, #0]
  58 0050 5D68     		ldr	r5, [r3, #4]
  59 0052 45F40074 		orr	r4, r5, #512
  60 0056 5C60     		str	r4, [r3, #4]
  61 0058 19B9     		cbnz	r1, .L4
  62 005a 1D68     		ldr	r5, [r3, #0]
  63 005c 45F48027 		orr	r7, r5, #262144
  64 0060 02E0     		b	.L9
  65              	.L4:
  66 0062 1968     		ldr	r1, [r3, #0]
  67 0064 41F40027 		orr	r7, r1, #524288
  68              	.L9:
  69 0068 1F60     		str	r7, [r3, #0]
  70              	.L3:
  71 006a 1C69     		ldr	r4, [r3, #16]
  72 006c 44F00701 		orr	r1, r4, #7
  73 0070 1961     		str	r1, [r3, #16]
  74 0072 5F69     		ldr	r7, [r3, #20]
  75 0074 27F00105 		bic	r5, r7, #1
  76 0078 5D61     		str	r5, [r3, #20]
  77 007a DC6B     		ldr	r4, [r3, #60]
  78 007c 4568     		ldr	r5, [r0, #4]
  79 007e 210C     		lsrs	r1, r4, #16
  80 0080 0F04     		lsls	r7, r1, #16
  81 0082 ACB2     		uxth	r4, r5
  82 0084 2743     		orrs	r7, r7, r4
  83 0086 DF63     		str	r7, [r3, #60]
  84 0088 596B     		ldr	r1, [r3, #52]
  85 008a 6FEA1147 		mvn	r7, r1, lsr #16
  86 008e 6FEA0744 		mvn	r4, r7, lsl #16
  87 0092 C17A     		ldrb	r1, [r0, #11]	@ zero_extendqisi2
  88 0094 5C63     		str	r4, [r3, #52]
  89 0096 3769     		ldr	r7, [r6, #16]
  90 0098 C069     		ldr	r0, [r0, #28]
  91 009a 8C00     		lsls	r4, r1, #2
  92 009c 0121     		movs	r1, #1
  93 009e 01FA04FC 		lsl	ip, r1, r4
  94 00a2 4CEA0707 		orr	r7, ip, r7
  95 00a6 04EB010C 		add	ip, r4, r1
  96 00aa 01FA0CFC 		lsl	ip, r1, ip
  97 00ae 0234     		adds	r4, r4, #2
  98 00b0 47EA0C07 		orr	r7, r7, ip
  99 00b4 01FA04F4 		lsl	r4, r1, r4
 100 00b8 3C43     		orrs	r4, r4, r7
 101 00ba 3461     		str	r4, [r6, #16]
 102 00bc 40F60F74 		movw	r4, #3855
 103 00c0 C3F8B040 		str	r4, [r3, #176]
 104 00c4 D3F8A440 		ldr	r4, [r3, #164]
 105 00c8 2043     		orrs	r0, r0, r4
 106 00ca C3F8A400 		str	r0, [r3, #164]
 107 00ce 0020     		movs	r0, #0
 108 00d0 82E82100 		stmia	r2, {r0, r5}
 109 00d4 1172     		strb	r1, [r2, #8]
 110 00d6 F0BD     		pop	{r4, r5, r6, r7, pc}
 111              	.L5:
 112 00d8 0120     		movs	r0, #1
 113 00da F0BD     		pop	{r4, r5, r6, r7, pc}
 115              		.section	.text.CNT001_Deinit,"ax",%progbits
 116              		.align	1
 117              		.global	CNT001_Deinit
 118              		.thumb
 119              		.thumb_func
 121              	CNT001_Deinit:
 122              		@ args = 0, pretend = 0, frame = 0
 123              		@ frame_needed = 0, uses_anonymous_args = 0
 124 0000 C168     		ldr	r1, [r0, #12]
 125 0002 4269     		ldr	r2, [r0, #20]
 126 0004 0B7A     		ldrb	r3, [r1, #8]	@ zero_extendqisi2
 127 0006 70B5     		push	{r4, r5, r6, lr}
 128 0008 0469     		ldr	r4, [r0, #16]
 129 000a E3B1     		cbz	r3, .L13
 130 000c 1569     		ldr	r5, [r2, #16]
 131 000e C07A     		ldrb	r0, [r0, #11]	@ zero_extendqisi2
 132 0010 45F00706 		orr	r6, r5, #7
 133 0014 40F60F73 		movw	r3, #3855
 134 0018 1661     		str	r6, [r2, #16]
 135 001a C2F8B030 		str	r3, [r2, #176]
 136 001e 0023     		movs	r3, #0
 137 0020 C2F8A430 		str	r3, [r2, #164]
 138 0024 A568     		ldr	r5, [r4, #8]
 139 0026 0126     		movs	r6, #1
 140 0028 06FA00F0 		lsl	r0, r6, r0
 141 002c 2843     		orrs	r0, r0, r5
 142 002e A060     		str	r0, [r4, #8]
 143 0030 0648     		ldr	r0, .L14
 144 0032 1060     		str	r0, [r2, #0]
 145 0034 5360     		str	r3, [r2, #4]
 146 0036 1846     		mov	r0, r3
 147 0038 5361     		str	r3, [r2, #20]
 148 003a D363     		str	r3, [r2, #60]
 149 003c 5363     		str	r3, [r2, #52]
 150 003e 0B60     		str	r3, [r1, #0]
 151 0040 4B60     		str	r3, [r1, #4]
 152 0042 0B72     		strb	r3, [r1, #8]
 153 0044 70BD     		pop	{r4, r5, r6, pc}
 154              	.L13:
 155 0046 0120     		movs	r0, #1
 156 0048 70BD     		pop	{r4, r5, r6, pc}
 157              	.L15:
 158 004a 00BF     		.align	2
 159              	.L14:
 160 004c 0000FFFF 		.word	-65536
 162              		.section	.text.CNT001_Start,"ax",%progbits
 163              		.align	1
 164              		.global	CNT001_Start
 165              		.thumb
 166              		.thumb_func
 168              	CNT001_Start:
 169              		@ args = 0, pretend = 0, frame = 0
 170              		@ frame_needed = 0, uses_anonymous_args = 0
 171 0000 C368     		ldr	r3, [r0, #12]
 172 0002 4269     		ldr	r2, [r0, #20]
 173 0004 0169     		ldr	r1, [r0, #16]
 174 0006 30B5     		push	{r4, r5, lr}
 175 0008 1C7A     		ldrb	r4, [r3, #8]	@ zero_extendqisi2
 176 000a 012C     		cmp	r4, #1
 177 000c 0DD1     		bne	.L18
 178 000e C07A     		ldrb	r0, [r0, #11]	@ zero_extendqisi2
 179 0010 CD68     		ldr	r5, [r1, #12]
 180 0012 04FA00F4 		lsl	r4, r4, r0
 181 0016 2C43     		orrs	r4, r4, r5
 182 0018 CC60     		str	r4, [r1, #12]
 183 001a D168     		ldr	r1, [r2, #12]
 184 001c 41F00100 		orr	r0, r1, #1
 185 0020 D060     		str	r0, [r2, #12]
 186 0022 0222     		movs	r2, #2
 187 0024 1A72     		strb	r2, [r3, #8]
 188 0026 0020     		movs	r0, #0
 189 0028 30BD     		pop	{r4, r5, pc}
 190              	.L18:
 191 002a 0120     		movs	r0, #1
 192 002c 30BD     		pop	{r4, r5, pc}
 194              		.section	.text.CNT001_Init,"ax",%progbits
 195              		.align	1
 196              		.global	CNT001_Init
 197              		.thumb
 198              		.thumb_func
 200              	CNT001_Init:
 201              		@ args = 0, pretend = 0, frame = 0
 202              		@ frame_needed = 0, uses_anonymous_args = 0
 203 0000 10B5     		push	{r4, lr}
 204 0002 084C     		ldr	r4, .L21
 205 0004 FFF7FEFF 		bl	CCU4GLOBAL_Init
 206 0008 2046     		mov	r0, r4
 207 000a FFF7FEFF 		bl	CNT001_lInit
 208 000e 38B9     		cbnz	r0, .L19
 209 0010 237E     		ldrb	r3, [r4, #24]	@ zero_extendqisi2
 210 0012 012B     		cmp	r3, #1
 211 0014 04D1     		bne	.L19
 212 0016 2046     		mov	r0, r4
 213 0018 BDE81040 		pop	{r4, lr}
 214 001c FFF7FEBF 		b	CNT001_Start
 215              	.L19:
 216 0020 10BD     		pop	{r4, pc}
 217              	.L22:
 218 0022 00BF     		.align	2
 219              	.L21:
 220 0024 00000000 		.word	CNT001_Handle0
 222              		.section	.text.CNT001_Stop,"ax",%progbits
 223              		.align	1
 224              		.global	CNT001_Stop
 225              		.thumb
 226              		.thumb_func
 228              	CNT001_Stop:
 229              		@ args = 0, pretend = 0, frame = 0
 230              		@ frame_needed = 0, uses_anonymous_args = 0
 231 0000 C368     		ldr	r3, [r0, #12]
 232 0002 4269     		ldr	r2, [r0, #20]
 233 0004 0169     		ldr	r1, [r0, #16]
 234 0006 10B5     		push	{r4, lr}
 235 0008 1C7A     		ldrb	r4, [r3, #8]	@ zero_extendqisi2
 236 000a 022C     		cmp	r4, #2
 237 000c 13D1     		bne	.L25
 238 000e 1469     		ldr	r4, [r2, #16]
 239 0010 C07A     		ldrb	r0, [r0, #11]	@ zero_extendqisi2
 240 0012 44F00704 		orr	r4, r4, #7
 241 0016 1461     		str	r4, [r2, #16]
 242 0018 40F60F74 		movw	r4, #3855
 243 001c C2F8B040 		str	r4, [r2, #176]
 244 0020 8C68     		ldr	r4, [r1, #8]
 245 0022 0122     		movs	r2, #1
 246 0024 02FA00F0 		lsl	r0, r2, r0
 247 0028 2043     		orrs	r0, r0, r4
 248 002a 8860     		str	r0, [r1, #8]
 249 002c 0020     		movs	r0, #0
 250 002e 1860     		str	r0, [r3, #0]
 251 0030 5860     		str	r0, [r3, #4]
 252 0032 1A72     		strb	r2, [r3, #8]
 253 0034 10BD     		pop	{r4, pc}
 254              	.L25:
 255 0036 0120     		movs	r0, #1
 256 0038 10BD     		pop	{r4, pc}
 258              		.section	.text.CNT001_GetEvtCountValue,"ax",%progbits
 259              		.align	1
 260              		.global	CNT001_GetEvtCountValue
 261              		.thumb
 262              		.thumb_func
 264              	CNT001_GetEvtCountValue:
 265              		@ args = 0, pretend = 0, frame = 0
 266              		@ frame_needed = 0, uses_anonymous_args = 0
 267              		@ link register save eliminated.
 268 0000 C268     		ldr	r2, [r0, #12]
 269 0002 4369     		ldr	r3, [r0, #20]
 270 0004 107A     		ldrb	r0, [r2, #8]	@ zero_extendqisi2
 271 0006 20B1     		cbz	r0, .L28
 272 0008 1B6F     		ldr	r3, [r3, #112]
 273 000a 9AB2     		uxth	r2, r3
 274 000c 0A60     		str	r2, [r1, #0]
 275 000e 0020     		movs	r0, #0
 276 0010 7047     		bx	lr
 277              	.L28:
 278 0012 0120     		movs	r0, #1
 279 0014 7047     		bx	lr
 281              		.section	.text.CNT001_GetCountMatch,"ax",%progbits
 282              		.align	1
 283              		.global	CNT001_GetCountMatch
 284              		.thumb
 285              		.thumb_func
 287              	CNT001_GetCountMatch:
 288              		@ args = 0, pretend = 0, frame = 0
 289              		@ frame_needed = 0, uses_anonymous_args = 0
 290              		@ link register save eliminated.
 291 0000 C368     		ldr	r3, [r0, #12]
 292 0002 1A7A     		ldrb	r2, [r3, #8]	@ zero_extendqisi2
 293 0004 1AB1     		cbz	r2, .L31
 294 0006 5868     		ldr	r0, [r3, #4]
 295 0008 0860     		str	r0, [r1, #0]
 296 000a 0020     		movs	r0, #0
 297 000c 7047     		bx	lr
 298              	.L31:
 299 000e 0120     		movs	r0, #1
 300 0010 7047     		bx	lr
 302              		.section	.text.CNT001_SetCountMatch,"ax",%progbits
 303              		.align	1
 304              		.global	CNT001_SetCountMatch
 305              		.thumb
 306              		.thumb_func
 308              	CNT001_SetCountMatch:
 309              		@ args = 0, pretend = 0, frame = 0
 310              		@ frame_needed = 0, uses_anonymous_args = 0
 311 0000 00F10C02 		add	r2, r0, #12
 312 0004 70B5     		push	{r4, r5, r6, lr}
 313 0006 54CA     		ldmia	r2, {r2, r4, r6}
 314 0008 157A     		ldrb	r5, [r2, #8]	@ zero_extendqisi2
 315 000a 012D     		cmp	r5, #1
 316 000c 11D1     		bne	.L34
 317 000e B1F5803F 		cmp	r1, #65536
 318 0012 10D2     		bcs	.L35
 319 0014 F36B     		ldr	r3, [r6, #60]
 320 0016 C07A     		ldrb	r0, [r0, #11]	@ zero_extendqisi2
 321 0018 1B0C     		lsrs	r3, r3, #16
 322 001a 1B04     		lsls	r3, r3, #16
 323 001c 0B43     		orrs	r3, r3, r1
 324 001e F363     		str	r3, [r6, #60]
 325 0020 2369     		ldr	r3, [r4, #16]
 326 0022 8000     		lsls	r0, r0, #2
 327 0024 05FA00F5 		lsl	r5, r5, r0
 328 0028 1D43     		orrs	r5, r5, r3
 329 002a 2561     		str	r5, [r4, #16]
 330 002c 0020     		movs	r0, #0
 331 002e 5160     		str	r1, [r2, #4]
 332 0030 70BD     		pop	{r4, r5, r6, pc}
 333              	.L34:
 334 0032 0120     		movs	r0, #1
 335 0034 70BD     		pop	{r4, r5, r6, pc}
 336              	.L35:
 337 0036 0320     		movs	r0, #3
 338 0038 70BD     		pop	{r4, r5, r6, pc}
 340              		.section	.text.CNT001_GetTimerStatus,"ax",%progbits
 341              		.align	1
 342              		.global	CNT001_GetTimerStatus
 343              		.thumb
 344              		.thumb_func
 346              	CNT001_GetTimerStatus:
 347              		@ args = 0, pretend = 0, frame = 0
 348              		@ frame_needed = 0, uses_anonymous_args = 0
 349              		@ link register save eliminated.
 350 0000 C268     		ldr	r2, [r0, #12]
 351 0002 4369     		ldr	r3, [r0, #20]
 352 0004 107A     		ldrb	r0, [r2, #8]	@ zero_extendqisi2
 353 0006 28B1     		cbz	r0, .L38
 354 0008 9B68     		ldr	r3, [r3, #8]
 355 000a 03F00102 		and	r2, r3, #1
 356 000e 0A60     		str	r2, [r1, #0]
 357 0010 0020     		movs	r0, #0
 358 0012 7047     		bx	lr
 359              	.L38:
 360 0014 0120     		movs	r0, #1
 361 0016 7047     		bx	lr
 363              		.section	.text.CNT001_EnableEvent,"ax",%progbits
 364              		.align	1
 365              		.global	CNT001_EnableEvent
 366              		.thumb
 367              		.thumb_func
 369              	CNT001_EnableEvent:
 370              		@ args = 0, pretend = 0, frame = 0
 371              		@ frame_needed = 0, uses_anonymous_args = 0
 372              		@ link register save eliminated.
 373 0000 C268     		ldr	r2, [r0, #12]
 374 0002 4369     		ldr	r3, [r0, #20]
 375 0004 127A     		ldrb	r2, [r2, #8]	@ zero_extendqisi2
 376 0006 0120     		movs	r0, #1
 377 0008 3AB1     		cbz	r2, .L40
 378 000a D3F8A420 		ldr	r2, [r3, #164]
 379 000e 00FA01F0 		lsl	r0, r0, r1
 380 0012 1043     		orrs	r0, r0, r2
 381 0014 C3F8A400 		str	r0, [r3, #164]
 382 0018 0020     		movs	r0, #0
 383              	.L40:
 384 001a 7047     		bx	lr
 386              		.section	.text.CNT001_DisableEvent,"ax",%progbits
 387              		.align	1
 388              		.global	CNT001_DisableEvent
 389              		.thumb
 390              		.thumb_func
 392              	CNT001_DisableEvent:
 393              		@ args = 0, pretend = 0, frame = 0
 394              		@ frame_needed = 0, uses_anonymous_args = 0
 395              		@ link register save eliminated.
 396 0000 C268     		ldr	r2, [r0, #12]
 397 0002 4369     		ldr	r3, [r0, #20]
 398 0004 127A     		ldrb	r2, [r2, #8]	@ zero_extendqisi2
 399 0006 0120     		movs	r0, #1
 400 0008 42B1     		cbz	r2, .L43
 401 000a D3F8A420 		ldr	r2, [r3, #164]
 402 000e 00FA01F0 		lsl	r0, r0, r1
 403 0012 22EA0000 		bic	r0, r2, r0
 404 0016 C3F8A400 		str	r0, [r3, #164]
 405 001a 0020     		movs	r0, #0
 406              	.L43:
 407 001c 7047     		bx	lr
 409              		.section	.text.CNT001_ClearPendingEvent,"ax",%progbits
 410              		.align	1
 411              		.global	CNT001_ClearPendingEvent
 412              		.thumb
 413              		.thumb_func
 415              	CNT001_ClearPendingEvent:
 416              		@ args = 0, pretend = 0, frame = 0
 417              		@ frame_needed = 0, uses_anonymous_args = 0
 418              		@ link register save eliminated.
 419 0000 C268     		ldr	r2, [r0, #12]
 420 0002 4369     		ldr	r3, [r0, #20]
 421 0004 127A     		ldrb	r2, [r2, #8]	@ zero_extendqisi2
 422 0006 0120     		movs	r0, #1
 423 0008 3AB1     		cbz	r2, .L46
 424 000a D3F8B020 		ldr	r2, [r3, #176]
 425 000e 00FA01F0 		lsl	r0, r0, r1
 426 0012 1043     		orrs	r0, r0, r2
 427 0014 C3F8B000 		str	r0, [r3, #176]
 428 0018 0020     		movs	r0, #0
 429              	.L46:
 430 001a 7047     		bx	lr
 432              		.section	.text.CNT001_SetPendingEvent,"ax",%progbits
 433              		.align	1
 434              		.global	CNT001_SetPendingEvent
 435              		.thumb
 436              		.thumb_func
 438              	CNT001_SetPendingEvent:
 439              		@ args = 0, pretend = 0, frame = 0
 440              		@ frame_needed = 0, uses_anonymous_args = 0
 441              		@ link register save eliminated.
 442 0000 C268     		ldr	r2, [r0, #12]
 443 0002 4369     		ldr	r3, [r0, #20]
 444 0004 127A     		ldrb	r2, [r2, #8]	@ zero_extendqisi2
 445 0006 0120     		movs	r0, #1
 446 0008 3AB1     		cbz	r2, .L49
 447 000a D3F8AC20 		ldr	r2, [r3, #172]
 448 000e 00FA01F0 		lsl	r0, r0, r1
 449 0012 1043     		orrs	r0, r0, r2
 450 0014 C3F8AC00 		str	r0, [r3, #172]
 451 0018 0020     		movs	r0, #0
 452              	.L49:
 453 001a 7047     		bx	lr
 455              		.section	.text.CNT001_GetPendingEvent,"ax",%progbits
 456              		.align	1
 457              		.global	CNT001_GetPendingEvent
 458              		.thumb
 459              		.thumb_func
 461              	CNT001_GetPendingEvent:
 462              		@ args = 0, pretend = 0, frame = 0
 463              		@ frame_needed = 0, uses_anonymous_args = 0
 464 0000 C368     		ldr	r3, [r0, #12]
 465 0002 10B5     		push	{r4, lr}
 466 0004 4469     		ldr	r4, [r0, #20]
 467 0006 187A     		ldrb	r0, [r3, #8]	@ zero_extendqisi2
 468 0008 0123     		movs	r3, #1
 469 000a 58B1     		cbz	r0, .L54
 470 000c D4F8A000 		ldr	r0, [r4, #160]
 471 0010 03FA01F4 		lsl	r4, r3, r1
 472 0014 2040     		ands	r0, r0, r4
 473 0016 C840     		lsrs	r0, r0, r1
 474 0018 02D0     		beq	.L53
 475 001a 1370     		strb	r3, [r2, #0]
 476 001c 0020     		movs	r0, #0
 477 001e 10BD     		pop	{r4, pc}
 478              	.L53:
 479 0020 1070     		strb	r0, [r2, #0]
 480 0022 10BD     		pop	{r4, pc}
 481              	.L54:
 482 0024 1846     		mov	r0, r3
 483 0026 10BD     		pop	{r4, pc}
 485              		.section	.text.CNT001_ResetCounter,"ax",%progbits
 486              		.align	1
 487              		.global	CNT001_ResetCounter
 488              		.thumb
 489              		.thumb_func
 491              	CNT001_ResetCounter:
 492              		@ args = 0, pretend = 0, frame = 0
 493              		@ frame_needed = 0, uses_anonymous_args = 0
 494              		@ link register save eliminated.
 495 0000 C268     		ldr	r2, [r0, #12]
 496 0002 4369     		ldr	r3, [r0, #20]
 497 0004 107A     		ldrb	r0, [r2, #8]	@ zero_extendqisi2
 498 0006 28B1     		cbz	r0, .L57
 499 0008 1969     		ldr	r1, [r3, #16]
 500 000a 41F00202 		orr	r2, r1, #2
 501 000e 1A61     		str	r2, [r3, #16]
 502 0010 0020     		movs	r0, #0
 503 0012 7047     		bx	lr
 504              	.L57:
 505 0014 0120     		movs	r0, #1
 506 0016 7047     		bx	lr
 508              		.ident	"GCC: (GNU Tools for ARM Embedded Processors) 4.7.4 20130913 (release) [ARM/embedded-4_7-br
DEFINED SYMBOLS
                            *ABS*:00000000 CNT001.c
C:\Users\JMASS_~1\AppData\Local\Temp\ccr0gpje.s:17     .text.CNT001_lInit:00000000 $t
C:\Users\JMASS_~1\AppData\Local\Temp\ccr0gpje.s:22     .text.CNT001_lInit:00000000 CNT001_lInit
C:\Users\JMASS_~1\AppData\Local\Temp\ccr0gpje.s:116    .text.CNT001_Deinit:00000000 $t
C:\Users\JMASS_~1\AppData\Local\Temp\ccr0gpje.s:121    .text.CNT001_Deinit:00000000 CNT001_Deinit
C:\Users\JMASS_~1\AppData\Local\Temp\ccr0gpje.s:160    .text.CNT001_Deinit:0000004c $d
C:\Users\JMASS_~1\AppData\Local\Temp\ccr0gpje.s:163    .text.CNT001_Start:00000000 $t
C:\Users\JMASS_~1\AppData\Local\Temp\ccr0gpje.s:168    .text.CNT001_Start:00000000 CNT001_Start
C:\Users\JMASS_~1\AppData\Local\Temp\ccr0gpje.s:195    .text.CNT001_Init:00000000 $t
C:\Users\JMASS_~1\AppData\Local\Temp\ccr0gpje.s:200    .text.CNT001_Init:00000000 CNT001_Init
C:\Users\JMASS_~1\AppData\Local\Temp\ccr0gpje.s:220    .text.CNT001_Init:00000024 $d
C:\Users\JMASS_~1\AppData\Local\Temp\ccr0gpje.s:223    .text.CNT001_Stop:00000000 $t
C:\Users\JMASS_~1\AppData\Local\Temp\ccr0gpje.s:228    .text.CNT001_Stop:00000000 CNT001_Stop
C:\Users\JMASS_~1\AppData\Local\Temp\ccr0gpje.s:259    .text.CNT001_GetEvtCountValue:00000000 $t
C:\Users\JMASS_~1\AppData\Local\Temp\ccr0gpje.s:264    .text.CNT001_GetEvtCountValue:00000000 CNT001_GetEvtCountValue
C:\Users\JMASS_~1\AppData\Local\Temp\ccr0gpje.s:282    .text.CNT001_GetCountMatch:00000000 $t
C:\Users\JMASS_~1\AppData\Local\Temp\ccr0gpje.s:287    .text.CNT001_GetCountMatch:00000000 CNT001_GetCountMatch
C:\Users\JMASS_~1\AppData\Local\Temp\ccr0gpje.s:303    .text.CNT001_SetCountMatch:00000000 $t
C:\Users\JMASS_~1\AppData\Local\Temp\ccr0gpje.s:308    .text.CNT001_SetCountMatch:00000000 CNT001_SetCountMatch
C:\Users\JMASS_~1\AppData\Local\Temp\ccr0gpje.s:341    .text.CNT001_GetTimerStatus:00000000 $t
C:\Users\JMASS_~1\AppData\Local\Temp\ccr0gpje.s:346    .text.CNT001_GetTimerStatus:00000000 CNT001_GetTimerStatus
C:\Users\JMASS_~1\AppData\Local\Temp\ccr0gpje.s:364    .text.CNT001_EnableEvent:00000000 $t
C:\Users\JMASS_~1\AppData\Local\Temp\ccr0gpje.s:369    .text.CNT001_EnableEvent:00000000 CNT001_EnableEvent
C:\Users\JMASS_~1\AppData\Local\Temp\ccr0gpje.s:387    .text.CNT001_DisableEvent:00000000 $t
C:\Users\JMASS_~1\AppData\Local\Temp\ccr0gpje.s:392    .text.CNT001_DisableEvent:00000000 CNT001_DisableEvent
C:\Users\JMASS_~1\AppData\Local\Temp\ccr0gpje.s:410    .text.CNT001_ClearPendingEvent:00000000 $t
C:\Users\JMASS_~1\AppData\Local\Temp\ccr0gpje.s:415    .text.CNT001_ClearPendingEvent:00000000 CNT001_ClearPendingEvent
C:\Users\JMASS_~1\AppData\Local\Temp\ccr0gpje.s:433    .text.CNT001_SetPendingEvent:00000000 $t
C:\Users\JMASS_~1\AppData\Local\Temp\ccr0gpje.s:438    .text.CNT001_SetPendingEvent:00000000 CNT001_SetPendingEvent
C:\Users\JMASS_~1\AppData\Local\Temp\ccr0gpje.s:456    .text.CNT001_GetPendingEvent:00000000 $t
C:\Users\JMASS_~1\AppData\Local\Temp\ccr0gpje.s:461    .text.CNT001_GetPendingEvent:00000000 CNT001_GetPendingEvent
C:\Users\JMASS_~1\AppData\Local\Temp\ccr0gpje.s:486    .text.CNT001_ResetCounter:00000000 $t
C:\Users\JMASS_~1\AppData\Local\Temp\ccr0gpje.s:491    .text.CNT001_ResetCounter:00000000 CNT001_ResetCounter

UNDEFINED SYMBOLS
CCU4GLOBAL_Init
CNT001_Handle0
