   1              		.syntax unified
   2              		.cpu cortex-m4
   3              		.eabi_attribute 27, 3
   4              		.fpu fpv4-sp-d16
   5              		.eabi_attribute 20, 1
   6              		.eabi_attribute 21, 1
   7              		.eabi_attribute 23, 3
   8              		.eabi_attribute 24, 1
   9              		.eabi_attribute 25, 1
  10              		.eabi_attribute 26, 1
  11              		.eabi_attribute 30, 4
  12              		.eabi_attribute 34, 1
  13              		.eabi_attribute 18, 4
  14              		.thumb
  15              		.file	"CNT001_Conf.c"
  16              		.global	CNT001_Handle0
  17              		.global	CNT001_DynamicHandle0
  18              		.section	.rodata
  19              		.align	2
  22              	CNT001_Handle0:
  23 0000 01       		.byte	1
  24 0001 000000   		.space	3
  25 0004 1E000000 		.word	30
  26 0008 00       		.byte	0
  27 0009 00       		.byte	0
  28 000a 00       		.byte	0
  29 000b 01       		.byte	1
  30 000c 00000000 		.word	CNT001_DynamicHandle0
  31 0010 00C00040 		.word	1073790976
  32 0014 00C20040 		.word	1073791488
  33 0018 00       		.byte	0
  34 0019 000000   		.space	3
  35 001c 04010000 		.word	260
  36              		.bss
  37              		.align	2
  40              	CNT001_DynamicHandle0:
  41 0000 00000000 		.space	12
  41      00000000 
  41      00000000 
  42              		.ident	"GCC: (GNU Tools for ARM Embedded Processors) 4.7.4 20130913 (release) [ARM/embedded-4_7-br
DEFINED SYMBOLS
                            *ABS*:00000000 CNT001_Conf.c
C:\Users\JMASS_~1\AppData\Local\Temp\cc8ZaIMF.s:22     .rodata:00000000 CNT001_Handle0
C:\Users\JMASS_~1\AppData\Local\Temp\cc8ZaIMF.s:40     .bss:00000000 CNT001_DynamicHandle0
C:\Users\JMASS_~1\AppData\Local\Temp\cc8ZaIMF.s:19     .rodata:00000000 $d
C:\Users\JMASS_~1\AppData\Local\Temp\cc8ZaIMF.s:37     .bss:00000000 $d

NO UNDEFINED SYMBOLS
