   1              		.syntax unified
   2              		.cpu cortex-m4
   3              		.eabi_attribute 27, 3
   4              		.fpu fpv4-sp-d16
   5              		.eabi_attribute 20, 1
   6              		.eabi_attribute 21, 1
   7              		.eabi_attribute 23, 3
   8              		.eabi_attribute 24, 1
   9              		.eabi_attribute 25, 1
  10              		.eabi_attribute 26, 1
  11              		.eabi_attribute 30, 6
  12              		.eabi_attribute 34, 1
  13              		.eabi_attribute 18, 4
  14              		.thumb
  15              		.file	"WDT001.c"
  16              		.text
  17              	.Ltext0:
  18              		.cfi_sections	.debug_frame
  19              		.section	.text.WDT001_Init,"ax",%progbits
  20              		.align	2
  21              		.global	WDT001_Init
  22              		.thumb
  23              		.thumb_func
  25              	WDT001_Init:
  26              	.LFB117:
  27              		.file 1 "../Dave/Generated/src/WDT001/WDT001.c"
   1:../Dave/Generated/src/WDT001/WDT001.c **** /*******************************************************************************
   2:../Dave/Generated/src/WDT001/WDT001.c **** **  DAVE App Name : WDT001       App Version: 1.0.18               
   3:../Dave/Generated/src/WDT001/WDT001.c **** **  This file is generated by DAVE, User modification to this file will be    **
   4:../Dave/Generated/src/WDT001/WDT001.c **** **  overwritten at the next code generation.                                  **
   5:../Dave/Generated/src/WDT001/WDT001.c **** *******************************************************************************/
   6:../Dave/Generated/src/WDT001/WDT001.c **** 
   7:../Dave/Generated/src/WDT001/WDT001.c **** /*CODE_BLOCK_BEGIN[WDT001.c]*/
   8:../Dave/Generated/src/WDT001/WDT001.c **** /*******************************************************************************
   9:../Dave/Generated/src/WDT001/WDT001.c ****  Copyright (c) 2013, Infineon Technologies AG                                 **
  10:../Dave/Generated/src/WDT001/WDT001.c ****  All rights reserved.                                                         **
  11:../Dave/Generated/src/WDT001/WDT001.c ****                                                                               **
  12:../Dave/Generated/src/WDT001/WDT001.c ****  Redistribution and use in source and binary forms, with or without           **
  13:../Dave/Generated/src/WDT001/WDT001.c ****  modification,are permitted provided that the following conditions are met:   **
  14:../Dave/Generated/src/WDT001/WDT001.c ****                                                                               **
  15:../Dave/Generated/src/WDT001/WDT001.c ****  *Redistributions of source code must retain the above copyright notice,      **
  16:../Dave/Generated/src/WDT001/WDT001.c ****  this list of conditions and the following disclaimer.                        **
  17:../Dave/Generated/src/WDT001/WDT001.c ****  *Redistributions in binary form must reproduce the above copyright notice,   **
  18:../Dave/Generated/src/WDT001/WDT001.c ****  this list of conditions and the following disclaimer in the documentation    **
  19:../Dave/Generated/src/WDT001/WDT001.c ****  and/or other materials provided with the distribution.                       **
  20:../Dave/Generated/src/WDT001/WDT001.c ****  *Neither the name of the copyright holders nor the names of its contributors **
  21:../Dave/Generated/src/WDT001/WDT001.c ****  may be used to endorse or promote products derived from this software without** 
  22:../Dave/Generated/src/WDT001/WDT001.c ****  specific prior written permission.                                           **
  23:../Dave/Generated/src/WDT001/WDT001.c ****                                                                               **
  24:../Dave/Generated/src/WDT001/WDT001.c ****  THIS SOFTWARE IS PROVIDED BY THE COPYRIGHT HOLDERS AND CONTRIBUTORS "AS IS"  **
  25:../Dave/Generated/src/WDT001/WDT001.c ****  AND ANY EXPRESS OR IMPLIED WARRANTIES, INCLUDING, BUT NOT LIMITED TO, THE    **
  26:../Dave/Generated/src/WDT001/WDT001.c ****  IMPLIED WARRANTIES OF MERCHANTABILITY AND FITNESS FOR A PARTICULAR PURPOSE   **
  27:../Dave/Generated/src/WDT001/WDT001.c ****  ARE  DISCLAIMED. IN NO EVENT SHALL THE COPYRIGHT HOLDER OR CONTRIBUTORS BE   **
  28:../Dave/Generated/src/WDT001/WDT001.c ****  LIABLE  FOR ANY DIRECT, INDIRECT, INCIDENTAL, SPECIAL, EXEMPLARY, OR         **
  29:../Dave/Generated/src/WDT001/WDT001.c ****  CONSEQUENTIAL DAMAGES (INCLUDING, BUT NOT LIMITED TO, PROCUREMENT OF         **
  30:../Dave/Generated/src/WDT001/WDT001.c ****  SUBSTITUTE GOODS OR  SERVICES; LOSS OF USE, DATA, OR PROFITS; OR BUSINESS    **
  31:../Dave/Generated/src/WDT001/WDT001.c ****  INTERRUPTION) HOWEVER CAUSED AND ON ANY THEORY OF LIABILITY, WHETHER IN      **
  32:../Dave/Generated/src/WDT001/WDT001.c ****  CONTRACT, STRICT LIABILITY,OR TORT (INCLUDING NEGLIGENCE OR OTHERWISE)       **
  33:../Dave/Generated/src/WDT001/WDT001.c ****  ARISING IN ANY WAY OUT OF THE USE OF THIS SOFTWARE, EVEN IF ADVISED OF THE   **
  34:../Dave/Generated/src/WDT001/WDT001.c ****  POSSIBILITY OF SUCH DAMAGE.                                                  **
  35:../Dave/Generated/src/WDT001/WDT001.c ****                                                                               **
  36:../Dave/Generated/src/WDT001/WDT001.c ****  To improve the quality of the software, users are encouraged to share        **
  37:../Dave/Generated/src/WDT001/WDT001.c ****  modifications, enhancements or bug fixes with Infineon Technologies AG       **
  38:../Dave/Generated/src/WDT001/WDT001.c ****  dave@infineon.com).                                                          **
  39:../Dave/Generated/src/WDT001/WDT001.c ****                                                                               **
  40:../Dave/Generated/src/WDT001/WDT001.c **** ********************************************************************************
  41:../Dave/Generated/src/WDT001/WDT001.c **** **                                                                            **
  42:../Dave/Generated/src/WDT001/WDT001.c **** **                                                                            **
  43:../Dave/Generated/src/WDT001/WDT001.c **** ** PLATFORM : Infineon XMC4000/XMC1000 Series                                 **
  44:../Dave/Generated/src/WDT001/WDT001.c **** **                                                                            **
  45:../Dave/Generated/src/WDT001/WDT001.c **** ** COMPILER : Compiler Independent                                            **
  46:../Dave/Generated/src/WDT001/WDT001.c **** **                                                                            **
  47:../Dave/Generated/src/WDT001/WDT001.c **** ** AUTHOR   : App Developer                                                   **
  48:../Dave/Generated/src/WDT001/WDT001.c **** **                                                                            **
  49:../Dave/Generated/src/WDT001/WDT001.c **** ** MAY BE CHANGED BY USER [yes/no]: Yes                                       **
  50:../Dave/Generated/src/WDT001/WDT001.c **** **                                                                            **
  51:../Dave/Generated/src/WDT001/WDT001.c **** ** MODIFICATION DATE : Apr 04, 2013                                           **
  52:../Dave/Generated/src/WDT001/WDT001.c **** **                                                                            **
  53:../Dave/Generated/src/WDT001/WDT001.c **** *******************************************************************************/
  54:../Dave/Generated/src/WDT001/WDT001.c **** /*******************************************************************************
  55:../Dave/Generated/src/WDT001/WDT001.c **** **                      Author(s) Identity                                    **
  56:../Dave/Generated/src/WDT001/WDT001.c **** ********************************************************************************
  57:../Dave/Generated/src/WDT001/WDT001.c **** **                                                                            **
  58:../Dave/Generated/src/WDT001/WDT001.c **** ** Initials     Name                                                          **
  59:../Dave/Generated/src/WDT001/WDT001.c **** ** ---------------------------------------------------------------------------**
  60:../Dave/Generated/src/WDT001/WDT001.c **** ** PAE        App Developer                                                   **
  61:../Dave/Generated/src/WDT001/WDT001.c **** *******************************************************************************/
  62:../Dave/Generated/src/WDT001/WDT001.c **** /**
  63:../Dave/Generated/src/WDT001/WDT001.c ****  * @file WDT001.c
  64:../Dave/Generated/src/WDT001/WDT001.c ****  *
  65:../Dave/Generated/src/WDT001/WDT001.c ****  * @brief  Watch Dog Timer App
  66:../Dave/Generated/src/WDT001/WDT001.c ****  *
  67:../Dave/Generated/src/WDT001/WDT001.c ****  */
  68:../Dave/Generated/src/WDT001/WDT001.c **** /* Revision History
  69:../Dave/Generated/src/WDT001/WDT001.c ****  * 11 Jan 2013 v1.0.6 Base Version for porting
  70:../Dave/Generated/src/WDT001/WDT001.c ****  * 04 Apr 2013 v1.0.8 device based code generation for clk gating and SCU interrupt unmasking is ad
  71:../Dave/Generated/src/WDT001/WDT001.c ****  */
  72:../Dave/Generated/src/WDT001/WDT001.c **** /*******************************************************************************
  73:../Dave/Generated/src/WDT001/WDT001.c ****  ** INCLUDE FILES                                                             **
  74:../Dave/Generated/src/WDT001/WDT001.c ****  ******************************************************************************/
  75:../Dave/Generated/src/WDT001/WDT001.c **** #include <DAVE3.h>
  76:../Dave/Generated/src/WDT001/WDT001.c **** 
  77:../Dave/Generated/src/WDT001/WDT001.c ****   
  78:../Dave/Generated/src/WDT001/WDT001.c **** /*****************************************************************************
  79:../Dave/Generated/src/WDT001/WDT001.c ****               DUMMY DEFINTIONS OF DEBUG LOG MACROS
  80:../Dave/Generated/src/WDT001/WDT001.c **** *****************************************************************************/
  81:../Dave/Generated/src/WDT001/WDT001.c **** /*These definitions are included here to avoid compilation errors,
  82:../Dave/Generated/src/WDT001/WDT001.c ****  since the DBG002 app is not part of the project. All the macros are defined
  83:../Dave/Generated/src/WDT001/WDT001.c ****  as empty*/ 
  84:../Dave/Generated/src/WDT001/WDT001.c **** #ifndef _DBG002_H_
  85:../Dave/Generated/src/WDT001/WDT001.c **** 
  86:../Dave/Generated/src/WDT001/WDT001.c **** #define DBG002_RegisterCallBack(A,B,C)
  87:../Dave/Generated/src/WDT001/WDT001.c **** #define DBG002_I(e) 
  88:../Dave/Generated/src/WDT001/WDT001.c **** #define DBG002_IG(e,g) 
  89:../Dave/Generated/src/WDT001/WDT001.c **** #define DBG002_IH(e,h) 
  90:../Dave/Generated/src/WDT001/WDT001.c **** #define DBG002_IP(e,p) 
  91:../Dave/Generated/src/WDT001/WDT001.c **** #define DBG002_IGH(e,g,h) 
  92:../Dave/Generated/src/WDT001/WDT001.c **** #define DBG002_IGP(e,g,p) 
  93:../Dave/Generated/src/WDT001/WDT001.c **** #define DBG002_IHP(e,h,p) 
  94:../Dave/Generated/src/WDT001/WDT001.c **** #define DBG002_IGHP(e,g,h,p) 
  95:../Dave/Generated/src/WDT001/WDT001.c **** #define DBG002_N(e) 
  96:../Dave/Generated/src/WDT001/WDT001.c **** #define DBG002_NG(e,g) 
  97:../Dave/Generated/src/WDT001/WDT001.c **** #define DBG002_NH(e,h) 
  98:../Dave/Generated/src/WDT001/WDT001.c **** #define DBG002_NP(e,p) 
  99:../Dave/Generated/src/WDT001/WDT001.c **** #define DBG002_NGH(e,g,h) 
 100:../Dave/Generated/src/WDT001/WDT001.c **** #define DBG002_NGP(e,g,p) 
 101:../Dave/Generated/src/WDT001/WDT001.c **** #define DBG002_NHP(e,h,p) 
 102:../Dave/Generated/src/WDT001/WDT001.c **** #define DBG002_NGHP(e,g,h,p) 
 103:../Dave/Generated/src/WDT001/WDT001.c **** #define DBG002_ID(e) 
 104:../Dave/Generated/src/WDT001/WDT001.c **** #define DBG002_IS(e) 
 105:../Dave/Generated/src/WDT001/WDT001.c **** #define DBG002_ISG(e,g) 
 106:../Dave/Generated/src/WDT001/WDT001.c **** #define DBG002_SAFETY_CRITICAL(groupid,messageid,length,value)
 107:../Dave/Generated/src/WDT001/WDT001.c **** #define DBG002_CRITICAL(groupid,messageid,length,value)
 108:../Dave/Generated/src/WDT001/WDT001.c **** #define DBG002_ERROR(groupid,messageid,length,value)
 109:../Dave/Generated/src/WDT001/WDT001.c **** #define DBG002_WARNING(groupid,messageid,length,value)
 110:../Dave/Generated/src/WDT001/WDT001.c **** #define DBG002_INFO(groupid,messageid,length,value)
 111:../Dave/Generated/src/WDT001/WDT001.c **** #define DBG002_TRACE(groupid,messageid,length,value)
 112:../Dave/Generated/src/WDT001/WDT001.c **** #define DBG002_FUNCTION_ENTRY(GID, Status) 
 113:../Dave/Generated/src/WDT001/WDT001.c **** #define DBG002_FUNCTION_EXIT(GID, Status) 
 114:../Dave/Generated/src/WDT001/WDT001.c **** 
 115:../Dave/Generated/src/WDT001/WDT001.c **** #endif/* End of definitions of dummy Debug Log macros*/      
 116:../Dave/Generated/src/WDT001/WDT001.c **** 
 117:../Dave/Generated/src/WDT001/WDT001.c **** 
 118:../Dave/Generated/src/WDT001/WDT001.c **** 
 119:../Dave/Generated/src/WDT001/WDT001.c **** 
 120:../Dave/Generated/src/WDT001/WDT001.c **** 
 121:../Dave/Generated/src/WDT001/WDT001.c **** 
 122:../Dave/Generated/src/WDT001/WDT001.c **** 
 123:../Dave/Generated/src/WDT001/WDT001.c **** 
 124:../Dave/Generated/src/WDT001/WDT001.c **** 
 125:../Dave/Generated/src/WDT001/WDT001.c **** /*******************************************************************************
 126:../Dave/Generated/src/WDT001/WDT001.c **** **                      Private Macro Definitions                             **
 127:../Dave/Generated/src/WDT001/WDT001.c **** *******************************************************************************/
 128:../Dave/Generated/src/WDT001/WDT001.c **** 
 129:../Dave/Generated/src/WDT001/WDT001.c **** #define APP_GID DBG002_GID_WDT001
 130:../Dave/Generated/src/WDT001/WDT001.c **** /*******************************************************************************
 131:../Dave/Generated/src/WDT001/WDT001.c **** **                      Extern Declaration                                    **
 132:../Dave/Generated/src/WDT001/WDT001.c **** *******************************************************************************/
 133:../Dave/Generated/src/WDT001/WDT001.c **** 
 134:../Dave/Generated/src/WDT001/WDT001.c **** 
 135:../Dave/Generated/src/WDT001/WDT001.c **** /*******************************************************************************
 136:../Dave/Generated/src/WDT001/WDT001.c **** **                      Public Function Definitions                           **
 137:../Dave/Generated/src/WDT001/WDT001.c **** *******************************************************************************/
 138:../Dave/Generated/src/WDT001/WDT001.c **** 
 139:../Dave/Generated/src/WDT001/WDT001.c ****  /* Function initializes the App based on the UI configurable items  */
 140:../Dave/Generated/src/WDT001/WDT001.c **** void  WDT001_Init(void) 
 141:../Dave/Generated/src/WDT001/WDT001.c **** {
  28              		.loc 1 141 0
  29              		.cfi_startproc
  30              		@ args = 0, pretend = 0, frame = 0
  31              		@ frame_needed = 1, uses_anonymous_args = 0
  32 0000 80B5     		push	{r7, lr}
  33              	.LCFI0:
  34              		.cfi_def_cfa_offset 8
  35              		.cfi_offset 7, -8
  36              		.cfi_offset 14, -4
  37 0002 00AF     		add	r7, sp, #0
  38              	.LCFI1:
  39              		.cfi_def_cfa_register 7
 142:../Dave/Generated/src/WDT001/WDT001.c ****   /*<<<DD_WDT001_API_1>>> */
 143:../Dave/Generated/src/WDT001/WDT001.c ****   DBG002_FUNCTION_ENTRY(DBG002_GID_WDT001,WDT001_FUN_ENTRY); 
 144:../Dave/Generated/src/WDT001/WDT001.c ****   /* Reset the WDT Unit*/
 145:../Dave/Generated/src/WDT001/WDT001.c ****   RESET001_DeassertReset(PER2_WDT);
  40              		.loc 1 145 0
  41 0004 4FF00200 		mov	r0, #2
  42 0008 C2F20000 		movt	r0, 8192
  43 000c FFF7FEFF 		bl	RESET001_DeassertReset
 146:../Dave/Generated/src/WDT001/WDT001.c ****   /* Configure Window Lower Bound*/
 147:../Dave/Generated/src/WDT001/WDT001.c ****   WDT->WLB = 0x0UL;
  44              		.loc 1 147 0
  45 0010 4FF40043 		mov	r3, #32768
  46 0014 C5F20003 		movt	r3, 20480
  47 0018 4FF00002 		mov	r2, #0
  48 001c 1A61     		str	r2, [r3, #16]
 148:../Dave/Generated/src/WDT001/WDT001.c ****   /* Configure Window Upper Bound*/   
 149:../Dave/Generated/src/WDT001/WDT001.c ****   WDT->WUB = 0xffffffffUL;
  49              		.loc 1 149 0
  50 001e 4FF40043 		mov	r3, #32768
  51 0022 C5F20003 		movt	r3, 20480
  52 0026 4FF0FF32 		mov	r2, #-1
  53 002a 5A61     		str	r2, [r3, #20]
 150:../Dave/Generated/src/WDT001/WDT001.c ****   
 151:../Dave/Generated/src/WDT001/WDT001.c ****   /* Configure pre-warning interrupt enable
 152:../Dave/Generated/src/WDT001/WDT001.c ****   and Service Indication pulse width*/
 153:../Dave/Generated/src/WDT001/WDT001.c ****   WDT->CTR |= (uint32_t)\
  54              		.loc 1 153 0
  55 002c 4FF40043 		mov	r3, #32768
  56 0030 C5F20003 		movt	r3, 20480
  57 0034 4FF40042 		mov	r2, #32768
  58 0038 C5F20002 		movt	r2, 20480
  59 003c 5268     		ldr	r2, [r2, #4]
  60 003e 5A60     		str	r2, [r3, #4]
 154:../Dave/Generated/src/WDT001/WDT001.c ****     ((((uint32_t)0 << WDT_CTR_SPW_Pos) & WDT_CTR_SPW_Msk) | \
 155:../Dave/Generated/src/WDT001/WDT001.c **** 	  ((uint32_t)0 << WDT_CTR_PRE_Pos)); 
 156:../Dave/Generated/src/WDT001/WDT001.c **** 
 157:../Dave/Generated/src/WDT001/WDT001.c ****     
 158:../Dave/Generated/src/WDT001/WDT001.c ****   DBG002_FUNCTION_EXIT(DBG002_GID_WDT001,WDT001_FUN_EXIT);
 159:../Dave/Generated/src/WDT001/WDT001.c **** }
  61              		.loc 1 159 0
  62 0040 80BD     		pop	{r7, pc}
  63              		.cfi_endproc
  64              	.LFE117:
  66 0042 00BF     		.text
  67              	.Letext0:
  68              		.file 2 "c:\\dave-3.1.10\\arm-gcc\\bin\\../lib/gcc/arm-none-eabi/4.7.4/../../../../arm-none-eabi/i
  69              		.file 3 "C:\\DAVE-3.1.10\\eclipse\\/../CMSIS/Infineon/XMC4500_series/Include/XMC4500.h"
  70              		.file 4 "C:\\Users\\jmass_000\\Documents\\Unicamp\\Phoenix\\Controle-e-Telemetria\\DAVE\\ControleI
  71              		.file 5 "C:\\DAVE-3.1.10\\eclipse\\/../CMSIS/Include/core_cm4.h"
DEFINED SYMBOLS
                            *ABS*:00000000 WDT001.c
C:\Users\JMASS_~1\AppData\Local\Temp\ccdouIt5.s:20     .text.WDT001_Init:00000000 $t
C:\Users\JMASS_~1\AppData\Local\Temp\ccdouIt5.s:25     .text.WDT001_Init:00000000 WDT001_Init
                     .debug_frame:00000010 $d
                           .group:00000000 wm4.1.e3bdd798bb23f70d94471cb7157fa38f
                           .group:00000000 wm4.XMC4500.h.45.215f4b8c79f46c7645c15373868d08c0
                           .group:00000000 wm4.core_cm4.h.47.41af406cb4cda82c972f112a9cd0a024
                           .group:00000000 wm4.newlib.h.8.a9901dc52d1357e3e94003403d43f8b5
                           .group:00000000 wm4.features.h.22.b72b3baab2bb2eab3661375590100b6b
                           .group:00000000 wm4.config.h.193.5fb8ef056cdff92dec3dee9552839d8c
                           .group:00000000 wm4._ansi.h.23.7aefdac4826acebbfc9f3822a0aeb14c
                           .group:00000000 wm4.stdint.h.20.54ad762faa59e3c05491630641c8d8bf
                           .group:00000000 wm4.core_cmInstr.h.39.3d3d1b4a79aef37532666dc6ee87c6ac
                           .group:00000000 wm4.core_cm4_simd.h.43.b5d1d38735af6366227b4256d330cf13
                           .group:00000000 wm4.core_cm4.h.178.e5ef5ce66d198d7f00f9d0076e267c41
                           .group:00000000 wm4.system_XMC4500.h.29.827f68baa362c84f2abae4ab67dde7c9
                           .group:00000000 wm4.XMC4500.h.198.8e022f279ff353ed081df898dc7b9cf3
                           .group:00000000 wm4.stddef.h.40.50cf36416e06376af8a9dca28536f2e4
                           .group:00000000 wm4.types.h.60.e75c47576398c648cdcf9000ace5e3d8
                           .group:00000000 wm4.MULTIPLEXER.h.46.4a863fbae1c79f0db26da3ce2dc30d02
                           .group:00000000 wm4.CCU8PWMLIB.h.74.725ec81203769525cc7a424597055f47
                           .group:00000000 wm4.MOTORLIB.h.62.951091d95913dd2ff36d761323a1771d
                           .group:00000000 wm4.DBG001.h.116.d6d9e7459a0faa3905c97c1d2edb339d
                           .group:00000000 wm4.uc_id.h.35.6a563b5a45d32cec26f5b514b510065d
                           .group:00000000 wm4.CLK001_Const.h.50.e5e9c2ddc89f4cc9e7b93e9648fa94e4
                           .group:00000000 wm4.CLK001_Conf.h.81.30c263516f6a2d50f9535345c116cddb
                           .group:00000000 wm4.CCU4Global_Conf.h.63.10a5fc586e1563647b9633c45b1b739e
                           .group:00000000 wm4.PWMSP001.h.57.29b732b86baf3e81f49153f5f495912e
                           .group:00000000 wm4.IO004.h.53.442ea5eb47ad9eedc675253aa35f3107
                           .group:00000000 wm4.CNT001.h.53.54b2229008e37b1970e63d1faf193d82
                           .group:00000000 wm4.SYSTM002_Conf.h.70.e893767dc4d518b087b4a20e349ac4d8
                           .group:00000000 wm4.SYSTM002.h.98.0f398400b32186dea0837ac3b6c1ddcb
                           .group:00000000 wm4.IO002_Conf.h.51.87e2c8c60b647393fe9ced2cae198f63
                           .group:00000000 wm4.ERU001_Conf.h.69.cbf5f28f16df40bf2ec07157d45ebab0
                           .group:00000000 wm4.ERU002_Conf.h.49.2f1d75b23a08c83bd296d7c11c7e280b
                           .group:00000000 wm4.NVIC002_Conf.h.63.13943eb720fa25e7207fa08ab410f2a7
                           .group:00000000 wm4.WDT001.h.50.255ce6a2a58bdd6da7d43650f1d62aa2

UNDEFINED SYMBOLS
RESET001_DeassertReset
