   1              		.syntax unified
   2              		.cpu cortex-m4
   3              		.eabi_attribute 27, 3
   4              		.fpu fpv4-sp-d16
   5              		.eabi_attribute 20, 1
   6              		.eabi_attribute 21, 1
   7              		.eabi_attribute 23, 3
   8              		.eabi_attribute 24, 1
   9              		.eabi_attribute 25, 1
  10              		.eabi_attribute 26, 1
  11              		.eabi_attribute 30, 4
  12              		.eabi_attribute 34, 1
  13              		.eabi_attribute 18, 4
  14              		.thumb
  15              		.file	"ERU002.c"
  16              		.section	.text.ERU002_lInit,"ax",%progbits
  17              		.align	1
  18              		.global	ERU002_lInit
  19              		.thumb
  20              		.thumb_func
  22              	ERU002_lInit:
  23              		@ args = 0, pretend = 0, frame = 0
  24              		@ frame_needed = 0, uses_anonymous_args = 0
  25 0000 0368     		ldr	r3, [r0, #0]
  26 0002 104A     		ldr	r2, .L6
  27 0004 9342     		cmp	r3, r2
  28 0006 10B5     		push	{r4, lr}
  29 0008 0446     		mov	r4, r0
  30 000a 09D1     		bne	.L3
  31 000c 4FF48030 		mov	r0, #65536
  32 0010 FFF7FEFF 		bl	RESET001_GetStatus
  33 0014 0128     		cmp	r0, #1
  34 0016 03D1     		bne	.L3
  35 0018 4FF48030 		mov	r0, #65536
  36 001c FFF7FEFF 		bl	RESET001_DeassertReset
  37              	.L3:
  38 0020 6268     		ldr	r2, [r4, #4]
  39 0022 2368     		ldr	r3, [r4, #0]
  40 0024 A168     		ldr	r1, [r4, #8]
  41 0026 E468     		ldr	r4, [r4, #12]
  42 0028 0832     		adds	r2, r2, #8
  43 002a 0901     		lsls	r1, r1, #4
  44 002c A400     		lsls	r4, r4, #2
  45 002e 53F82200 		ldr	r0, [r3, r2, lsl #2]
  46 0032 01F03001 		and	r1, r1, #48
  47 0036 04F00404 		and	r4, r4, #4
  48 003a 2143     		orrs	r1, r1, r4
  49 003c 0143     		orrs	r1, r1, r0
  50 003e 43F82210 		str	r1, [r3, r2, lsl #2]
  51 0042 10BD     		pop	{r4, pc}
  52              	.L7:
  53              		.align	2
  54              	.L6:
  55 0044 00400440 		.word	1074020352
  57              		.section	.text.ERU002_Init,"ax",%progbits
  58              		.align	1
  59              		.global	ERU002_Init
  60              		.thumb
  61              		.thumb_func
  63              	ERU002_Init:
  64              		@ args = 0, pretend = 0, frame = 0
  65              		@ frame_needed = 0, uses_anonymous_args = 0
  66 0000 10B5     		push	{r4, lr}
  67 0002 044C     		ldr	r4, .L9
  68 0004 2068     		ldr	r0, [r4, #0]
  69 0006 FFF7FEFF 		bl	ERU002_lInit
  70 000a 6068     		ldr	r0, [r4, #4]
  71 000c BDE81040 		pop	{r4, lr}
  72 0010 FFF7FEBF 		b	ERU002_lInit
  73              	.L10:
  74              		.align	2
  75              	.L9:
  76 0014 00000000 		.word	ERU002_HandleArray
  78              		.section	.text.ERU002_SetPeripheralTrigInputSrc,"ax",%progbits
  79              		.align	1
  80              		.global	ERU002_SetPeripheralTrigInputSrc
  81              		.thumb
  82              		.thumb_func
  84              	ERU002_SetPeripheralTrigInputSrc:
  85              		@ args = 0, pretend = 0, frame = 0
  86              		@ frame_needed = 0, uses_anonymous_args = 0
  87              		@ link register save eliminated.
  88 0000 0329     		cmp	r1, #3
  89 0002 0368     		ldr	r3, [r0, #0]
  90 0004 0BD8     		bhi	.L14
  91 0006 53B1     		cbz	r3, .L14
  92 0008 4268     		ldr	r2, [r0, #4]
  93 000a 0832     		adds	r2, r2, #8
  94 000c 53F82200 		ldr	r0, [r3, r2, lsl #2]
  95 0010 20F00300 		bic	r0, r0, #3
  96 0014 0143     		orrs	r1, r1, r0
  97 0016 43F82210 		str	r1, [r3, r2, lsl #2]
  98 001a 0120     		movs	r0, #1
  99 001c 7047     		bx	lr
 100              	.L14:
 101 001e 0F20     		movs	r0, #15
 102 0020 7047     		bx	lr
 104              		.section	.text.ERU002_GetPatternResult,"ax",%progbits
 105              		.align	1
 106              		.global	ERU002_GetPatternResult
 107              		.thumb
 108              		.thumb_func
 110              	ERU002_GetPatternResult:
 111              		@ args = 0, pretend = 0, frame = 16
 112              		@ frame_needed = 0, uses_anonymous_args = 0
 113 0000 1FB5     		push	{r0, r1, r2, r3, r4, lr}
 114 0002 04AC     		add	r4, sp, #16
 115 0004 04E90F00 		stmdb	r4, {r0, r1, r2, r3}
 116 0008 019B     		ldr	r3, [sp, #4]
 117 000a 0098     		ldr	r0, [sp, #0]
 118 000c 03F10802 		add	r2, r3, #8
 119 0010 50F82210 		ldr	r1, [r0, r2, lsl #2]
 120 0014 C1F3C000 		ubfx	r0, r1, #3, #1
 121 0018 04B0     		add	sp, sp, #16
 122 001a 10BD     		pop	{r4, pc}
 124              		.section	.text.ERU002_EnablePatternDetection,"ax",%progbits
 125              		.align	1
 126              		.global	ERU002_EnablePatternDetection
 127              		.thumb
 128              		.thumb_func
 130              	ERU002_EnablePatternDetection:
 131              		@ args = 0, pretend = 0, frame = 0
 132              		@ frame_needed = 0, uses_anonymous_args = 0
 133              		@ link register save eliminated.
 134 0000 40B1     		cbz	r0, .L16
 135 0002 4268     		ldr	r2, [r0, #4]
 136 0004 0368     		ldr	r3, [r0, #0]
 137 0006 0832     		adds	r2, r2, #8
 138 0008 53F82210 		ldr	r1, [r3, r2, lsl #2]
 139 000c 41F00400 		orr	r0, r1, #4
 140 0010 43F82200 		str	r0, [r3, r2, lsl #2]
 141              	.L16:
 142 0014 7047     		bx	lr
 144              		.section	.text.ERU002_DisablePatternDetection,"ax",%progbits
 145              		.align	1
 146              		.global	ERU002_DisablePatternDetection
 147              		.thumb
 148              		.thumb_func
 150              	ERU002_DisablePatternDetection:
 151              		@ args = 0, pretend = 0, frame = 0
 152              		@ frame_needed = 0, uses_anonymous_args = 0
 153              		@ link register save eliminated.
 154 0000 40B1     		cbz	r0, .L21
 155 0002 4268     		ldr	r2, [r0, #4]
 156 0004 0368     		ldr	r3, [r0, #0]
 157 0006 0832     		adds	r2, r2, #8
 158 0008 53F82210 		ldr	r1, [r3, r2, lsl #2]
 159 000c 21F00400 		bic	r0, r1, #4
 160 0010 43F82200 		str	r0, [r3, r2, lsl #2]
 161              	.L21:
 162 0014 7047     		bx	lr
 164              		.section	.text.ERU002_SelectServiceRequestMode,"ax",%progbits
 165              		.align	1
 166              		.global	ERU002_SelectServiceRequestMode
 167              		.thumb
 168              		.thumb_func
 170              	ERU002_SelectServiceRequestMode:
 171              		@ args = 0, pretend = 0, frame = 0
 172              		@ frame_needed = 0, uses_anonymous_args = 0
 173              		@ link register save eliminated.
 174 0000 60B1     		cbz	r0, .L26
 175 0002 4268     		ldr	r2, [r0, #4]
 176 0004 0368     		ldr	r3, [r0, #0]
 177 0006 0832     		adds	r2, r2, #8
 178 0008 0901     		lsls	r1, r1, #4
 179 000a 53F82200 		ldr	r0, [r3, r2, lsl #2]
 180 000e 01F03001 		and	r1, r1, #48
 181 0012 20F03000 		bic	r0, r0, #48
 182 0016 0143     		orrs	r1, r1, r0
 183 0018 43F82210 		str	r1, [r3, r2, lsl #2]
 184              	.L26:
 185 001c 7047     		bx	lr
 187              		.ident	"GCC: (GNU Tools for ARM Embedded Processors) 4.7.4 20130913 (release) [ARM/embedded-4_7-br
DEFINED SYMBOLS
                            *ABS*:00000000 ERU002.c
C:\Users\JMASS_~1\AppData\Local\Temp\ccvx8t4F.s:17     .text.ERU002_lInit:00000000 $t
C:\Users\JMASS_~1\AppData\Local\Temp\ccvx8t4F.s:22     .text.ERU002_lInit:00000000 ERU002_lInit
C:\Users\JMASS_~1\AppData\Local\Temp\ccvx8t4F.s:55     .text.ERU002_lInit:00000044 $d
C:\Users\JMASS_~1\AppData\Local\Temp\ccvx8t4F.s:58     .text.ERU002_Init:00000000 $t
C:\Users\JMASS_~1\AppData\Local\Temp\ccvx8t4F.s:63     .text.ERU002_Init:00000000 ERU002_Init
C:\Users\JMASS_~1\AppData\Local\Temp\ccvx8t4F.s:76     .text.ERU002_Init:00000014 $d
C:\Users\JMASS_~1\AppData\Local\Temp\ccvx8t4F.s:79     .text.ERU002_SetPeripheralTrigInputSrc:00000000 $t
C:\Users\JMASS_~1\AppData\Local\Temp\ccvx8t4F.s:84     .text.ERU002_SetPeripheralTrigInputSrc:00000000 ERU002_SetPeripheralTrigInputSrc
C:\Users\JMASS_~1\AppData\Local\Temp\ccvx8t4F.s:105    .text.ERU002_GetPatternResult:00000000 $t
C:\Users\JMASS_~1\AppData\Local\Temp\ccvx8t4F.s:110    .text.ERU002_GetPatternResult:00000000 ERU002_GetPatternResult
C:\Users\JMASS_~1\AppData\Local\Temp\ccvx8t4F.s:125    .text.ERU002_EnablePatternDetection:00000000 $t
C:\Users\JMASS_~1\AppData\Local\Temp\ccvx8t4F.s:130    .text.ERU002_EnablePatternDetection:00000000 ERU002_EnablePatternDetection
C:\Users\JMASS_~1\AppData\Local\Temp\ccvx8t4F.s:145    .text.ERU002_DisablePatternDetection:00000000 $t
C:\Users\JMASS_~1\AppData\Local\Temp\ccvx8t4F.s:150    .text.ERU002_DisablePatternDetection:00000000 ERU002_DisablePatternDetection
C:\Users\JMASS_~1\AppData\Local\Temp\ccvx8t4F.s:165    .text.ERU002_SelectServiceRequestMode:00000000 $t
C:\Users\JMASS_~1\AppData\Local\Temp\ccvx8t4F.s:170    .text.ERU002_SelectServiceRequestMode:00000000 ERU002_SelectServiceRequestMode

UNDEFINED SYMBOLS
RESET001_GetStatus
RESET001_DeassertReset
ERU002_HandleArray
