   1              		.syntax unified
   2              		.cpu cortex-m4
   3              		.eabi_attribute 27, 3
   4              		.fpu fpv4-sp-d16
   5              		.eabi_attribute 20, 1
   6              		.eabi_attribute 21, 1
   7              		.eabi_attribute 23, 3
   8              		.eabi_attribute 24, 1
   9              		.eabi_attribute 25, 1
  10              		.eabi_attribute 26, 1
  11              		.eabi_attribute 30, 6
  12              		.eabi_attribute 34, 1
  13              		.eabi_attribute 18, 4
  14              		.thumb
  15              		.file	"MULTIPLEXER.c"
  16              		.text
  17              	.Ltext0:
  18              		.cfi_sections	.debug_frame
  19              		.section	.text.DAVE_MUX_Init,"ax",%progbits
  20              		.align	2
  21              		.global	DAVE_MUX_Init
  22              		.thumb
  23              		.thumb_func
  25              	DAVE_MUX_Init:
  26              	.LFB117:
  27              		.file 1 "../Dave/Generated/src/DAVESupport/MULTIPLEXER.c"
   1:../Dave/Generated/src/DAVESupport/MULTIPLEXER.c **** /*******************************************************************************
   2:../Dave/Generated/src/DAVESupport/MULTIPLEXER.c **** **  DAVE App Name : DAVESupport       App Version: 1.0.44               
   3:../Dave/Generated/src/DAVESupport/MULTIPLEXER.c **** **  This file is generated by DAVE, User modification to this file will be    **
   4:../Dave/Generated/src/DAVESupport/MULTIPLEXER.c **** **  overwritten at the next code generation.                                  **
   5:../Dave/Generated/src/DAVESupport/MULTIPLEXER.c **** *******************************************************************************/
   6:../Dave/Generated/src/DAVESupport/MULTIPLEXER.c **** 
   7:../Dave/Generated/src/DAVESupport/MULTIPLEXER.c **** 
   8:../Dave/Generated/src/DAVESupport/MULTIPLEXER.c **** /*******************************************************************************
   9:../Dave/Generated/src/DAVESupport/MULTIPLEXER.c ****  Copyright (c) 2014, Infineon Technologies AG                                 **
  10:../Dave/Generated/src/DAVESupport/MULTIPLEXER.c ****  All rights reserved.                                                         **
  11:../Dave/Generated/src/DAVESupport/MULTIPLEXER.c ****                                                                               **
  12:../Dave/Generated/src/DAVESupport/MULTIPLEXER.c ****  Redistribution and use in source and binary forms, with or without           **
  13:../Dave/Generated/src/DAVESupport/MULTIPLEXER.c ****  modification,are permitted provided that the following conditions are met:   **
  14:../Dave/Generated/src/DAVESupport/MULTIPLEXER.c ****                                                                               **
  15:../Dave/Generated/src/DAVESupport/MULTIPLEXER.c ****  *Redistributions of source code must retain the above copyright notice,      **
  16:../Dave/Generated/src/DAVESupport/MULTIPLEXER.c ****  this list of conditions and the following disclaimer.                        **
  17:../Dave/Generated/src/DAVESupport/MULTIPLEXER.c ****  *Redistributions in binary form must reproduce the above copyright notice,   **
  18:../Dave/Generated/src/DAVESupport/MULTIPLEXER.c ****  this list of conditions and the following disclaimer in the documentation    **
  19:../Dave/Generated/src/DAVESupport/MULTIPLEXER.c ****  and/or other materials provided with the distribution.                       **
  20:../Dave/Generated/src/DAVESupport/MULTIPLEXER.c ****  *Neither the name of the copyright holders nor the names of its contributors **
  21:../Dave/Generated/src/DAVESupport/MULTIPLEXER.c ****  may be used to endorse or promote products derived from this software without**
  22:../Dave/Generated/src/DAVESupport/MULTIPLEXER.c ****  specific prior written permission.                                           **
  23:../Dave/Generated/src/DAVESupport/MULTIPLEXER.c ****                                                                               **
  24:../Dave/Generated/src/DAVESupport/MULTIPLEXER.c ****  THIS SOFTWARE IS PROVIDED BY THE COPYRIGHT HOLDERS AND CONTRIBUTORS "AS IS"  **
  25:../Dave/Generated/src/DAVESupport/MULTIPLEXER.c ****  AND ANY EXPRESS OR IMPLIED WARRANTIES, INCLUDING, BUT NOT LIMITED TO, THE    **
  26:../Dave/Generated/src/DAVESupport/MULTIPLEXER.c ****  IMPLIED WARRANTIES OF MERCHANTABILITY AND FITNESS FOR A PARTICULAR PURPOSE   **
  27:../Dave/Generated/src/DAVESupport/MULTIPLEXER.c ****  ARE  DISCLAIMED. IN NO EVENT SHALL THE COPYRIGHT HOLDER OR CONTRIBUTORS BE   **
  28:../Dave/Generated/src/DAVESupport/MULTIPLEXER.c ****  LIABLE  FOR ANY DIRECT, INDIRECT, INCIDENTAL, SPECIAL, EXEMPLARY, OR         **
  29:../Dave/Generated/src/DAVESupport/MULTIPLEXER.c ****  CONSEQUENTIAL DAMAGES (INCLUDING, BUT NOT LIMITED TO, PROCUREMENT OF         **
  30:../Dave/Generated/src/DAVESupport/MULTIPLEXER.c ****  SUBSTITUTE GOODS OR  SERVICES; LOSS OF USE, DATA, OR PROFITS; OR BUSINESS    **
  31:../Dave/Generated/src/DAVESupport/MULTIPLEXER.c ****  INTERRUPTION) HOWEVER CAUSED AND ON ANY THEORY OF LIABILITY, WHETHER IN      **
  32:../Dave/Generated/src/DAVESupport/MULTIPLEXER.c ****  CONTRACT, STRICT LIABILITY,OR TORT (INCLUDING NEGLIGENCE OR OTHERWISE)       **
  33:../Dave/Generated/src/DAVESupport/MULTIPLEXER.c ****  ARISING IN ANY WAY OUT OF THE USE OF THIS SOFTWARE, EVEN IF ADVISED OF THE   **
  34:../Dave/Generated/src/DAVESupport/MULTIPLEXER.c ****  POSSIBILITY OF SUCH DAMAGE.                                                  **
  35:../Dave/Generated/src/DAVESupport/MULTIPLEXER.c ****                                                                               **
  36:../Dave/Generated/src/DAVESupport/MULTIPLEXER.c ****  To improve the quality of the software, users are encouraged to share        **
  37:../Dave/Generated/src/DAVESupport/MULTIPLEXER.c ****  modifications, enhancements or bug fixes with Infineon Technologies AG       **
  38:../Dave/Generated/src/DAVESupport/MULTIPLEXER.c ****  dave@infineon.com).                                                          **
  39:../Dave/Generated/src/DAVESupport/MULTIPLEXER.c ****                                                                               **
  40:../Dave/Generated/src/DAVESupport/MULTIPLEXER.c **** ********************************************************************************
  41:../Dave/Generated/src/DAVESupport/MULTIPLEXER.c **** **                                                                            **
  42:../Dave/Generated/src/DAVESupport/MULTIPLEXER.c **** **                                                                            **
  43:../Dave/Generated/src/DAVESupport/MULTIPLEXER.c **** ** PLATFORM : Infineon <Microcontroller name, step>                           **
  44:../Dave/Generated/src/DAVESupport/MULTIPLEXER.c **** **                                                                            **
  45:../Dave/Generated/src/DAVESupport/MULTIPLEXER.c **** ** COMPILER : Compiler Independent                                            **
  46:../Dave/Generated/src/DAVESupport/MULTIPLEXER.c **** **                                                                            **
  47:../Dave/Generated/src/DAVESupport/MULTIPLEXER.c **** ** MODIFICATION DATE : April 23, 2014                                     **
  48:../Dave/Generated/src/DAVESupport/MULTIPLEXER.c **** **                                                                            **
  49:../Dave/Generated/src/DAVESupport/MULTIPLEXER.c **** *******************************************************************************/
  50:../Dave/Generated/src/DAVESupport/MULTIPLEXER.c **** /**
  51:../Dave/Generated/src/DAVESupport/MULTIPLEXER.c ****  * @file  MULTIPLEXER.c
  52:../Dave/Generated/src/DAVESupport/MULTIPLEXER.c ****  *
  53:../Dave/Generated/src/DAVESupport/MULTIPLEXER.c ****  * @brief This file contains implementation of DAVE Support function which 
  54:../Dave/Generated/src/DAVESupport/MULTIPLEXER.c ****  * uses to configure multiplexer register values.
  55:../Dave/Generated/src/DAVESupport/MULTIPLEXER.c ****  * 24 July 2013 v1.0.34 Initial Version
  56:../Dave/Generated/src/DAVESupport/MULTIPLEXER.c ****  * 06 sep 2013 v1.0.36  UART001 : Mux : One instruction for output pins 
  57:../Dave/Generated/src/DAVESupport/MULTIPLEXER.c ****  *                      initialisation.
  58:../Dave/Generated/src/DAVESupport/MULTIPLEXER.c ****  *                      CAN001 & CAN002 : Avoid twice reset of the INIT bit in 
  59:../Dave/Generated/src/DAVESupport/MULTIPLEXER.c ****  *                      Can001_lNodeInit & DAVE_MUX_Init.
  60:../Dave/Generated/src/DAVESupport/MULTIPLEXER.c ****  *                      WR_REGHIB Macro definition has been changed.
  61:../Dave/Generated/src/DAVESupport/MULTIPLEXER.c ****  * 23 April 2014 v1.0.44 HRPWM MUX configuration supported.                      
  62:../Dave/Generated/src/DAVESupport/MULTIPLEXER.c ****  *                      
  63:../Dave/Generated/src/DAVESupport/MULTIPLEXER.c ****  */
  64:../Dave/Generated/src/DAVESupport/MULTIPLEXER.c **** 
  65:../Dave/Generated/src/DAVESupport/MULTIPLEXER.c **** /*******************************************************************************
  66:../Dave/Generated/src/DAVESupport/MULTIPLEXER.c **** **                      Include Files                                         **
  67:../Dave/Generated/src/DAVESupport/MULTIPLEXER.c **** *******************************************************************************/
  68:../Dave/Generated/src/DAVESupport/MULTIPLEXER.c **** #include "../../inc/DAVESupport/DAVE3.h"
  69:../Dave/Generated/src/DAVESupport/MULTIPLEXER.c **** 
  70:../Dave/Generated/src/DAVESupport/MULTIPLEXER.c **** /*******************************************************************************
  71:../Dave/Generated/src/DAVESupport/MULTIPLEXER.c **** **                 Function declarations                                     **
  72:../Dave/Generated/src/DAVESupport/MULTIPLEXER.c **** *******************************************************************************/
  73:../Dave/Generated/src/DAVESupport/MULTIPLEXER.c **** /*******************************************************************************
  74:../Dave/Generated/src/DAVESupport/MULTIPLEXER.c **** ** Syntax           : void DAVE_MUX_Init(void)                                **
  75:../Dave/Generated/src/DAVESupport/MULTIPLEXER.c **** **                                                                            **
  76:../Dave/Generated/src/DAVESupport/MULTIPLEXER.c **** ** Reentrancy       : None                                                    **
  77:../Dave/Generated/src/DAVESupport/MULTIPLEXER.c **** **                                                                            **
  78:../Dave/Generated/src/DAVESupport/MULTIPLEXER.c **** ** Parameters (in)  : void                                                    **
  79:../Dave/Generated/src/DAVESupport/MULTIPLEXER.c **** **                                                                            **
  80:../Dave/Generated/src/DAVESupport/MULTIPLEXER.c **** ** Parameters (out) : none                                                    **
  81:../Dave/Generated/src/DAVESupport/MULTIPLEXER.c **** **                                                                            **
  82:../Dave/Generated/src/DAVESupport/MULTIPLEXER.c **** ** Return value     : none                                                    **
  83:../Dave/Generated/src/DAVESupport/MULTIPLEXER.c **** **                                                                            **
  84:../Dave/Generated/src/DAVESupport/MULTIPLEXER.c **** ** Description      : This is the Mux configuration                           **
  85:../Dave/Generated/src/DAVESupport/MULTIPLEXER.c **** **                                                                            **
  86:../Dave/Generated/src/DAVESupport/MULTIPLEXER.c **** *******************************************************************************/
  87:../Dave/Generated/src/DAVESupport/MULTIPLEXER.c ****            
  88:../Dave/Generated/src/DAVESupport/MULTIPLEXER.c **** void DAVE_MUX_Init(void)
  89:../Dave/Generated/src/DAVESupport/MULTIPLEXER.c **** {  
  28              		.loc 1 89 0
  29              		.cfi_startproc
  30              		@ args = 0, pretend = 0, frame = 0
  31              		@ frame_needed = 1, uses_anonymous_args = 0
  32              		@ link register save eliminated.
  33 0000 80B4     		push	{r7}
  34              	.LCFI0:
  35              		.cfi_def_cfa_offset 4
  36              		.cfi_offset 7, -4
  37 0002 00AF     		add	r7, sp, #0
  38              	.LCFI1:
  39              		.cfi_def_cfa_register 7
  90:../Dave/Generated/src/DAVESupport/MULTIPLEXER.c ****    	 
  91:../Dave/Generated/src/DAVESupport/MULTIPLEXER.c ****             	         
  92:../Dave/Generated/src/DAVESupport/MULTIPLEXER.c ****                                      
  93:../Dave/Generated/src/DAVESupport/MULTIPLEXER.c ****        /*        SCU Macro definitions     */                        
  94:../Dave/Generated/src/DAVESupport/MULTIPLEXER.c ****    	 
  95:../Dave/Generated/src/DAVESupport/MULTIPLEXER.c ****             	         
  96:../Dave/Generated/src/DAVESupport/MULTIPLEXER.c ****                                             
  97:../Dave/Generated/src/DAVESupport/MULTIPLEXER.c **** /*        ERU0 Macro definitions:         */  
  98:../Dave/Generated/src/DAVESupport/MULTIPLEXER.c **** 
  99:../Dave/Generated/src/DAVESupport/MULTIPLEXER.c ****   WR_REG(ERU0->EXISEL, ERU_EXISEL_EXS2A_Msk, ERU_EXISEL_EXS2A_Pos, SIGNAL_ERU_xA1);                
  40              		.loc 1 99 0
  41 0004 4FF49043 		mov	r3, #18432
  42 0008 C5F20003 		movt	r3, 20480
  43 000c 4FF49042 		mov	r2, #18432
  44 0010 C5F20002 		movt	r2, 20480
  45 0014 1268     		ldr	r2, [r2, #0]
  46 0016 22F44072 		bic	r2, r2, #768
  47 001a 42F48072 		orr	r2, r2, #256
  48 001e 1A60     		str	r2, [r3, #0]
 100:../Dave/Generated/src/DAVESupport/MULTIPLEXER.c **** 
 101:../Dave/Generated/src/DAVESupport/MULTIPLEXER.c ****   WR_REG(ERU0->EXICON[2], ERU_EXICON_PE_Msk, ERU_EXICON_PE_Pos, SIGNAL_TR1);                       
  49              		.loc 1 101 0
  50 0020 4FF49043 		mov	r3, #18432
  51 0024 C5F20003 		movt	r3, 20480
  52 0028 4FF49042 		mov	r2, #18432
  53 002c C5F20002 		movt	r2, 20480
  54 0030 9269     		ldr	r2, [r2, #24]
  55 0032 42F00102 		orr	r2, r2, #1
  56 0036 9A61     		str	r2, [r3, #24]
 102:../Dave/Generated/src/DAVESupport/MULTIPLEXER.c **** 
 103:../Dave/Generated/src/DAVESupport/MULTIPLEXER.c ****   WR_REG(ERU0->EXICON[2], ERU_EXICON_OCS_Msk, ERU_EXICON_OCS_Pos, SIGNAL_TRx3);                    
  57              		.loc 1 103 0
  58 0038 4FF49043 		mov	r3, #18432
  59 003c C5F20003 		movt	r3, 20480
  60 0040 4FF49042 		mov	r2, #18432
  61 0044 C5F20002 		movt	r2, 20480
  62 0048 9269     		ldr	r2, [r2, #24]
  63 004a 22F07002 		bic	r2, r2, #112
  64 004e 42F03002 		orr	r2, r2, #48
  65 0052 9A61     		str	r2, [r3, #24]
 104:../Dave/Generated/src/DAVESupport/MULTIPLEXER.c **** /*        ERU1 Macro definitions:         */  
 105:../Dave/Generated/src/DAVESupport/MULTIPLEXER.c **** 
 106:../Dave/Generated/src/DAVESupport/MULTIPLEXER.c ****   WR_REG(ERU1->EXICON[0], ERU_EXICON_PE_Msk, ERU_EXICON_PE_Pos, SIGNAL_TR1);                       
  66              		.loc 1 106 0
  67 0054 4FF48043 		mov	r3, #16384
  68 0058 C4F20403 		movt	r3, 16388
  69 005c 4FF48042 		mov	r2, #16384
  70 0060 C4F20402 		movt	r2, 16388
  71 0064 1269     		ldr	r2, [r2, #16]
  72 0066 42F00102 		orr	r2, r2, #1
  73 006a 1A61     		str	r2, [r3, #16]
 107:../Dave/Generated/src/DAVESupport/MULTIPLEXER.c ****         //********* Capture/Compare Unit 4 (CAPCOM4) CONFIGURATIONS ************************* 
 108:../Dave/Generated/src/DAVESupport/MULTIPLEXER.c ****                        
 109:../Dave/Generated/src/DAVESupport/MULTIPLEXER.c ****     // Configuring CCU40 CC41INS - Input Selector Configuration
 110:../Dave/Generated/src/DAVESupport/MULTIPLEXER.c **** 
 111:../Dave/Generated/src/DAVESupport/MULTIPLEXER.c ****     WR_REG(CCU40_CC41->INS, CCU4_CC4_INS_EV0IS_Msk, CCU4_CC4_INS_EV0IS_Pos, CCU4xINyO);            
  74              		.loc 1 111 0
  75 006c 4FF44243 		mov	r3, #49664
  76 0070 C4F20003 		movt	r3, 16384
  77 0074 4FF44242 		mov	r2, #49664
  78 0078 C4F20002 		movt	r2, 16384
  79 007c 1268     		ldr	r2, [r2, #0]
  80 007e 22F00F02 		bic	r2, r2, #15
  81 0082 42F00E02 		orr	r2, r2, #14
  82 0086 1A60     		str	r2, [r3, #0]
 112:../Dave/Generated/src/DAVESupport/MULTIPLEXER.c ****    	 
 113:../Dave/Generated/src/DAVESupport/MULTIPLEXER.c ****             	         
 114:../Dave/Generated/src/DAVESupport/MULTIPLEXER.c ****                                               
 115:../Dave/Generated/src/DAVESupport/MULTIPLEXER.c ****    	 
 116:../Dave/Generated/src/DAVESupport/MULTIPLEXER.c ****             	         
 117:../Dave/Generated/src/DAVESupport/MULTIPLEXER.c ****                                               
 118:../Dave/Generated/src/DAVESupport/MULTIPLEXER.c ****    	 
 119:../Dave/Generated/src/DAVESupport/MULTIPLEXER.c ****             	         
 120:../Dave/Generated/src/DAVESupport/MULTIPLEXER.c ****                                           
 121:../Dave/Generated/src/DAVESupport/MULTIPLEXER.c **** 
 122:../Dave/Generated/src/DAVESupport/MULTIPLEXER.c **** /*        PORT Macro definitions for IOCR_OE, IOCR_PCR & HWSEL_HW     */                
 123:../Dave/Generated/src/DAVESupport/MULTIPLEXER.c ****               
 124:../Dave/Generated/src/DAVESupport/MULTIPLEXER.c ****   WR_REG(PORT0->HWSEL, PORT0_HWSEL_HW7_Msk, PORT0_HWSEL_HW7_Pos, PORT_HWSEL_SW);                   
  83              		.loc 1 124 0
  84 0088 4FF40043 		mov	r3, #32768
  85 008c C4F60203 		movt	r3, 18434
  86 0090 4FF40042 		mov	r2, #32768
  87 0094 C4F60202 		movt	r2, 18434
  88 0098 526F     		ldr	r2, [r2, #116]
  89 009a 22F44042 		bic	r2, r2, #49152
  90 009e 5A67     		str	r2, [r3, #116]
 125:../Dave/Generated/src/DAVESupport/MULTIPLEXER.c ****   WR_REG(PORT0->IOCR4, PORT_IOCR_PC3_OE_Msk, PORT_IOCR_PC3_OE_Pos, PORT_IOCR_OE1);                /
  91              		.loc 1 125 0
  92 00a0 4FF40043 		mov	r3, #32768
  93 00a4 C4F60203 		movt	r3, 18434
  94 00a8 4FF40042 		mov	r2, #32768
  95 00ac C4F60202 		movt	r2, 18434
  96 00b0 5269     		ldr	r2, [r2, #20]
  97 00b2 42F00042 		orr	r2, r2, #-2147483648
  98 00b6 5A61     		str	r2, [r3, #20]
 126:../Dave/Generated/src/DAVESupport/MULTIPLEXER.c **** 					                         
 127:../Dave/Generated/src/DAVESupport/MULTIPLEXER.c ****   WR_REG(PORT0->IOCR12, 0xb8000000U, PORT_IOCR_PC3_PCR_Pos, 0x13U);                /*P0.15 : PORT0_
  99              		.loc 1 127 0
 100 00b8 4FF40043 		mov	r3, #32768
 101 00bc C4F60203 		movt	r3, 18434
 102 00c0 4FF40042 		mov	r2, #32768
 103 00c4 C4F60202 		movt	r2, 18434
 104 00c8 D269     		ldr	r2, [r2, #28]
 105 00ca 22F03842 		bic	r2, r2, #-1207959552
 106 00ce 42F01842 		orr	r2, r2, #-1744830464
 107 00d2 DA61     		str	r2, [r3, #28]
 128:../Dave/Generated/src/DAVESupport/MULTIPLEXER.c **** 					                         
 129:../Dave/Generated/src/DAVESupport/MULTIPLEXER.c ****   WR_REG(PORT1->IOCR0, PORT_IOCR_PC0_OE_Msk, PORT_IOCR_PC0_OE_Pos, PORT_IOCR_OE1);                /
 108              		.loc 1 129 0
 109 00d4 4FF40143 		mov	r3, #33024
 110 00d8 C4F60203 		movt	r3, 18434
 111 00dc 4FF40142 		mov	r2, #33024
 112 00e0 C4F60202 		movt	r2, 18434
 113 00e4 1269     		ldr	r2, [r2, #16]
 114 00e6 42F08002 		orr	r2, r2, #128
 115 00ea 1A61     		str	r2, [r3, #16]
 130:../Dave/Generated/src/DAVESupport/MULTIPLEXER.c **** 					                         
 131:../Dave/Generated/src/DAVESupport/MULTIPLEXER.c ****   WR_REG(PORT1->IOCR0, 0xb800U, PORT_IOCR_PC1_PCR_Pos, 0x13U);                /*P1.1 : PORT1_IOCR0_
 116              		.loc 1 131 0
 117 00ec 4FF40143 		mov	r3, #33024
 118 00f0 C4F60203 		movt	r3, 18434
 119 00f4 4FF40142 		mov	r2, #33024
 120 00f8 C4F60202 		movt	r2, 18434
 121 00fc 1269     		ldr	r2, [r2, #16]
 122 00fe 22F43842 		bic	r2, r2, #47104
 123 0102 42F41842 		orr	r2, r2, #38912
 124 0106 1A61     		str	r2, [r3, #16]
 132:../Dave/Generated/src/DAVESupport/MULTIPLEXER.c **** 					                         
 133:../Dave/Generated/src/DAVESupport/MULTIPLEXER.c ****   WR_REG(PORT1->IOCR0, PORT_IOCR_PC2_OE_Msk, PORT_IOCR_PC2_OE_Pos, PORT_IOCR_OE1);                /
 125              		.loc 1 133 0
 126 0108 4FF40143 		mov	r3, #33024
 127 010c C4F60203 		movt	r3, 18434
 128 0110 4FF40142 		mov	r2, #33024
 129 0114 C4F60202 		movt	r2, 18434
 130 0118 1269     		ldr	r2, [r2, #16]
 131 011a 42F40002 		orr	r2, r2, #8388608
 132 011e 1A61     		str	r2, [r3, #16]
 134:../Dave/Generated/src/DAVESupport/MULTIPLEXER.c **** 					                         
 135:../Dave/Generated/src/DAVESupport/MULTIPLEXER.c ****   WR_REG(PORT1->IOCR0, PORT_IOCR_PC3_OE_Msk, PORT_IOCR_PC3_OE_Pos, PORT_IOCR_OE1);                /
 133              		.loc 1 135 0
 134 0120 4FF40143 		mov	r3, #33024
 135 0124 C4F60203 		movt	r3, 18434
 136 0128 4FF40142 		mov	r2, #33024
 137 012c C4F60202 		movt	r2, 18434
 138 0130 1269     		ldr	r2, [r2, #16]
 139 0132 42F00042 		orr	r2, r2, #-2147483648
 140 0136 1A61     		str	r2, [r3, #16]
 136:../Dave/Generated/src/DAVESupport/MULTIPLEXER.c **** 					                         
 137:../Dave/Generated/src/DAVESupport/MULTIPLEXER.c ****   WR_REG(PORT1->IOCR8, PORT_IOCR_PC0_OE_Msk, PORT_IOCR_PC0_OE_Pos, PORT_IOCR_OE1);                /
 141              		.loc 1 137 0
 142 0138 4FF40143 		mov	r3, #33024
 143 013c C4F60203 		movt	r3, 18434
 144 0140 4FF40142 		mov	r2, #33024
 145 0144 C4F60202 		movt	r2, 18434
 146 0148 9269     		ldr	r2, [r2, #24]
 147 014a 42F08002 		orr	r2, r2, #128
 148 014e 9A61     		str	r2, [r3, #24]
 138:../Dave/Generated/src/DAVESupport/MULTIPLEXER.c **** 					                         
 139:../Dave/Generated/src/DAVESupport/MULTIPLEXER.c ****   WR_REG(PORT2->IOCR0, PORT_IOCR_PC2_OE_Msk, PORT_IOCR_PC2_OE_Pos, PORT_IOCR_OE1);                /
 149              		.loc 1 139 0
 150 0150 4FF40243 		mov	r3, #33280
 151 0154 C4F60203 		movt	r3, 18434
 152 0158 4FF40242 		mov	r2, #33280
 153 015c C4F60202 		movt	r2, 18434
 154 0160 1269     		ldr	r2, [r2, #16]
 155 0162 42F40002 		orr	r2, r2, #8388608
 156 0166 1A61     		str	r2, [r3, #16]
 140:../Dave/Generated/src/DAVESupport/MULTIPLEXER.c **** 					                         
 141:../Dave/Generated/src/DAVESupport/MULTIPLEXER.c ****   WR_REG(PORT2->IOCR4, PORT_IOCR_PC0_OE_Msk, PORT_IOCR_PC0_OE_Pos, PORT_IOCR_OE1);                /
 157              		.loc 1 141 0
 158 0168 4FF40243 		mov	r3, #33280
 159 016c C4F60203 		movt	r3, 18434
 160 0170 4FF40242 		mov	r2, #33280
 161 0174 C4F60202 		movt	r2, 18434
 162 0178 5269     		ldr	r2, [r2, #20]
 163 017a 42F08002 		orr	r2, r2, #128
 164 017e 5A61     		str	r2, [r3, #20]
 142:../Dave/Generated/src/DAVESupport/MULTIPLEXER.c **** 					                         
 143:../Dave/Generated/src/DAVESupport/MULTIPLEXER.c ****   WR_REG(PORT2->IOCR4, PORT_IOCR_PC1_OE_Msk, PORT_IOCR_PC1_OE_Pos, PORT_IOCR_OE1);                /
 165              		.loc 1 143 0
 166 0180 4FF40243 		mov	r3, #33280
 167 0184 C4F60203 		movt	r3, 18434
 168 0188 4FF40242 		mov	r2, #33280
 169 018c C4F60202 		movt	r2, 18434
 170 0190 5269     		ldr	r2, [r2, #20]
 171 0192 42F40042 		orr	r2, r2, #32768
 172 0196 5A61     		str	r2, [r3, #20]
 144:../Dave/Generated/src/DAVESupport/MULTIPLEXER.c **** 					                         
 145:../Dave/Generated/src/DAVESupport/MULTIPLEXER.c ****   WR_REG(PORT2->IOCR8, PORT_IOCR_PC0_OE_Msk, PORT_IOCR_PC0_OE_Pos, PORT_IOCR_OE1);                /
 173              		.loc 1 145 0
 174 0198 4FF40243 		mov	r3, #33280
 175 019c C4F60203 		movt	r3, 18434
 176 01a0 4FF40242 		mov	r2, #33280
 177 01a4 C4F60202 		movt	r2, 18434
 178 01a8 9269     		ldr	r2, [r2, #24]
 179 01aa 42F08002 		orr	r2, r2, #128
 180 01ae 9A61     		str	r2, [r3, #24]
 146:../Dave/Generated/src/DAVESupport/MULTIPLEXER.c **** 					                         
 147:../Dave/Generated/src/DAVESupport/MULTIPLEXER.c ****   WR_REG(PORT3->IOCR0, PORT_IOCR_PC3_OE_Msk, PORT_IOCR_PC3_OE_Pos, PORT_IOCR_OE1);                /
 181              		.loc 1 147 0
 182 01b0 4FF40343 		mov	r3, #33536
 183 01b4 C4F60203 		movt	r3, 18434
 184 01b8 4FF40342 		mov	r2, #33536
 185 01bc C4F60202 		movt	r2, 18434
 186 01c0 1269     		ldr	r2, [r2, #16]
 187 01c2 42F00042 		orr	r2, r2, #-2147483648
 188 01c6 1A61     		str	r2, [r3, #16]
 148:../Dave/Generated/src/DAVESupport/MULTIPLEXER.c **** 					                         
 149:../Dave/Generated/src/DAVESupport/MULTIPLEXER.c ****   WR_REG(PORT3->IOCR4, 0xb8U, PORT_IOCR_PC0_PCR_Pos, 0x13U);                /*P3.4 : PORT3_IOCR4_PC
 189              		.loc 1 149 0
 190 01c8 4FF40343 		mov	r3, #33536
 191 01cc C4F60203 		movt	r3, 18434
 192 01d0 4FF40342 		mov	r2, #33536
 193 01d4 C4F60202 		movt	r2, 18434
 194 01d8 5269     		ldr	r2, [r2, #20]
 195 01da 22F0B802 		bic	r2, r2, #184
 196 01de 42F09802 		orr	r2, r2, #152
 197 01e2 5A61     		str	r2, [r3, #20]
 150:../Dave/Generated/src/DAVESupport/MULTIPLEXER.c **** 					      
 151:../Dave/Generated/src/DAVESupport/MULTIPLEXER.c **** }
 198              		.loc 1 151 0
 199 01e4 BD46     		mov	sp, r7
 200 01e6 80BC     		pop	{r7}
 201 01e8 7047     		bx	lr
 202              		.cfi_endproc
 203              	.LFE117:
 205 01ea 00BF     		.section	.text.DAVE_MUX_PreInit,"ax",%progbits
 206              		.align	2
 207              		.global	DAVE_MUX_PreInit
 208              		.thumb
 209              		.thumb_func
 211              	DAVE_MUX_PreInit:
 212              	.LFB118:
 152:../Dave/Generated/src/DAVESupport/MULTIPLEXER.c **** 
 153:../Dave/Generated/src/DAVESupport/MULTIPLEXER.c **** 
 154:../Dave/Generated/src/DAVESupport/MULTIPLEXER.c **** /*******************************************************************************
 155:../Dave/Generated/src/DAVESupport/MULTIPLEXER.c **** ** Syntax           : void DAVE_MUX_PreInit(void)                             **
 156:../Dave/Generated/src/DAVESupport/MULTIPLEXER.c **** **                                                                            **
 157:../Dave/Generated/src/DAVESupport/MULTIPLEXER.c **** ** Reentrancy       : None                                                    **
 158:../Dave/Generated/src/DAVESupport/MULTIPLEXER.c **** **                                                                            **
 159:../Dave/Generated/src/DAVESupport/MULTIPLEXER.c **** ** Parameters (in)  : void                                                    **
 160:../Dave/Generated/src/DAVESupport/MULTIPLEXER.c **** **                                                                            **
 161:../Dave/Generated/src/DAVESupport/MULTIPLEXER.c **** ** Parameters (out) : none                                                    **
 162:../Dave/Generated/src/DAVESupport/MULTIPLEXER.c **** **                                                                            **
 163:../Dave/Generated/src/DAVESupport/MULTIPLEXER.c **** ** Return value     : none                                                    **
 164:../Dave/Generated/src/DAVESupport/MULTIPLEXER.c **** **                                                                            **
 165:../Dave/Generated/src/DAVESupport/MULTIPLEXER.c **** ** Description      : This is the Mux configuration                           **
 166:../Dave/Generated/src/DAVESupport/MULTIPLEXER.c **** **                                                                            **
 167:../Dave/Generated/src/DAVESupport/MULTIPLEXER.c **** *******************************************************************************/
 168:../Dave/Generated/src/DAVESupport/MULTIPLEXER.c ****  
 169:../Dave/Generated/src/DAVESupport/MULTIPLEXER.c **** void DAVE_MUX_PreInit(void)
 170:../Dave/Generated/src/DAVESupport/MULTIPLEXER.c **** {                
 213              		.loc 1 170 0
 214              		.cfi_startproc
 215              		@ args = 0, pretend = 0, frame = 0
 216              		@ frame_needed = 1, uses_anonymous_args = 0
 217              		@ link register save eliminated.
 218 0000 80B4     		push	{r7}
 219              	.LCFI2:
 220              		.cfi_def_cfa_offset 4
 221              		.cfi_offset 7, -4
 222 0002 00AF     		add	r7, sp, #0
 223              	.LCFI3:
 224              		.cfi_def_cfa_register 7
 171:../Dave/Generated/src/DAVESupport/MULTIPLEXER.c **** 
 172:../Dave/Generated/src/DAVESupport/MULTIPLEXER.c **** /*        PORT Macro definitions for IOCR_OE, IOCR_PCR & HWSEL_HW     */               
 173:../Dave/Generated/src/DAVESupport/MULTIPLEXER.c ****            
 174:../Dave/Generated/src/DAVESupport/MULTIPLEXER.c ****   WR_REG(PORT0->HWSEL, PORT0_HWSEL_HW8_Msk, PORT0_HWSEL_HW8_Pos, PORT_HWSEL_HW1);                  
 225              		.loc 1 174 0
 226 0004 4FF40043 		mov	r3, #32768
 227 0008 C4F60203 		movt	r3, 18434
 228 000c 4FF40042 		mov	r2, #32768
 229 0010 C4F60202 		movt	r2, 18434
 230 0014 526F     		ldr	r2, [r2, #116]
 231 0016 22F44032 		bic	r2, r2, #196608
 232 001a 42F40032 		orr	r2, r2, #131072
 233 001e 5A67     		str	r2, [r3, #116]
 175:../Dave/Generated/src/DAVESupport/MULTIPLEXER.c **** }
 234              		.loc 1 175 0
 235 0020 BD46     		mov	sp, r7
 236 0022 80BC     		pop	{r7}
 237 0024 7047     		bx	lr
 238              		.cfi_endproc
 239              	.LFE118:
 241 0026 00BF     		.text
 242              	.Letext0:
 243              		.file 2 "c:\\dave-3.1.10\\arm-gcc\\bin\\../lib/gcc/arm-none-eabi/4.7.4/../../../../arm-none-eabi/i
 244              		.file 3 "C:\\DAVE-3.1.10\\eclipse\\/../CMSIS/Infineon/XMC4500_series/Include/XMC4500.h"
 245              		.file 4 "C:\\DAVE-3.1.10\\eclipse\\/../CMSIS/Include/core_cm4.h"
DEFINED SYMBOLS
                            *ABS*:00000000 MULTIPLEXER.c
C:\Users\JMASS_~1\AppData\Local\Temp\ccur5ewF.s:20     .text.DAVE_MUX_Init:00000000 $t
C:\Users\JMASS_~1\AppData\Local\Temp\ccur5ewF.s:25     .text.DAVE_MUX_Init:00000000 DAVE_MUX_Init
C:\Users\JMASS_~1\AppData\Local\Temp\ccur5ewF.s:206    .text.DAVE_MUX_PreInit:00000000 $t
C:\Users\JMASS_~1\AppData\Local\Temp\ccur5ewF.s:211    .text.DAVE_MUX_PreInit:00000000 DAVE_MUX_PreInit
                     .debug_frame:00000010 $d
                           .group:00000000 wm4.1.e3bdd798bb23f70d94471cb7157fa38f
                           .group:00000000 wm4.XMC4500.h.45.215f4b8c79f46c7645c15373868d08c0
                           .group:00000000 wm4.core_cm4.h.47.41af406cb4cda82c972f112a9cd0a024
                           .group:00000000 wm4.newlib.h.8.a9901dc52d1357e3e94003403d43f8b5
                           .group:00000000 wm4.features.h.22.b72b3baab2bb2eab3661375590100b6b
                           .group:00000000 wm4.config.h.193.5fb8ef056cdff92dec3dee9552839d8c
                           .group:00000000 wm4._ansi.h.23.7aefdac4826acebbfc9f3822a0aeb14c
                           .group:00000000 wm4.stdint.h.20.54ad762faa59e3c05491630641c8d8bf
                           .group:00000000 wm4.core_cmInstr.h.39.3d3d1b4a79aef37532666dc6ee87c6ac
                           .group:00000000 wm4.core_cm4_simd.h.43.b5d1d38735af6366227b4256d330cf13
                           .group:00000000 wm4.core_cm4.h.178.e5ef5ce66d198d7f00f9d0076e267c41
                           .group:00000000 wm4.system_XMC4500.h.29.827f68baa362c84f2abae4ab67dde7c9
                           .group:00000000 wm4.XMC4500.h.198.8e022f279ff353ed081df898dc7b9cf3
                           .group:00000000 wm4.stddef.h.40.50cf36416e06376af8a9dca28536f2e4
                           .group:00000000 wm4.types.h.60.e75c47576398c648cdcf9000ace5e3d8
                           .group:00000000 wm4.MULTIPLEXER.h.46.4a863fbae1c79f0db26da3ce2dc30d02
                           .group:00000000 wm4.CCU8PWMLIB.h.74.725ec81203769525cc7a424597055f47
                           .group:00000000 wm4.MOTORLIB.h.62.951091d95913dd2ff36d761323a1771d
                           .group:00000000 wm4.DBG001.h.116.d6d9e7459a0faa3905c97c1d2edb339d
                           .group:00000000 wm4.uc_id.h.35.6a563b5a45d32cec26f5b514b510065d
                           .group:00000000 wm4.CLK001_Const.h.50.e5e9c2ddc89f4cc9e7b93e9648fa94e4
                           .group:00000000 wm4.CLK001_Conf.h.81.2b7f5ec7311f4adf3e25cf7854109544
                           .group:00000000 wm4.CCU4Global_Conf.h.63.10a5fc586e1563647b9633c45b1b739e
                           .group:00000000 wm4.PWMSP001.h.57.29b732b86baf3e81f49153f5f495912e
                           .group:00000000 wm4.IO004.h.53.442ea5eb47ad9eedc675253aa35f3107
                           .group:00000000 wm4.CNT001.h.53.54b2229008e37b1970e63d1faf193d82
                           .group:00000000 wm4.SYSTM002_Conf.h.70.e893767dc4d518b087b4a20e349ac4d8
                           .group:00000000 wm4.SYSTM002.h.98.0f398400b32186dea0837ac3b6c1ddcb
                           .group:00000000 wm4.IO002_Conf.h.51.87e2c8c60b647393fe9ced2cae198f63
                           .group:00000000 wm4.ERU001_Conf.h.69.cbf5f28f16df40bf2ec07157d45ebab0
                           .group:00000000 wm4.ERU002_Conf.h.49.2f1d75b23a08c83bd296d7c11c7e280b
                           .group:00000000 wm4.NVIC002_Conf.h.63.13943eb720fa25e7207fa08ab410f2a7

NO UNDEFINED SYMBOLS
