   1              		.syntax unified
   2              		.cpu cortex-m4
   3              		.eabi_attribute 27, 3
   4              		.fpu fpv4-sp-d16
   5              		.eabi_attribute 20, 1
   6              		.eabi_attribute 21, 1
   7              		.eabi_attribute 23, 3
   8              		.eabi_attribute 24, 1
   9              		.eabi_attribute 25, 1
  10              		.eabi_attribute 26, 1
  11              		.eabi_attribute 30, 6
  12              		.eabi_attribute 34, 1
  13              		.eabi_attribute 18, 4
  14              		.thumb
  15              		.file	"MULTIPLEXER.c"
  16              		.text
  17              	.Ltext0:
  18              		.cfi_sections	.debug_frame
  19              		.section	.text.DAVE_MUX_Init,"ax",%progbits
  20              		.align	2
  21              		.global	DAVE_MUX_Init
  22              		.thumb
  23              		.thumb_func
  25              	DAVE_MUX_Init:
  26              	.LFB117:
  27              		.file 1 "../Dave/Generated/src/DAVESupport/MULTIPLEXER.c"
   1:../Dave/Generated/src/DAVESupport/MULTIPLEXER.c **** /*******************************************************************************
   2:../Dave/Generated/src/DAVESupport/MULTIPLEXER.c **** **  DAVE App Name : DAVESupport       App Version: 1.0.44               
   3:../Dave/Generated/src/DAVESupport/MULTIPLEXER.c **** **  This file is generated by DAVE, User modification to this file will be    **
   4:../Dave/Generated/src/DAVESupport/MULTIPLEXER.c **** **  overwritten at the next code generation.                                  **
   5:../Dave/Generated/src/DAVESupport/MULTIPLEXER.c **** *******************************************************************************/
   6:../Dave/Generated/src/DAVESupport/MULTIPLEXER.c **** 
   7:../Dave/Generated/src/DAVESupport/MULTIPLEXER.c **** 
   8:../Dave/Generated/src/DAVESupport/MULTIPLEXER.c **** /*******************************************************************************
   9:../Dave/Generated/src/DAVESupport/MULTIPLEXER.c ****  Copyright (c) 2014, Infineon Technologies AG                                 **
  10:../Dave/Generated/src/DAVESupport/MULTIPLEXER.c ****  All rights reserved.                                                         **
  11:../Dave/Generated/src/DAVESupport/MULTIPLEXER.c ****                                                                               **
  12:../Dave/Generated/src/DAVESupport/MULTIPLEXER.c ****  Redistribution and use in source and binary forms, with or without           **
  13:../Dave/Generated/src/DAVESupport/MULTIPLEXER.c ****  modification,are permitted provided that the following conditions are met:   **
  14:../Dave/Generated/src/DAVESupport/MULTIPLEXER.c ****                                                                               **
  15:../Dave/Generated/src/DAVESupport/MULTIPLEXER.c ****  *Redistributions of source code must retain the above copyright notice,      **
  16:../Dave/Generated/src/DAVESupport/MULTIPLEXER.c ****  this list of conditions and the following disclaimer.                        **
  17:../Dave/Generated/src/DAVESupport/MULTIPLEXER.c ****  *Redistributions in binary form must reproduce the above copyright notice,   **
  18:../Dave/Generated/src/DAVESupport/MULTIPLEXER.c ****  this list of conditions and the following disclaimer in the documentation    **
  19:../Dave/Generated/src/DAVESupport/MULTIPLEXER.c ****  and/or other materials provided with the distribution.                       **
  20:../Dave/Generated/src/DAVESupport/MULTIPLEXER.c ****  *Neither the name of the copyright holders nor the names of its contributors **
  21:../Dave/Generated/src/DAVESupport/MULTIPLEXER.c ****  may be used to endorse or promote products derived from this software without**
  22:../Dave/Generated/src/DAVESupport/MULTIPLEXER.c ****  specific prior written permission.                                           **
  23:../Dave/Generated/src/DAVESupport/MULTIPLEXER.c ****                                                                               **
  24:../Dave/Generated/src/DAVESupport/MULTIPLEXER.c ****  THIS SOFTWARE IS PROVIDED BY THE COPYRIGHT HOLDERS AND CONTRIBUTORS "AS IS"  **
  25:../Dave/Generated/src/DAVESupport/MULTIPLEXER.c ****  AND ANY EXPRESS OR IMPLIED WARRANTIES, INCLUDING, BUT NOT LIMITED TO, THE    **
  26:../Dave/Generated/src/DAVESupport/MULTIPLEXER.c ****  IMPLIED WARRANTIES OF MERCHANTABILITY AND FITNESS FOR A PARTICULAR PURPOSE   **
  27:../Dave/Generated/src/DAVESupport/MULTIPLEXER.c ****  ARE  DISCLAIMED. IN NO EVENT SHALL THE COPYRIGHT HOLDER OR CONTRIBUTORS BE   **
  28:../Dave/Generated/src/DAVESupport/MULTIPLEXER.c ****  LIABLE  FOR ANY DIRECT, INDIRECT, INCIDENTAL, SPECIAL, EXEMPLARY, OR         **
  29:../Dave/Generated/src/DAVESupport/MULTIPLEXER.c ****  CONSEQUENTIAL DAMAGES (INCLUDING, BUT NOT LIMITED TO, PROCUREMENT OF         **
  30:../Dave/Generated/src/DAVESupport/MULTIPLEXER.c ****  SUBSTITUTE GOODS OR  SERVICES; LOSS OF USE, DATA, OR PROFITS; OR BUSINESS    **
  31:../Dave/Generated/src/DAVESupport/MULTIPLEXER.c ****  INTERRUPTION) HOWEVER CAUSED AND ON ANY THEORY OF LIABILITY, WHETHER IN      **
  32:../Dave/Generated/src/DAVESupport/MULTIPLEXER.c ****  CONTRACT, STRICT LIABILITY,OR TORT (INCLUDING NEGLIGENCE OR OTHERWISE)       **
  33:../Dave/Generated/src/DAVESupport/MULTIPLEXER.c ****  ARISING IN ANY WAY OUT OF THE USE OF THIS SOFTWARE, EVEN IF ADVISED OF THE   **
  34:../Dave/Generated/src/DAVESupport/MULTIPLEXER.c ****  POSSIBILITY OF SUCH DAMAGE.                                                  **
  35:../Dave/Generated/src/DAVESupport/MULTIPLEXER.c ****                                                                               **
  36:../Dave/Generated/src/DAVESupport/MULTIPLEXER.c ****  To improve the quality of the software, users are encouraged to share        **
  37:../Dave/Generated/src/DAVESupport/MULTIPLEXER.c ****  modifications, enhancements or bug fixes with Infineon Technologies AG       **
  38:../Dave/Generated/src/DAVESupport/MULTIPLEXER.c ****  dave@infineon.com).                                                          **
  39:../Dave/Generated/src/DAVESupport/MULTIPLEXER.c ****                                                                               **
  40:../Dave/Generated/src/DAVESupport/MULTIPLEXER.c **** ********************************************************************************
  41:../Dave/Generated/src/DAVESupport/MULTIPLEXER.c **** **                                                                            **
  42:../Dave/Generated/src/DAVESupport/MULTIPLEXER.c **** **                                                                            **
  43:../Dave/Generated/src/DAVESupport/MULTIPLEXER.c **** ** PLATFORM : Infineon <Microcontroller name, step>                           **
  44:../Dave/Generated/src/DAVESupport/MULTIPLEXER.c **** **                                                                            **
  45:../Dave/Generated/src/DAVESupport/MULTIPLEXER.c **** ** COMPILER : Compiler Independent                                            **
  46:../Dave/Generated/src/DAVESupport/MULTIPLEXER.c **** **                                                                            **
  47:../Dave/Generated/src/DAVESupport/MULTIPLEXER.c **** ** MODIFICATION DATE : April 23, 2014                                     **
  48:../Dave/Generated/src/DAVESupport/MULTIPLEXER.c **** **                                                                            **
  49:../Dave/Generated/src/DAVESupport/MULTIPLEXER.c **** *******************************************************************************/
  50:../Dave/Generated/src/DAVESupport/MULTIPLEXER.c **** /**
  51:../Dave/Generated/src/DAVESupport/MULTIPLEXER.c ****  * @file  MULTIPLEXER.c
  52:../Dave/Generated/src/DAVESupport/MULTIPLEXER.c ****  *
  53:../Dave/Generated/src/DAVESupport/MULTIPLEXER.c ****  * @brief This file contains implementation of DAVE Support function which 
  54:../Dave/Generated/src/DAVESupport/MULTIPLEXER.c ****  * uses to configure multiplexer register values.
  55:../Dave/Generated/src/DAVESupport/MULTIPLEXER.c ****  * 24 July 2013 v1.0.34 Initial Version
  56:../Dave/Generated/src/DAVESupport/MULTIPLEXER.c ****  * 06 sep 2013 v1.0.36  UART001 : Mux : One instruction for output pins 
  57:../Dave/Generated/src/DAVESupport/MULTIPLEXER.c ****  *                      initialisation.
  58:../Dave/Generated/src/DAVESupport/MULTIPLEXER.c ****  *                      CAN001 & CAN002 : Avoid twice reset of the INIT bit in 
  59:../Dave/Generated/src/DAVESupport/MULTIPLEXER.c ****  *                      Can001_lNodeInit & DAVE_MUX_Init.
  60:../Dave/Generated/src/DAVESupport/MULTIPLEXER.c ****  *                      WR_REGHIB Macro definition has been changed.
  61:../Dave/Generated/src/DAVESupport/MULTIPLEXER.c ****  * 23 April 2014 v1.0.44 HRPWM MUX configuration supported.                      
  62:../Dave/Generated/src/DAVESupport/MULTIPLEXER.c ****  *                      
  63:../Dave/Generated/src/DAVESupport/MULTIPLEXER.c ****  */
  64:../Dave/Generated/src/DAVESupport/MULTIPLEXER.c **** 
  65:../Dave/Generated/src/DAVESupport/MULTIPLEXER.c **** /*******************************************************************************
  66:../Dave/Generated/src/DAVESupport/MULTIPLEXER.c **** **                      Include Files                                         **
  67:../Dave/Generated/src/DAVESupport/MULTIPLEXER.c **** *******************************************************************************/
  68:../Dave/Generated/src/DAVESupport/MULTIPLEXER.c **** #include "../../inc/DAVESupport/DAVE3.h"
  69:../Dave/Generated/src/DAVESupport/MULTIPLEXER.c **** 
  70:../Dave/Generated/src/DAVESupport/MULTIPLEXER.c **** /*******************************************************************************
  71:../Dave/Generated/src/DAVESupport/MULTIPLEXER.c **** **                 Function declarations                                     **
  72:../Dave/Generated/src/DAVESupport/MULTIPLEXER.c **** *******************************************************************************/
  73:../Dave/Generated/src/DAVESupport/MULTIPLEXER.c **** /*******************************************************************************
  74:../Dave/Generated/src/DAVESupport/MULTIPLEXER.c **** ** Syntax           : void DAVE_MUX_Init(void)                                **
  75:../Dave/Generated/src/DAVESupport/MULTIPLEXER.c **** **                                                                            **
  76:../Dave/Generated/src/DAVESupport/MULTIPLEXER.c **** ** Reentrancy       : None                                                    **
  77:../Dave/Generated/src/DAVESupport/MULTIPLEXER.c **** **                                                                            **
  78:../Dave/Generated/src/DAVESupport/MULTIPLEXER.c **** ** Parameters (in)  : void                                                    **
  79:../Dave/Generated/src/DAVESupport/MULTIPLEXER.c **** **                                                                            **
  80:../Dave/Generated/src/DAVESupport/MULTIPLEXER.c **** ** Parameters (out) : none                                                    **
  81:../Dave/Generated/src/DAVESupport/MULTIPLEXER.c **** **                                                                            **
  82:../Dave/Generated/src/DAVESupport/MULTIPLEXER.c **** ** Return value     : none                                                    **
  83:../Dave/Generated/src/DAVESupport/MULTIPLEXER.c **** **                                                                            **
  84:../Dave/Generated/src/DAVESupport/MULTIPLEXER.c **** ** Description      : This is the Mux configuration                           **
  85:../Dave/Generated/src/DAVESupport/MULTIPLEXER.c **** **                                                                            **
  86:../Dave/Generated/src/DAVESupport/MULTIPLEXER.c **** *******************************************************************************/
  87:../Dave/Generated/src/DAVESupport/MULTIPLEXER.c ****            
  88:../Dave/Generated/src/DAVESupport/MULTIPLEXER.c **** void DAVE_MUX_Init(void)
  89:../Dave/Generated/src/DAVESupport/MULTIPLEXER.c **** {  
  28              		.loc 1 89 0
  29              		.cfi_startproc
  30              		@ args = 0, pretend = 0, frame = 0
  31              		@ frame_needed = 1, uses_anonymous_args = 0
  32              		@ link register save eliminated.
  33 0000 80B4     		push	{r7}
  34              	.LCFI0:
  35              		.cfi_def_cfa_offset 4
  36              		.cfi_offset 7, -4
  37 0002 00AF     		add	r7, sp, #0
  38              	.LCFI1:
  39              		.cfi_def_cfa_register 7
  90:../Dave/Generated/src/DAVESupport/MULTIPLEXER.c ****    	 
  91:../Dave/Generated/src/DAVESupport/MULTIPLEXER.c ****             	         
  92:../Dave/Generated/src/DAVESupport/MULTIPLEXER.c ****                                      
  93:../Dave/Generated/src/DAVESupport/MULTIPLEXER.c ****        /*        SCU Macro definitions     */                        
  94:../Dave/Generated/src/DAVESupport/MULTIPLEXER.c ****    	 
  95:../Dave/Generated/src/DAVESupport/MULTIPLEXER.c ****             	         
  96:../Dave/Generated/src/DAVESupport/MULTIPLEXER.c ****                                             
  97:../Dave/Generated/src/DAVESupport/MULTIPLEXER.c **** /*        ERU0 Macro definitions:         */  
  98:../Dave/Generated/src/DAVESupport/MULTIPLEXER.c **** 
  99:../Dave/Generated/src/DAVESupport/MULTIPLEXER.c ****   WR_REG(ERU0->EXISEL, ERU_EXISEL_EXS3A_Msk, ERU_EXISEL_EXS3A_Pos, SIGNAL_ERU_xA1);                
  40              		.loc 1 99 0
  41 0004 4FF49043 		mov	r3, #18432
  42 0008 C5F20003 		movt	r3, 20480
  43 000c 4FF49042 		mov	r2, #18432
  44 0010 C5F20002 		movt	r2, 20480
  45 0014 1268     		ldr	r2, [r2, #0]
  46 0016 22F44052 		bic	r2, r2, #12288
  47 001a 42F48052 		orr	r2, r2, #4096
  48 001e 1A60     		str	r2, [r3, #0]
 100:../Dave/Generated/src/DAVESupport/MULTIPLEXER.c **** 
 101:../Dave/Generated/src/DAVESupport/MULTIPLEXER.c ****   WR_REG(ERU0->EXICON[3], ERU_EXICON_PE_Msk, ERU_EXICON_PE_Pos, SIGNAL_TR1);                       
  49              		.loc 1 101 0
  50 0020 4FF49043 		mov	r3, #18432
  51 0024 C5F20003 		movt	r3, 20480
  52 0028 4FF49042 		mov	r2, #18432
  53 002c C5F20002 		movt	r2, 20480
  54 0030 D269     		ldr	r2, [r2, #28]
  55 0032 42F00102 		orr	r2, r2, #1
  56 0036 DA61     		str	r2, [r3, #28]
 102:../Dave/Generated/src/DAVESupport/MULTIPLEXER.c **** 
 103:../Dave/Generated/src/DAVESupport/MULTIPLEXER.c ****   WR_REG(ERU0->EXICON[3], ERU_EXICON_OCS_Msk, ERU_EXICON_OCS_Pos, SIGNAL_TRx3);                    
  57              		.loc 1 103 0
  58 0038 4FF49043 		mov	r3, #18432
  59 003c C5F20003 		movt	r3, 20480
  60 0040 4FF49042 		mov	r2, #18432
  61 0044 C5F20002 		movt	r2, 20480
  62 0048 D269     		ldr	r2, [r2, #28]
  63 004a 22F07002 		bic	r2, r2, #112
  64 004e 42F03002 		orr	r2, r2, #48
  65 0052 DA61     		str	r2, [r3, #28]
 104:../Dave/Generated/src/DAVESupport/MULTIPLEXER.c **** /*        ERU1 Macro definitions:         */      
 105:../Dave/Generated/src/DAVESupport/MULTIPLEXER.c ****    	 
 106:../Dave/Generated/src/DAVESupport/MULTIPLEXER.c ****             	         
 107:../Dave/Generated/src/DAVESupport/MULTIPLEXER.c ****                                               
 108:../Dave/Generated/src/DAVESupport/MULTIPLEXER.c ****    	 
 109:../Dave/Generated/src/DAVESupport/MULTIPLEXER.c ****             	         
 110:../Dave/Generated/src/DAVESupport/MULTIPLEXER.c ****                                           
 111:../Dave/Generated/src/DAVESupport/MULTIPLEXER.c **** 
 112:../Dave/Generated/src/DAVESupport/MULTIPLEXER.c **** /*        PORT Macro definitions for IOCR_OE, IOCR_PCR & HWSEL_HW     */                           
 113:../Dave/Generated/src/DAVESupport/MULTIPLEXER.c ****   WR_REG(PORT1->IOCR4, PORT_IOCR_PC2_OE_Msk, PORT_IOCR_PC2_OE_Pos, PORT_IOCR_OE1);                /
  66              		.loc 1 113 0
  67 0054 4FF40143 		mov	r3, #33024
  68 0058 C4F60203 		movt	r3, 18434
  69 005c 4FF40142 		mov	r2, #33024
  70 0060 C4F60202 		movt	r2, 18434
  71 0064 5269     		ldr	r2, [r2, #20]
  72 0066 42F40002 		orr	r2, r2, #8388608
  73 006a 5A61     		str	r2, [r3, #20]
 114:../Dave/Generated/src/DAVESupport/MULTIPLEXER.c **** 					                         
 115:../Dave/Generated/src/DAVESupport/MULTIPLEXER.c ****   WR_REG(PORT3->IOCR8, PORT_IOCR_PC1_OE_Msk, PORT_IOCR_PC1_OE_Pos, PORT_IOCR_OE1);                /
  74              		.loc 1 115 0
  75 006c 4FF40343 		mov	r3, #33536
  76 0070 C4F60203 		movt	r3, 18434
  77 0074 4FF40342 		mov	r2, #33536
  78 0078 C4F60202 		movt	r2, 18434
  79 007c 9269     		ldr	r2, [r2, #24]
  80 007e 42F40042 		orr	r2, r2, #32768
  81 0082 9A61     		str	r2, [r3, #24]
 116:../Dave/Generated/src/DAVESupport/MULTIPLEXER.c **** 					      
 117:../Dave/Generated/src/DAVESupport/MULTIPLEXER.c **** }
  82              		.loc 1 117 0
  83 0084 BD46     		mov	sp, r7
  84 0086 80BC     		pop	{r7}
  85 0088 7047     		bx	lr
  86              		.cfi_endproc
  87              	.LFE117:
  89 008a 00BF     		.section	.text.DAVE_MUX_PreInit,"ax",%progbits
  90              		.align	2
  91              		.global	DAVE_MUX_PreInit
  92              		.thumb
  93              		.thumb_func
  95              	DAVE_MUX_PreInit:
  96              	.LFB118:
 118:../Dave/Generated/src/DAVESupport/MULTIPLEXER.c **** 
 119:../Dave/Generated/src/DAVESupport/MULTIPLEXER.c **** 
 120:../Dave/Generated/src/DAVESupport/MULTIPLEXER.c **** /*******************************************************************************
 121:../Dave/Generated/src/DAVESupport/MULTIPLEXER.c **** ** Syntax           : void DAVE_MUX_PreInit(void)                             **
 122:../Dave/Generated/src/DAVESupport/MULTIPLEXER.c **** **                                                                            **
 123:../Dave/Generated/src/DAVESupport/MULTIPLEXER.c **** ** Reentrancy       : None                                                    **
 124:../Dave/Generated/src/DAVESupport/MULTIPLEXER.c **** **                                                                            **
 125:../Dave/Generated/src/DAVESupport/MULTIPLEXER.c **** ** Parameters (in)  : void                                                    **
 126:../Dave/Generated/src/DAVESupport/MULTIPLEXER.c **** **                                                                            **
 127:../Dave/Generated/src/DAVESupport/MULTIPLEXER.c **** ** Parameters (out) : none                                                    **
 128:../Dave/Generated/src/DAVESupport/MULTIPLEXER.c **** **                                                                            **
 129:../Dave/Generated/src/DAVESupport/MULTIPLEXER.c **** ** Return value     : none                                                    **
 130:../Dave/Generated/src/DAVESupport/MULTIPLEXER.c **** **                                                                            **
 131:../Dave/Generated/src/DAVESupport/MULTIPLEXER.c **** ** Description      : This is the Mux configuration                           **
 132:../Dave/Generated/src/DAVESupport/MULTIPLEXER.c **** **                                                                            **
 133:../Dave/Generated/src/DAVESupport/MULTIPLEXER.c **** *******************************************************************************/
 134:../Dave/Generated/src/DAVESupport/MULTIPLEXER.c ****  
 135:../Dave/Generated/src/DAVESupport/MULTIPLEXER.c **** void DAVE_MUX_PreInit(void)
 136:../Dave/Generated/src/DAVESupport/MULTIPLEXER.c **** {            
  97              		.loc 1 136 0
  98              		.cfi_startproc
  99              		@ args = 0, pretend = 0, frame = 0
 100              		@ frame_needed = 1, uses_anonymous_args = 0
 101              		@ link register save eliminated.
 102 0000 80B4     		push	{r7}
 103              	.LCFI2:
 104              		.cfi_def_cfa_offset 4
 105              		.cfi_offset 7, -4
 106 0002 00AF     		add	r7, sp, #0
 107              	.LCFI3:
 108              		.cfi_def_cfa_register 7
 137:../Dave/Generated/src/DAVESupport/MULTIPLEXER.c **** 
 138:../Dave/Generated/src/DAVESupport/MULTIPLEXER.c **** /*        PORT Macro definitions for IOCR_OE, IOCR_PCR & HWSEL_HW     */                   
 139:../Dave/Generated/src/DAVESupport/MULTIPLEXER.c **** }
 109              		.loc 1 139 0
 110 0004 BD46     		mov	sp, r7
 111 0006 80BC     		pop	{r7}
 112 0008 7047     		bx	lr
 113              		.cfi_endproc
 114              	.LFE118:
 116 000a 00BF     		.text
 117              	.Letext0:
 118              		.file 2 "c:\\dave-3.1.10\\arm-gcc\\bin\\../lib/gcc/arm-none-eabi/4.7.4/../../../../arm-none-eabi/i
 119              		.file 3 "C:\\DAVE-3.1.10\\eclipse\\/../CMSIS/Infineon/XMC4500_series/Include/XMC4500.h"
 120              		.file 4 "C:\\DAVE-3.1.10\\eclipse\\/../CMSIS/Include/core_cm4.h"
DEFINED SYMBOLS
                            *ABS*:00000000 MULTIPLEXER.c
C:\Users\Renuka\AppData\Local\Temp\ccnOOXxx.s:20     .text.DAVE_MUX_Init:00000000 $t
C:\Users\Renuka\AppData\Local\Temp\ccnOOXxx.s:25     .text.DAVE_MUX_Init:00000000 DAVE_MUX_Init
C:\Users\Renuka\AppData\Local\Temp\ccnOOXxx.s:90     .text.DAVE_MUX_PreInit:00000000 $t
C:\Users\Renuka\AppData\Local\Temp\ccnOOXxx.s:95     .text.DAVE_MUX_PreInit:00000000 DAVE_MUX_PreInit
                     .debug_frame:00000010 $d
                           .group:00000000 wm4.1.e9ce17ad1e95e60f9b7364a48ad252e4
                           .group:00000000 wm4.XMC4500.h.45.215f4b8c79f46c7645c15373868d08c0
                           .group:00000000 wm4.core_cm4.h.47.41af406cb4cda82c972f112a9cd0a024
                           .group:00000000 wm4.newlib.h.8.a9901dc52d1357e3e94003403d43f8b5
                           .group:00000000 wm4.features.h.22.b72b3baab2bb2eab3661375590100b6b
                           .group:00000000 wm4.config.h.193.5fb8ef056cdff92dec3dee9552839d8c
                           .group:00000000 wm4._ansi.h.23.7aefdac4826acebbfc9f3822a0aeb14c
                           .group:00000000 wm4.stdint.h.20.54ad762faa59e3c05491630641c8d8bf
                           .group:00000000 wm4.core_cmInstr.h.39.3d3d1b4a79aef37532666dc6ee87c6ac
                           .group:00000000 wm4.core_cm4_simd.h.43.b5d1d38735af6366227b4256d330cf13
                           .group:00000000 wm4.core_cm4.h.178.e5ef5ce66d198d7f00f9d0076e267c41
                           .group:00000000 wm4.system_XMC4500.h.29.827f68baa362c84f2abae4ab67dde7c9
                           .group:00000000 wm4.XMC4500.h.198.8e022f279ff353ed081df898dc7b9cf3
                           .group:00000000 wm4.stddef.h.40.50cf36416e06376af8a9dca28536f2e4
                           .group:00000000 wm4.types.h.60.e75c47576398c648cdcf9000ace5e3d8
                           .group:00000000 wm4.MULTIPLEXER.h.46.4a863fbae1c79f0db26da3ce2dc30d02
                           .group:00000000 wm4.CCU8PWMLIB.h.74.725ec81203769525cc7a424597055f47
                           .group:00000000 wm4.MOTORLIB.h.62.951091d95913dd2ff36d761323a1771d
                           .group:00000000 wm4.DBG001.h.116.d6d9e7459a0faa3905c97c1d2edb339d
                           .group:00000000 wm4.uc_id.h.35.6a563b5a45d32cec26f5b514b510065d
                           .group:00000000 wm4.ERU001_Conf.h.69.f1b0ac0267f54084e307132dac04340c
                           .group:00000000 wm4.ERU002_Conf.h.49.30dcaaaa39ec7b925c3755a566961d37
                           .group:00000000 wm4.IO004.h.53.442ea5eb47ad9eedc675253aa35f3107
                           .group:00000000 wm4.IO002_Conf.h.51.be0baad511cf66771895fab0bf90f390
                           .group:00000000 wm4.NVIC002_Conf.h.62.ff9030362f600bd2a662fdeac2061397

NO UNDEFINED SYMBOLS
