   1              		.syntax unified
   2              		.cpu cortex-m4
   3              		.eabi_attribute 27, 3
   4              		.fpu fpv4-sp-d16
   5              		.eabi_attribute 20, 1
   6              		.eabi_attribute 21, 1
   7              		.eabi_attribute 23, 3
   8              		.eabi_attribute 24, 1
   9              		.eabi_attribute 25, 1
  10              		.eabi_attribute 26, 1
  11              		.eabi_attribute 30, 6
  12              		.eabi_attribute 34, 1
  13              		.eabi_attribute 18, 4
  14              		.thumb
  15              		.file	"ADCGroup001_Conf.c"
  16              		.text
  17              	.Ltext0:
  18              		.cfi_sections	.debug_frame
  19              		.global	ADCGROUP001_DynamicHandle0
  20              		.bss
  21              		.align	2
  24              	ADCGROUP001_DynamicHandle0:
  25 0000 00       		.space	1
  26              		.global	ADCGROUP001_Handle0
  27 0001 000000   		.section	.rodata
  28              		.align	2
  31              	ADCGROUP001_Handle0:
  32 0000 00       		.byte	0
  33 0001 00       		.byte	0
  34 0002 00       		.byte	0
  35 0003 00       		.space	1
  36 0004 0000     		.short	0
  37 0006 0000     		.short	0
  38 0008 00       		.byte	0
  39 0009 00       		.byte	0
  40 000a 00       		.byte	0
  41 000b 03       		.byte	3
  42 000c 00000000 		.word	ADCGROUP001_DynamicHandle0
  43 0010 00400040 		.word	1073758208
  44 0014 00440040 		.word	1073759232
  45 0018 00       		.byte	0
  46 0019 00       		.byte	0
  47 001a 00       		.byte	0
  48 001b 00       		.byte	0
  49 001c 00       		.byte	0
  50 001d 00       		.byte	0
  51 001e 00       		.byte	0
  52 001f 00       		.byte	0
  53              		.text
  54              	.Letext0:
  55              		.file 1 "c:\\dave-3.1.10\\dave-3.1.10\\arm-gcc\\bin\\../lib/gcc/arm-none-eabi/4.7.4/../../../../ar
  56              		.file 2 "C:\\DAVE-3.1.10\\DAVE-3.1.10\\eclipse\\/../CMSIS/Infineon/XMC4500_series/Include/XMC4500.
  57              		.file 3 "C:\\DAVE_3.1.10_Workspace\\ADC001_Example1\\Dave\\Generated\\inc\\DAVESupport/../../inc/A
  58              		.file 4 "C:\\DAVE-3.1.10\\DAVE-3.1.10\\eclipse\\/../CMSIS/Include/core_cm4.h"
  59              		.file 5 "../Dave/Generated/src/ADCGROUP001/ADCGroup001_Conf.c"
DEFINED SYMBOLS
                            *ABS*:00000000 ADCGroup001_Conf.c
C:\Users\ThomasJu\AppData\Local\Temp\ccXSsByQ.s:24     .bss:00000000 ADCGROUP001_DynamicHandle0
C:\Users\ThomasJu\AppData\Local\Temp\ccXSsByQ.s:21     .bss:00000000 $d
C:\Users\ThomasJu\AppData\Local\Temp\ccXSsByQ.s:31     .rodata:00000000 ADCGROUP001_Handle0
C:\Users\ThomasJu\AppData\Local\Temp\ccXSsByQ.s:28     .rodata:00000000 $d
                           .group:00000000 wm4.1.e9ce17ad1e95e60f9b7364a48ad252e4
                           .group:00000000 wm4.XMC4500.h.45.215f4b8c79f46c7645c15373868d08c0
                           .group:00000000 wm4.core_cm4.h.47.41af406cb4cda82c972f112a9cd0a024
                           .group:00000000 wm4.newlib.h.8.a9901dc52d1357e3e94003403d43f8b5
                           .group:00000000 wm4.features.h.22.b72b3baab2bb2eab3661375590100b6b
                           .group:00000000 wm4.config.h.193.5fb8ef056cdff92dec3dee9552839d8c
                           .group:00000000 wm4._ansi.h.23.7aefdac4826acebbfc9f3822a0aeb14c
                           .group:00000000 wm4.stdint.h.20.54ad762faa59e3c05491630641c8d8bf
                           .group:00000000 wm4.core_cmInstr.h.39.3d3d1b4a79aef37532666dc6ee87c6ac
                           .group:00000000 wm4.core_cm4_simd.h.43.b5d1d38735af6366227b4256d330cf13
                           .group:00000000 wm4.core_cm4.h.178.e5ef5ce66d198d7f00f9d0076e267c41
                           .group:00000000 wm4.system_XMC4500.h.29.827f68baa362c84f2abae4ab67dde7c9
                           .group:00000000 wm4.XMC4500.h.198.8e022f279ff353ed081df898dc7b9cf3
                           .group:00000000 wm4.stddef.h.40.50cf36416e06376af8a9dca28536f2e4
                           .group:00000000 wm4.types.h.60.e75c47576398c648cdcf9000ace5e3d8
                           .group:00000000 wm4.MULTIPLEXER.h.46.4a863fbae1c79f0db26da3ce2dc30d02
                           .group:00000000 wm4.CCU8PWMLIB.h.74.725ec81203769525cc7a424597055f47
                           .group:00000000 wm4.MOTORLIB.h.62.951091d95913dd2ff36d761323a1771d
                           .group:00000000 wm4.DBG001.h.116.d6d9e7459a0faa3905c97c1d2edb339d
                           .group:00000000 wm4.uc_id.h.35.6a563b5a45d32cec26f5b514b510065d
                           .group:00000000 wm4.NVIC002_Conf.h.62.36db970f6153b5da024017b80c7220d8
                           .group:00000000 wm4.CLK001_Const.h.50.e5e9c2ddc89f4cc9e7b93e9648fa94e4
                           .group:00000000 wm4.CLK001_Conf.h.81.82a8db895dc146da001475dd68223522
                           .group:00000000 wm4.ADCGROUP001.h.64.1a67eefa54ffa3e3b9429093742c873c
                           .group:00000000 wm4.IO001.h.49.4efcabb368feaef60c65bd7504b48505
                           .group:00000000 wm4.ADC001.h.72.a0f6b9479a18584b91fa95e6f862978d

NO UNDEFINED SYMBOLS
