   1              		.syntax unified
   2              		.cpu cortex-m4
   3              		.eabi_attribute 27, 3
   4              		.fpu fpv4-sp-d16
   5              		.eabi_attribute 20, 1
   6              		.eabi_attribute 21, 1
   7              		.eabi_attribute 23, 3
   8              		.eabi_attribute 24, 1
   9              		.eabi_attribute 25, 1
  10              		.eabi_attribute 26, 1
  11              		.eabi_attribute 30, 4
  12              		.eabi_attribute 34, 1
  13              		.eabi_attribute 18, 4
  14              		.thumb
  15              		.file	"IO004_Conf.c"
  16              		.global	IO004_Handle9
  17              		.global	IO004_Handle8
  18              		.global	IO004_Handle6
  19              		.global	IO004_Handle5
  20              		.global	IO004_Handle4
  21              		.global	IO004_Handle2
  22              		.global	IO004_Handle12
  23              		.global	IO004_Handle11
  24              		.global	IO004_Handle10
  25              		.global	IO004_Handle1
  26              		.section	.rodata
  27              		.align	2
  30              	IO004_Handle9:
  31 0000 00       		.byte	0
  32 0001 07       		.byte	7
  33 0002 0000     		.space	2
  34 0004 00800248 		.word	1208123392
  37              	IO004_Handle8:
  38 0008 01       		.byte	1
  39 0009 01       		.byte	1
  40 000a 0000     		.space	2
  41 000c 00810248 		.word	1208123648
  44              	IO004_Handle6:
  45 0010 02       		.byte	2
  46 0011 02       		.byte	2
  47 0012 0000     		.space	2
  48 0014 00820248 		.word	1208123904
  51              	IO004_Handle5:
  52 0018 02       		.byte	2
  53 0019 03       		.byte	3
  54 001a 0000     		.space	2
  55 001c 00820248 		.word	1208123904
  58              	IO004_Handle4:
  59 0020 02       		.byte	2
  60 0021 04       		.byte	4
  61 0022 0000     		.space	2
  62 0024 00820248 		.word	1208123904
  65              	IO004_Handle2:
  66 0028 02       		.byte	2
  67 0029 05       		.byte	5
  68 002a 0000     		.space	2
  69 002c 00820248 		.word	1208123904
  72              	IO004_Handle12:
  73 0030 00       		.byte	0
  74 0031 08       		.byte	8
  75 0032 0000     		.space	2
  76 0034 00800248 		.word	1208123392
  79              	IO004_Handle11:
  80 0038 01       		.byte	1
  81 0039 09       		.byte	9
  82 003a 0000     		.space	2
  83 003c 00810248 		.word	1208123648
  86              	IO004_Handle10:
  87 0040 01       		.byte	1
  88 0041 00       		.byte	0
  89 0042 0000     		.space	2
  90 0044 00810248 		.word	1208123648
  93              	IO004_Handle1:
  94 0048 02       		.byte	2
  95 0049 08       		.byte	8
  96 004a 0000     		.space	2
  97 004c 00820248 		.word	1208123904
  98              		.ident	"GCC: (GNU Tools for ARM Embedded Processors) 4.7.4 20130913 (release) [ARM/embedded-4_7-br
DEFINED SYMBOLS
                            *ABS*:00000000 IO004_Conf.c
C:\Users\Carlos\AppData\Local\Temp\ccas016W.s:30     .rodata:00000000 IO004_Handle9
C:\Users\Carlos\AppData\Local\Temp\ccas016W.s:37     .rodata:00000008 IO004_Handle8
C:\Users\Carlos\AppData\Local\Temp\ccas016W.s:44     .rodata:00000010 IO004_Handle6
C:\Users\Carlos\AppData\Local\Temp\ccas016W.s:51     .rodata:00000018 IO004_Handle5
C:\Users\Carlos\AppData\Local\Temp\ccas016W.s:58     .rodata:00000020 IO004_Handle4
C:\Users\Carlos\AppData\Local\Temp\ccas016W.s:65     .rodata:00000028 IO004_Handle2
C:\Users\Carlos\AppData\Local\Temp\ccas016W.s:72     .rodata:00000030 IO004_Handle12
C:\Users\Carlos\AppData\Local\Temp\ccas016W.s:79     .rodata:00000038 IO004_Handle11
C:\Users\Carlos\AppData\Local\Temp\ccas016W.s:86     .rodata:00000040 IO004_Handle10
C:\Users\Carlos\AppData\Local\Temp\ccas016W.s:93     .rodata:00000048 IO004_Handle1
C:\Users\Carlos\AppData\Local\Temp\ccas016W.s:27     .rodata:00000000 $d

NO UNDEFINED SYMBOLS
