   1              		.syntax unified
   2              		.cpu cortex-m4
   3              		.eabi_attribute 27, 3
   4              		.fpu fpv4-sp-d16
   5              		.eabi_attribute 20, 1
   6              		.eabi_attribute 21, 1
   7              		.eabi_attribute 23, 3
   8              		.eabi_attribute 24, 1
   9              		.eabi_attribute 25, 1
  10              		.eabi_attribute 26, 1
  11              		.eabi_attribute 30, 6
  12              		.eabi_attribute 34, 1
  13              		.eabi_attribute 18, 4
  14              		.thumb
  15              		.file	"PWMSP001_Conf.c"
  16              		.text
  17              	.Ltext0:
  18              		.cfi_sections	.debug_frame
  19              		.global	PWMSP001_DynamicData0
  20              		.bss
  21              		.align	2
  24              	PWMSP001_DynamicData0:
  25 0000 00       		.space	1
  26              		.global	PWMSP001_Handle0
  27              		.section	.rodata
  28              		.align	2
  31              	PWMSP001_Handle0:
  32 0000 01       		.byte	1
  33 0001 00       		.byte	0
  34 0002 0000     		.space	2
  35 0004 60558543 		.word	1132811616
  36 0008 3E490000 		.word	18750
  37 000c 00       		.byte	0
  38 000d 00       		.byte	0
  39 000e 00       		.byte	0
  40 000f 00       		.byte	0
  41 0010 00       		.byte	0
  42 0011 00       		.byte	0
  43 0012 01       		.byte	1
  44 0013 00       		.byte	0
  45 0014 00C00040 		.word	1073790976
  46 0018 00C20040 		.word	1073791488
  47 001c 00C20040 		.word	1073791488
  48 0020 00       		.byte	0
  49 0021 00       		.byte	0
  50 0022 05       		.byte	5
  51 0023 00       		.byte	0
  52 0024 00       		.byte	0
  53 0025 000000   		.space	3
  54 0028 7B920000 		.word	37499
  55 002c FFFF0000 		.word	65535
  56 0030 00000000 		.word	0
  57 0034 00       		.byte	0
  58 0035 00       		.byte	0
  59 0036 00       		.byte	0
  60 0037 01       		.byte	1
  61 0038 01       		.byte	1
  62 0039 000000   		.space	3
  63 003c 00000000 		.word	PWMSP001_DynamicData0
  64 0040 00000000 		.word	PWMSP001_lSetCompareEdgeAlign
  65 0044 00000000 		.word	PWMSP001_lSetDutyEdgeAlign
  66              		.global	PWMSP001_DynamicData1
  67              		.bss
  68 0001 000000   		.align	2
  71              	PWMSP001_DynamicData1:
  72 0004 00       		.space	1
  73              		.global	PWMSP001_Handle1
  74              		.section	.rodata
  75              		.align	2
  78              	PWMSP001_Handle1:
  79 0048 01       		.byte	1
  80 0049 00       		.byte	0
  81 004a 0000     		.space	2
  82 004c 60558543 		.word	1132811616
  83 0050 3E490000 		.word	18750
  84 0054 00       		.byte	0
  85 0055 00       		.byte	0
  86 0056 00       		.byte	0
  87 0057 00       		.byte	0
  88 0058 00       		.byte	0
  89 0059 00       		.byte	0
  90 005a 01       		.byte	1
  91 005b 00       		.byte	0
  92 005c 00C00040 		.word	1073790976
  93 0060 00C30040 		.word	1073791744
  94 0064 00C30040 		.word	1073791744
  95 0068 00       		.byte	0
  96 0069 00       		.byte	0
  97 006a 05       		.byte	5
  98 006b 00       		.byte	0
  99 006c 00       		.byte	0
 100 006d 000000   		.space	3
 101 0070 7B920000 		.word	37499
 102 0074 FFFF0000 		.word	65535
 103 0078 00000000 		.word	0
 104 007c 00       		.byte	0
 105 007d 00       		.byte	0
 106 007e 00       		.byte	0
 107 007f 02       		.byte	2
 108 0080 02       		.byte	2
 109 0081 000000   		.space	3
 110 0084 00000000 		.word	PWMSP001_DynamicData1
 111 0088 00000000 		.word	PWMSP001_lSetCompareEdgeAlign
 112 008c 00000000 		.word	PWMSP001_lSetDutyEdgeAlign
 113              		.global	PWMSP001_DynamicData2
 114              		.bss
 115 0005 000000   		.align	2
 118              	PWMSP001_DynamicData2:
 119 0008 00       		.space	1
 120              		.global	PWMSP001_Handle2
 121 0009 000000   		.section	.rodata
 122              		.align	2
 125              	PWMSP001_Handle2:
 126 0090 01       		.byte	1
 127 0091 00       		.byte	0
 128 0092 0000     		.space	2
 129 0094 60558543 		.word	1132811616
 130 0098 30750000 		.word	30000
 131 009c 00       		.byte	0
 132 009d 00       		.byte	0
 133 009e 00       		.byte	0
 134 009f 00       		.byte	0
 135 00a0 00       		.byte	0
 136 00a1 00       		.byte	0
 137 00a2 01       		.byte	1
 138 00a3 00       		.byte	0
 139 00a4 00C00040 		.word	1073790976
 140 00a8 00C40040 		.word	1073792000
 141 00ac 00C40040 		.word	1073792000
 142 00b0 00       		.byte	0
 143 00b1 00       		.byte	0
 144 00b2 05       		.byte	5
 145 00b3 00       		.byte	0
 146 00b4 00       		.byte	0
 147 00b5 000000   		.space	3
 148 00b8 7B920000 		.word	37499
 149 00bc FFFF0000 		.word	65535
 150 00c0 00000000 		.word	0
 151 00c4 00       		.byte	0
 152 00c5 00       		.byte	0
 153 00c6 00       		.byte	0
 154 00c7 03       		.byte	3
 155 00c8 03       		.byte	3
 156 00c9 000000   		.space	3
 157 00cc 00000000 		.word	PWMSP001_DynamicData2
 158 00d0 00000000 		.word	PWMSP001_lSetCompareEdgeAlign
 159 00d4 00000000 		.word	PWMSP001_lSetDutyEdgeAlign
 160              		.text
 161              	.Letext0:
 162              		.file 1 "c:\\dave-3.1.10\\arm-gcc\\bin\\../lib/gcc/arm-none-eabi/4.7.4/../../../../arm-none-eabi/i
 163              		.file 2 "C:\\DAVE-3.1.10\\eclipse\\/../CMSIS/Infineon/XMC4500_series/Include/XMC4500.h"
 164              		.file 3 "C:\\Users\\jmass_000\\Documents\\Unicamp\\Phoenix\\Controle-e-Telemetria\\DAVE\\ControleI
 165              		.file 4 "C:\\DAVE-3.1.10\\eclipse\\/../CMSIS/Include/core_cm4.h"
 166              		.file 5 "../Dave/Generated/src/PWMSP001/PWMSP001_Conf.c"
DEFINED SYMBOLS
                            *ABS*:00000000 PWMSP001_Conf.c
C:\Users\JMASS_~1\AppData\Local\Temp\ccZhfogp.s:24     .bss:00000000 PWMSP001_DynamicData0
C:\Users\JMASS_~1\AppData\Local\Temp\ccZhfogp.s:21     .bss:00000000 $d
C:\Users\JMASS_~1\AppData\Local\Temp\ccZhfogp.s:31     .rodata:00000000 PWMSP001_Handle0
C:\Users\JMASS_~1\AppData\Local\Temp\ccZhfogp.s:28     .rodata:00000000 $d
C:\Users\JMASS_~1\AppData\Local\Temp\ccZhfogp.s:71     .bss:00000004 PWMSP001_DynamicData1
C:\Users\JMASS_~1\AppData\Local\Temp\ccZhfogp.s:78     .rodata:00000048 PWMSP001_Handle1
C:\Users\JMASS_~1\AppData\Local\Temp\ccZhfogp.s:118    .bss:00000008 PWMSP001_DynamicData2
C:\Users\JMASS_~1\AppData\Local\Temp\ccZhfogp.s:125    .rodata:00000090 PWMSP001_Handle2
                           .group:00000000 wm4.1.35166846b5321d4273ad8c4248893ac3
                           .group:00000000 wm4.XMC4500.h.45.215f4b8c79f46c7645c15373868d08c0
                           .group:00000000 wm4.core_cm4.h.47.41af406cb4cda82c972f112a9cd0a024
                           .group:00000000 wm4.newlib.h.8.a9901dc52d1357e3e94003403d43f8b5
                           .group:00000000 wm4.features.h.22.b72b3baab2bb2eab3661375590100b6b
                           .group:00000000 wm4.config.h.193.5fb8ef056cdff92dec3dee9552839d8c
                           .group:00000000 wm4._ansi.h.23.7aefdac4826acebbfc9f3822a0aeb14c
                           .group:00000000 wm4.stdint.h.20.54ad762faa59e3c05491630641c8d8bf
                           .group:00000000 wm4.core_cmInstr.h.39.3d3d1b4a79aef37532666dc6ee87c6ac
                           .group:00000000 wm4.core_cm4_simd.h.43.b5d1d38735af6366227b4256d330cf13
                           .group:00000000 wm4.core_cm4.h.178.e5ef5ce66d198d7f00f9d0076e267c41
                           .group:00000000 wm4.system_XMC4500.h.29.827f68baa362c84f2abae4ab67dde7c9
                           .group:00000000 wm4.XMC4500.h.198.8e022f279ff353ed081df898dc7b9cf3
                           .group:00000000 wm4.stddef.h.40.50cf36416e06376af8a9dca28536f2e4
                           .group:00000000 wm4.types.h.60.e75c47576398c648cdcf9000ace5e3d8
                           .group:00000000 wm4.MULTIPLEXER.h.46.4a863fbae1c79f0db26da3ce2dc30d02
                           .group:00000000 wm4.CCU8PWMLIB.h.74.725ec81203769525cc7a424597055f47
                           .group:00000000 wm4.MOTORLIB.h.62.951091d95913dd2ff36d761323a1771d
                           .group:00000000 wm4.DBG001.h.116.d6d9e7459a0faa3905c97c1d2edb339d
                           .group:00000000 wm4.IO004.h.53.442ea5eb47ad9eedc675253aa35f3107
                           .group:00000000 wm4.uc_id.h.35.fa57ecd9f559d2767f56c96da2848c12
                           .group:00000000 wm4.CLK001_Const.h.50.e5e9c2ddc89f4cc9e7b93e9648fa94e4
                           .group:00000000 wm4.CLK001_Conf.h.81.2b7f5ec7311f4adf3e25cf7854109544
                           .group:00000000 wm4.CCU4Global_Conf.h.63.a52fac0daa39b5f58343578312b4eb54
                           .group:00000000 wm4.PWMSP001.h.57.29b732b86baf3e81f49153f5f495912e

UNDEFINED SYMBOLS
PWMSP001_lSetCompareEdgeAlign
PWMSP001_lSetDutyEdgeAlign
