   1              		.syntax unified
   2              		.cpu cortex-m4
   3              		.eabi_attribute 27, 3
   4              		.fpu fpv4-sp-d16
   5              		.eabi_attribute 20, 1
   6              		.eabi_attribute 21, 1
   7              		.eabi_attribute 23, 3
   8              		.eabi_attribute 24, 1
   9              		.eabi_attribute 25, 1
  10              		.eabi_attribute 26, 1
  11              		.eabi_attribute 30, 6
  12              		.eabi_attribute 34, 1
  13              		.eabi_attribute 18, 4
  14              		.thumb
  15              		.file	"MULTIPLEXER.c"
  16              		.text
  17              	.Ltext0:
  18              		.cfi_sections	.debug_frame
  19              		.section	.text.DAVE_MUX_Init,"ax",%progbits
  20              		.align	2
  21              		.global	DAVE_MUX_Init
  22              		.thumb
  23              		.thumb_func
  25              	DAVE_MUX_Init:
  26              	.LFB117:
  27              		.file 1 "../Dave/Generated/src/DAVESupport/MULTIPLEXER.c"
   1:../Dave/Generated/src/DAVESupport/MULTIPLEXER.c **** /*******************************************************************************
   2:../Dave/Generated/src/DAVESupport/MULTIPLEXER.c **** **  DAVE App Name : DAVESupport       App Version: 1.0.44               
   3:../Dave/Generated/src/DAVESupport/MULTIPLEXER.c **** **  This file is generated by DAVE, User modification to this file will be    **
   4:../Dave/Generated/src/DAVESupport/MULTIPLEXER.c **** **  overwritten at the next code generation.                                  **
   5:../Dave/Generated/src/DAVESupport/MULTIPLEXER.c **** *******************************************************************************/
   6:../Dave/Generated/src/DAVESupport/MULTIPLEXER.c **** 
   7:../Dave/Generated/src/DAVESupport/MULTIPLEXER.c **** 
   8:../Dave/Generated/src/DAVESupport/MULTIPLEXER.c **** /*******************************************************************************
   9:../Dave/Generated/src/DAVESupport/MULTIPLEXER.c ****  Copyright (c) 2014, Infineon Technologies AG                                 **
  10:../Dave/Generated/src/DAVESupport/MULTIPLEXER.c ****  All rights reserved.                                                         **
  11:../Dave/Generated/src/DAVESupport/MULTIPLEXER.c ****                                                                               **
  12:../Dave/Generated/src/DAVESupport/MULTIPLEXER.c ****  Redistribution and use in source and binary forms, with or without           **
  13:../Dave/Generated/src/DAVESupport/MULTIPLEXER.c ****  modification,are permitted provided that the following conditions are met:   **
  14:../Dave/Generated/src/DAVESupport/MULTIPLEXER.c ****                                                                               **
  15:../Dave/Generated/src/DAVESupport/MULTIPLEXER.c ****  *Redistributions of source code must retain the above copyright notice,      **
  16:../Dave/Generated/src/DAVESupport/MULTIPLEXER.c ****  this list of conditions and the following disclaimer.                        **
  17:../Dave/Generated/src/DAVESupport/MULTIPLEXER.c ****  *Redistributions in binary form must reproduce the above copyright notice,   **
  18:../Dave/Generated/src/DAVESupport/MULTIPLEXER.c ****  this list of conditions and the following disclaimer in the documentation    **
  19:../Dave/Generated/src/DAVESupport/MULTIPLEXER.c ****  and/or other materials provided with the distribution.                       **
  20:../Dave/Generated/src/DAVESupport/MULTIPLEXER.c ****  *Neither the name of the copyright holders nor the names of its contributors **
  21:../Dave/Generated/src/DAVESupport/MULTIPLEXER.c ****  may be used to endorse or promote products derived from this software without**
  22:../Dave/Generated/src/DAVESupport/MULTIPLEXER.c ****  specific prior written permission.                                           **
  23:../Dave/Generated/src/DAVESupport/MULTIPLEXER.c ****                                                                               **
  24:../Dave/Generated/src/DAVESupport/MULTIPLEXER.c ****  THIS SOFTWARE IS PROVIDED BY THE COPYRIGHT HOLDERS AND CONTRIBUTORS "AS IS"  **
  25:../Dave/Generated/src/DAVESupport/MULTIPLEXER.c ****  AND ANY EXPRESS OR IMPLIED WARRANTIES, INCLUDING, BUT NOT LIMITED TO, THE    **
  26:../Dave/Generated/src/DAVESupport/MULTIPLEXER.c ****  IMPLIED WARRANTIES OF MERCHANTABILITY AND FITNESS FOR A PARTICULAR PURPOSE   **
  27:../Dave/Generated/src/DAVESupport/MULTIPLEXER.c ****  ARE  DISCLAIMED. IN NO EVENT SHALL THE COPYRIGHT HOLDER OR CONTRIBUTORS BE   **
  28:../Dave/Generated/src/DAVESupport/MULTIPLEXER.c ****  LIABLE  FOR ANY DIRECT, INDIRECT, INCIDENTAL, SPECIAL, EXEMPLARY, OR         **
  29:../Dave/Generated/src/DAVESupport/MULTIPLEXER.c ****  CONSEQUENTIAL DAMAGES (INCLUDING, BUT NOT LIMITED TO, PROCUREMENT OF         **
  30:../Dave/Generated/src/DAVESupport/MULTIPLEXER.c ****  SUBSTITUTE GOODS OR  SERVICES; LOSS OF USE, DATA, OR PROFITS; OR BUSINESS    **
  31:../Dave/Generated/src/DAVESupport/MULTIPLEXER.c ****  INTERRUPTION) HOWEVER CAUSED AND ON ANY THEORY OF LIABILITY, WHETHER IN      **
  32:../Dave/Generated/src/DAVESupport/MULTIPLEXER.c ****  CONTRACT, STRICT LIABILITY,OR TORT (INCLUDING NEGLIGENCE OR OTHERWISE)       **
  33:../Dave/Generated/src/DAVESupport/MULTIPLEXER.c ****  ARISING IN ANY WAY OUT OF THE USE OF THIS SOFTWARE, EVEN IF ADVISED OF THE   **
  34:../Dave/Generated/src/DAVESupport/MULTIPLEXER.c ****  POSSIBILITY OF SUCH DAMAGE.                                                  **
  35:../Dave/Generated/src/DAVESupport/MULTIPLEXER.c ****                                                                               **
  36:../Dave/Generated/src/DAVESupport/MULTIPLEXER.c ****  To improve the quality of the software, users are encouraged to share        **
  37:../Dave/Generated/src/DAVESupport/MULTIPLEXER.c ****  modifications, enhancements or bug fixes with Infineon Technologies AG       **
  38:../Dave/Generated/src/DAVESupport/MULTIPLEXER.c ****  dave@infineon.com).                                                          **
  39:../Dave/Generated/src/DAVESupport/MULTIPLEXER.c ****                                                                               **
  40:../Dave/Generated/src/DAVESupport/MULTIPLEXER.c **** ********************************************************************************
  41:../Dave/Generated/src/DAVESupport/MULTIPLEXER.c **** **                                                                            **
  42:../Dave/Generated/src/DAVESupport/MULTIPLEXER.c **** **                                                                            **
  43:../Dave/Generated/src/DAVESupport/MULTIPLEXER.c **** ** PLATFORM : Infineon <Microcontroller name, step>                           **
  44:../Dave/Generated/src/DAVESupport/MULTIPLEXER.c **** **                                                                            **
  45:../Dave/Generated/src/DAVESupport/MULTIPLEXER.c **** ** COMPILER : Compiler Independent                                            **
  46:../Dave/Generated/src/DAVESupport/MULTIPLEXER.c **** **                                                                            **
  47:../Dave/Generated/src/DAVESupport/MULTIPLEXER.c **** ** MODIFICATION DATE : April 23, 2014                                     **
  48:../Dave/Generated/src/DAVESupport/MULTIPLEXER.c **** **                                                                            **
  49:../Dave/Generated/src/DAVESupport/MULTIPLEXER.c **** *******************************************************************************/
  50:../Dave/Generated/src/DAVESupport/MULTIPLEXER.c **** /**
  51:../Dave/Generated/src/DAVESupport/MULTIPLEXER.c ****  * @file  MULTIPLEXER.c
  52:../Dave/Generated/src/DAVESupport/MULTIPLEXER.c ****  *
  53:../Dave/Generated/src/DAVESupport/MULTIPLEXER.c ****  * @brief This file contains implementation of DAVE Support function which 
  54:../Dave/Generated/src/DAVESupport/MULTIPLEXER.c ****  * uses to configure multiplexer register values.
  55:../Dave/Generated/src/DAVESupport/MULTIPLEXER.c ****  * 24 July 2013 v1.0.34 Initial Version
  56:../Dave/Generated/src/DAVESupport/MULTIPLEXER.c ****  * 06 sep 2013 v1.0.36  UART001 : Mux : One instruction for output pins 
  57:../Dave/Generated/src/DAVESupport/MULTIPLEXER.c ****  *                      initialisation.
  58:../Dave/Generated/src/DAVESupport/MULTIPLEXER.c ****  *                      CAN001 & CAN002 : Avoid twice reset of the INIT bit in 
  59:../Dave/Generated/src/DAVESupport/MULTIPLEXER.c ****  *                      Can001_lNodeInit & DAVE_MUX_Init.
  60:../Dave/Generated/src/DAVESupport/MULTIPLEXER.c ****  *                      WR_REGHIB Macro definition has been changed.
  61:../Dave/Generated/src/DAVESupport/MULTIPLEXER.c ****  * 23 April 2014 v1.0.44 HRPWM MUX configuration supported.                      
  62:../Dave/Generated/src/DAVESupport/MULTIPLEXER.c ****  *                      
  63:../Dave/Generated/src/DAVESupport/MULTIPLEXER.c ****  */
  64:../Dave/Generated/src/DAVESupport/MULTIPLEXER.c **** 
  65:../Dave/Generated/src/DAVESupport/MULTIPLEXER.c **** /*******************************************************************************
  66:../Dave/Generated/src/DAVESupport/MULTIPLEXER.c **** **                      Include Files                                         **
  67:../Dave/Generated/src/DAVESupport/MULTIPLEXER.c **** *******************************************************************************/
  68:../Dave/Generated/src/DAVESupport/MULTIPLEXER.c **** #include "../../inc/DAVESupport/DAVE3.h"
  69:../Dave/Generated/src/DAVESupport/MULTIPLEXER.c **** 
  70:../Dave/Generated/src/DAVESupport/MULTIPLEXER.c **** /*******************************************************************************
  71:../Dave/Generated/src/DAVESupport/MULTIPLEXER.c **** **                 Function declarations                                     **
  72:../Dave/Generated/src/DAVESupport/MULTIPLEXER.c **** *******************************************************************************/
  73:../Dave/Generated/src/DAVESupport/MULTIPLEXER.c **** /*******************************************************************************
  74:../Dave/Generated/src/DAVESupport/MULTIPLEXER.c **** ** Syntax           : void DAVE_MUX_Init(void)                                **
  75:../Dave/Generated/src/DAVESupport/MULTIPLEXER.c **** **                                                                            **
  76:../Dave/Generated/src/DAVESupport/MULTIPLEXER.c **** ** Reentrancy       : None                                                    **
  77:../Dave/Generated/src/DAVESupport/MULTIPLEXER.c **** **                                                                            **
  78:../Dave/Generated/src/DAVESupport/MULTIPLEXER.c **** ** Parameters (in)  : void                                                    **
  79:../Dave/Generated/src/DAVESupport/MULTIPLEXER.c **** **                                                                            **
  80:../Dave/Generated/src/DAVESupport/MULTIPLEXER.c **** ** Parameters (out) : none                                                    **
  81:../Dave/Generated/src/DAVESupport/MULTIPLEXER.c **** **                                                                            **
  82:../Dave/Generated/src/DAVESupport/MULTIPLEXER.c **** ** Return value     : none                                                    **
  83:../Dave/Generated/src/DAVESupport/MULTIPLEXER.c **** **                                                                            **
  84:../Dave/Generated/src/DAVESupport/MULTIPLEXER.c **** ** Description      : This is the Mux configuration                           **
  85:../Dave/Generated/src/DAVESupport/MULTIPLEXER.c **** **                                                                            **
  86:../Dave/Generated/src/DAVESupport/MULTIPLEXER.c **** *******************************************************************************/
  87:../Dave/Generated/src/DAVESupport/MULTIPLEXER.c ****            
  88:../Dave/Generated/src/DAVESupport/MULTIPLEXER.c **** void DAVE_MUX_Init(void)
  89:../Dave/Generated/src/DAVESupport/MULTIPLEXER.c **** {  
  28              		.loc 1 89 0
  29              		.cfi_startproc
  30              		@ args = 0, pretend = 0, frame = 0
  31              		@ frame_needed = 1, uses_anonymous_args = 0
  32              		@ link register save eliminated.
  33 0000 80B4     		push	{r7}
  34              	.LCFI0:
  35              		.cfi_def_cfa_offset 4
  36              		.cfi_offset 7, -4
  37 0002 00AF     		add	r7, sp, #0
  38              	.LCFI1:
  39              		.cfi_def_cfa_register 7
  90:../Dave/Generated/src/DAVESupport/MULTIPLEXER.c ****    	 
  91:../Dave/Generated/src/DAVESupport/MULTIPLEXER.c ****             	         
  92:../Dave/Generated/src/DAVESupport/MULTIPLEXER.c ****                                      
  93:../Dave/Generated/src/DAVESupport/MULTIPLEXER.c ****        /*        SCU Macro definitions     */                        
  94:../Dave/Generated/src/DAVESupport/MULTIPLEXER.c ****    	 
  95:../Dave/Generated/src/DAVESupport/MULTIPLEXER.c ****             	         
  96:../Dave/Generated/src/DAVESupport/MULTIPLEXER.c ****                                               
  97:../Dave/Generated/src/DAVESupport/MULTIPLEXER.c ****    	 
  98:../Dave/Generated/src/DAVESupport/MULTIPLEXER.c ****             	         
  99:../Dave/Generated/src/DAVESupport/MULTIPLEXER.c ****                                           
 100:../Dave/Generated/src/DAVESupport/MULTIPLEXER.c **** 
 101:../Dave/Generated/src/DAVESupport/MULTIPLEXER.c **** /*        PORT Macro definitions for IOCR_OE, IOCR_PCR & HWSEL_HW     */                   
 102:../Dave/Generated/src/DAVESupport/MULTIPLEXER.c ****    	 
 103:../Dave/Generated/src/DAVESupport/MULTIPLEXER.c ****             	         
 104:../Dave/Generated/src/DAVESupport/MULTIPLEXER.c ****                                   
 105:../Dave/Generated/src/DAVESupport/MULTIPLEXER.c ****                   /*VADC GROUP0 Mux Related SFR/Bitfields Configurations*/  						                 
 106:../Dave/Generated/src/DAVESupport/MULTIPLEXER.c ****   WR_REG(VADC_G0->ALIAS, VADC_G_ALIAS_ALIAS0_Msk, VADC_G_ALIAS_ALIAS0_Pos,1); 
  40              		.loc 1 106 0
  41 0004 4FF48843 		mov	r3, #17408
  42 0008 C4F20003 		movt	r3, 16384
  43 000c 4FF48842 		mov	r2, #17408
  44 0010 C4F20002 		movt	r2, 16384
  45 0014 D2F8B020 		ldr	r2, [r2, #176]
  46 0018 22F01F02 		bic	r2, r2, #31
  47 001c 42F00102 		orr	r2, r2, #1
  48 0020 C3F8B020 		str	r2, [r3, #176]
 107:../Dave/Generated/src/DAVESupport/MULTIPLEXER.c ****    						          
 108:../Dave/Generated/src/DAVESupport/MULTIPLEXER.c **** 
 109:../Dave/Generated/src/DAVESupport/MULTIPLEXER.c **** 					 						          						          						          						          						          						       
 110:../Dave/Generated/src/DAVESupport/MULTIPLEXER.c ****                                                                                                    
 111:../Dave/Generated/src/DAVESupport/MULTIPLEXER.c ****                   /*VADC GROUP1 Mux Related SFR/Bitfields Configurations*/  						                 
 112:../Dave/Generated/src/DAVESupport/MULTIPLEXER.c **** 
 113:../Dave/Generated/src/DAVESupport/MULTIPLEXER.c **** 					 						          						          						          						          						          						       
 114:../Dave/Generated/src/DAVESupport/MULTIPLEXER.c ****                                                                                                    
 115:../Dave/Generated/src/DAVESupport/MULTIPLEXER.c ****                   /*VADC GROUP2 Mux Related SFR/Bitfields Configurations*/  						                 
 116:../Dave/Generated/src/DAVESupport/MULTIPLEXER.c **** 
 117:../Dave/Generated/src/DAVESupport/MULTIPLEXER.c **** 					 						          						          						          						          						          						       
 118:../Dave/Generated/src/DAVESupport/MULTIPLEXER.c ****                                                                                                    
 119:../Dave/Generated/src/DAVESupport/MULTIPLEXER.c ****                   /*VADC GROUP3 Mux Related SFR/Bitfields Configurations*/  						                 
 120:../Dave/Generated/src/DAVESupport/MULTIPLEXER.c **** 
 121:../Dave/Generated/src/DAVESupport/MULTIPLEXER.c **** 					 						          						          						          						          						          						       
 122:../Dave/Generated/src/DAVESupport/MULTIPLEXER.c ****                                                                                                    
 123:../Dave/Generated/src/DAVESupport/MULTIPLEXER.c ****                /*VADC GLOBAL RESULT Mux Related SFR/Bitfields Configurations*/  						          
 124:../Dave/Generated/src/DAVESupport/MULTIPLEXER.c ****   WR_REG(VADC->GLOBEVNP, VADC_GLOBEVNP_REV0NP_Msk, VADC_GLOBEVNP_REV0NP_Pos,2); 
  49              		.loc 1 124 0
  50 0024 4FF04023 		mov	r3, #1073758208
  51 0028 4FF04022 		mov	r2, #1073758208
  52 002c D2F84021 		ldr	r2, [r2, #320]
  53 0030 22F47022 		bic	r2, r2, #983040
  54 0034 42F40032 		orr	r2, r2, #131072
  55 0038 C3F84021 		str	r2, [r3, #320]
 125:../Dave/Generated/src/DAVESupport/MULTIPLEXER.c ****                  						                     						                                 
 126:../Dave/Generated/src/DAVESupport/MULTIPLEXER.c ****                /*VADC BACKGROUND Source Mux Related SFR/Bitfields Configurations*/  						         
 127:../Dave/Generated/src/DAVESupport/MULTIPLEXER.c **** }
  56              		.loc 1 127 0
  57 003c BD46     		mov	sp, r7
  58 003e 80BC     		pop	{r7}
  59 0040 7047     		bx	lr
  60              		.cfi_endproc
  61              	.LFE117:
  63 0042 00BF     		.section	.text.DAVE_MUX_PreInit,"ax",%progbits
  64              		.align	2
  65              		.global	DAVE_MUX_PreInit
  66              		.thumb
  67              		.thumb_func
  69              	DAVE_MUX_PreInit:
  70              	.LFB118:
 128:../Dave/Generated/src/DAVESupport/MULTIPLEXER.c **** 
 129:../Dave/Generated/src/DAVESupport/MULTIPLEXER.c **** 
 130:../Dave/Generated/src/DAVESupport/MULTIPLEXER.c **** /*******************************************************************************
 131:../Dave/Generated/src/DAVESupport/MULTIPLEXER.c **** ** Syntax           : void DAVE_MUX_PreInit(void)                             **
 132:../Dave/Generated/src/DAVESupport/MULTIPLEXER.c **** **                                                                            **
 133:../Dave/Generated/src/DAVESupport/MULTIPLEXER.c **** ** Reentrancy       : None                                                    **
 134:../Dave/Generated/src/DAVESupport/MULTIPLEXER.c **** **                                                                            **
 135:../Dave/Generated/src/DAVESupport/MULTIPLEXER.c **** ** Parameters (in)  : void                                                    **
 136:../Dave/Generated/src/DAVESupport/MULTIPLEXER.c **** **                                                                            **
 137:../Dave/Generated/src/DAVESupport/MULTIPLEXER.c **** ** Parameters (out) : none                                                    **
 138:../Dave/Generated/src/DAVESupport/MULTIPLEXER.c **** **                                                                            **
 139:../Dave/Generated/src/DAVESupport/MULTIPLEXER.c **** ** Return value     : none                                                    **
 140:../Dave/Generated/src/DAVESupport/MULTIPLEXER.c **** **                                                                            **
 141:../Dave/Generated/src/DAVESupport/MULTIPLEXER.c **** ** Description      : This is the Mux configuration                           **
 142:../Dave/Generated/src/DAVESupport/MULTIPLEXER.c **** **                                                                            **
 143:../Dave/Generated/src/DAVESupport/MULTIPLEXER.c **** *******************************************************************************/
 144:../Dave/Generated/src/DAVESupport/MULTIPLEXER.c ****  
 145:../Dave/Generated/src/DAVESupport/MULTIPLEXER.c **** void DAVE_MUX_PreInit(void)
 146:../Dave/Generated/src/DAVESupport/MULTIPLEXER.c **** {        
  71              		.loc 1 146 0
  72              		.cfi_startproc
  73              		@ args = 0, pretend = 0, frame = 0
  74              		@ frame_needed = 1, uses_anonymous_args = 0
  75              		@ link register save eliminated.
  76 0000 80B4     		push	{r7}
  77              	.LCFI2:
  78              		.cfi_def_cfa_offset 4
  79              		.cfi_offset 7, -4
  80 0002 00AF     		add	r7, sp, #0
  81              	.LCFI3:
  82              		.cfi_def_cfa_register 7
 147:../Dave/Generated/src/DAVESupport/MULTIPLEXER.c **** 
 148:../Dave/Generated/src/DAVESupport/MULTIPLEXER.c **** /*        PORT Macro definitions for IOCR_OE, IOCR_PCR & HWSEL_HW     */                       
 149:../Dave/Generated/src/DAVESupport/MULTIPLEXER.c **** }
  83              		.loc 1 149 0
  84 0004 BD46     		mov	sp, r7
  85 0006 80BC     		pop	{r7}
  86 0008 7047     		bx	lr
  87              		.cfi_endproc
  88              	.LFE118:
  90 000a 00BF     		.text
  91              	.Letext0:
  92              		.file 2 "c:\\dave-3.1.10\\dave-3.1.10\\arm-gcc\\bin\\../lib/gcc/arm-none-eabi/4.7.4/../../../../ar
  93              		.file 3 "C:\\DAVE-3.1.10\\DAVE-3.1.10\\eclipse\\/../CMSIS/Infineon/XMC4500_series/Include/XMC4500.
  94              		.file 4 "C:\\DAVE-3.1.10\\DAVE-3.1.10\\eclipse\\/../CMSIS/Include/core_cm4.h"
DEFINED SYMBOLS
                            *ABS*:00000000 MULTIPLEXER.c
C:\Users\ThomasJu\AppData\Local\Temp\cctGE6ae.s:20     .text.DAVE_MUX_Init:00000000 $t
C:\Users\ThomasJu\AppData\Local\Temp\cctGE6ae.s:25     .text.DAVE_MUX_Init:00000000 DAVE_MUX_Init
C:\Users\ThomasJu\AppData\Local\Temp\cctGE6ae.s:64     .text.DAVE_MUX_PreInit:00000000 $t
C:\Users\ThomasJu\AppData\Local\Temp\cctGE6ae.s:69     .text.DAVE_MUX_PreInit:00000000 DAVE_MUX_PreInit
                     .debug_frame:00000010 $d
                           .group:00000000 wm4.1.e9ce17ad1e95e60f9b7364a48ad252e4
                           .group:00000000 wm4.XMC4500.h.45.215f4b8c79f46c7645c15373868d08c0
                           .group:00000000 wm4.core_cm4.h.47.41af406cb4cda82c972f112a9cd0a024
                           .group:00000000 wm4.newlib.h.8.a9901dc52d1357e3e94003403d43f8b5
                           .group:00000000 wm4.features.h.22.b72b3baab2bb2eab3661375590100b6b
                           .group:00000000 wm4.config.h.193.5fb8ef056cdff92dec3dee9552839d8c
                           .group:00000000 wm4._ansi.h.23.7aefdac4826acebbfc9f3822a0aeb14c
                           .group:00000000 wm4.stdint.h.20.54ad762faa59e3c05491630641c8d8bf
                           .group:00000000 wm4.core_cmInstr.h.39.3d3d1b4a79aef37532666dc6ee87c6ac
                           .group:00000000 wm4.core_cm4_simd.h.43.b5d1d38735af6366227b4256d330cf13
                           .group:00000000 wm4.core_cm4.h.178.e5ef5ce66d198d7f00f9d0076e267c41
                           .group:00000000 wm4.system_XMC4500.h.29.827f68baa362c84f2abae4ab67dde7c9
                           .group:00000000 wm4.XMC4500.h.198.8e022f279ff353ed081df898dc7b9cf3
                           .group:00000000 wm4.stddef.h.40.50cf36416e06376af8a9dca28536f2e4
                           .group:00000000 wm4.types.h.60.e75c47576398c648cdcf9000ace5e3d8
                           .group:00000000 wm4.MULTIPLEXER.h.46.4a863fbae1c79f0db26da3ce2dc30d02
                           .group:00000000 wm4.CCU8PWMLIB.h.74.725ec81203769525cc7a424597055f47
                           .group:00000000 wm4.MOTORLIB.h.62.951091d95913dd2ff36d761323a1771d
                           .group:00000000 wm4.DBG001.h.116.d6d9e7459a0faa3905c97c1d2edb339d
                           .group:00000000 wm4.uc_id.h.35.6a563b5a45d32cec26f5b514b510065d
                           .group:00000000 wm4.NVIC002_Conf.h.62.36db970f6153b5da024017b80c7220d8
                           .group:00000000 wm4.CLK001_Const.h.50.e5e9c2ddc89f4cc9e7b93e9648fa94e4
                           .group:00000000 wm4.CLK001_Conf.h.81.82a8db895dc146da001475dd68223522
                           .group:00000000 wm4.ADCGROUP001.h.64.1a67eefa54ffa3e3b9429093742c873c
                           .group:00000000 wm4.IO001.h.49.4efcabb368feaef60c65bd7504b48505
                           .group:00000000 wm4.ADC001.h.72.a0f6b9479a18584b91fa95e6f862978d

NO UNDEFINED SYMBOLS
