   1              		.syntax unified
   2              		.cpu cortex-m4
   3              		.eabi_attribute 27, 3
   4              		.fpu fpv4-sp-d16
   5              		.eabi_attribute 20, 1
   6              		.eabi_attribute 21, 1
   7              		.eabi_attribute 23, 3
   8              		.eabi_attribute 24, 1
   9              		.eabi_attribute 25, 1
  10              		.eabi_attribute 26, 1
  11              		.eabi_attribute 30, 4
  12              		.eabi_attribute 34, 1
  13              		.eabi_attribute 18, 4
  14              		.thumb
  15              		.file	"NVIC002_Conf.c"
  16              		.global	NVIC002_HandleArray
  17              		.global	NVIC002_Handle1
  18              		.global	NVIC002_Handle0
  19              		.section	.rodata
  22              	NVIC002_Handle1:
  23 0000 04       		.byte	4
  24 0001 3F       		.byte	63
  25 0002 00       		.byte	0
  26 0003 01       		.byte	1
  29              	NVIC002_Handle0:
  30 0004 05       		.byte	5
  31 0005 3F       		.byte	63
  32 0006 00       		.byte	0
  33 0007 01       		.byte	1
  34              		.data
  35              		.align	2
  38              	NVIC002_HandleArray:
  39 0000 00000000 		.word	NVIC002_Handle0
  40 0004 00000000 		.word	NVIC002_Handle1
  41              		.ident	"GCC: (GNU Tools for ARM Embedded Processors) 4.7.4 20130913 (release) [ARM/embedded-4_7-br
DEFINED SYMBOLS
                            *ABS*:00000000 NVIC002_Conf.c
C:\Users\JMASS_~1\AppData\Local\Temp\cc5oAWyZ.s:38     .data:00000000 NVIC002_HandleArray
C:\Users\JMASS_~1\AppData\Local\Temp\cc5oAWyZ.s:22     .rodata:00000000 NVIC002_Handle1
C:\Users\JMASS_~1\AppData\Local\Temp\cc5oAWyZ.s:29     .rodata:00000004 NVIC002_Handle0
C:\Users\JMASS_~1\AppData\Local\Temp\cc5oAWyZ.s:35     .data:00000000 $d

NO UNDEFINED SYMBOLS
